[0mCMake Deprecation Warning at CMakeLists.txt:1 (cmake_minimum_required):
  Compatibility with CMake < 2.8.12 will be removed from a future version of
  CMake.

  Update the VERSION argument <min> value or use a ...<max> suffix to tell
  CMake that the project does not need compatibility with older versions.

[0m
-- Found ament_cmake: 1.3.11 (/opt/ros/humble/share/ament_cmake/cmake)
-- Override CMake install command with custom implementation using symlinks instead of copying resources
-- cola2_lib version 24.1.1
-- Configuring done
-- Generating done
-- Build files have been written to: /home/adel/ros2_ws/build/cola2_lib
[35m[1mConsolidate compiler generated dependencies of target cola2_wmmc[0m
[35m[1mConsolidate compiler generated dependencies of target cola2_comms[0m
[35m[1mConsolidate compiler generated dependencies of target cola2_mission[0m
[35m[1mConsolidate compiler generated dependencies of target cola2_utils[0m
[35m[1mConsolidate compiler generated dependencies of target cola2_io[0m
[ 10%] Built target cola2_wmmc
[ 20%] Built target cola2_comms
[ 48%] Built target cola2_mission
[35m[1mConsolidate compiler generated dependencies of target cola2_wmm[0m
[ 55%] Built target cola2_wmm
[ 82%] Built target cola2_utils
[100%] Built target cola2_io
-- Install configuration: ""
-- Execute custom install script
-- Up-to-date symlink: /home/adel/ros2_ws/install/cola2_lib/share/cola2_lib/environment/library_path.sh
-- Up-to-date symlink: /home/adel/ros2_ws/install/cola2_lib/share/cola2_lib/environment/library_path.dsv
-- Up-to-date symlink: /home/adel/ros2_ws/install/cola2_lib/share/ament_index/resource_index/package_run_dependencies/cola2_lib
-- Up-to-date symlink: /home/adel/ros2_ws/install/cola2_lib/share/ament_index/resource_index/parent_prefix_path/cola2_lib
-- Up-to-date symlink: /home/adel/ros2_ws/install/cola2_lib/share/cola2_lib/environment/ament_prefix_path.sh
-- Up-to-date symlink: /home/adel/ros2_ws/install/cola2_lib/share/cola2_lib/environment/ament_prefix_path.dsv
-- Up-to-date symlink: /home/adel/ros2_ws/install/cola2_lib/share/cola2_lib/environment/path.sh
-- Up-to-date symlink: /home/adel/ros2_ws/install/cola2_lib/share/cola2_lib/environment/path.dsv
-- Up-to-date symlink: /home/adel/ros2_ws/install/cola2_lib/share/cola2_lib/local_setup.bash
-- Up-to-date symlink: /home/adel/ros2_ws/install/cola2_lib/share/cola2_lib/local_setup.sh
-- Up-to-date symlink: /home/adel/ros2_ws/install/cola2_lib/share/cola2_lib/local_setup.zsh
-- Up-to-date symlink: /home/adel/ros2_ws/install/cola2_lib/share/cola2_lib/local_setup.dsv
-- Symlinking: /home/adel/ros2_ws/install/cola2_lib/share/cola2_lib/package.dsv
-- Up-to-date symlink: /home/adel/ros2_ws/install/cola2_lib/share/ament_index/resource_index/packages/cola2_lib
-- Up-to-date symlink: /home/adel/ros2_ws/install/cola2_lib/share/cola2_lib/cmake/ament_cmake_export_dependencies-extras.cmake
-- Up-to-date symlink: /home/adel/ros2_ws/install/cola2_lib/share/cola2_lib/cmake/ament_cmake_export_include_directories-extras.cmake
-- Up-to-date symlink: /home/adel/ros2_ws/install/cola2_lib/share/cola2_lib/cmake/ament_cmake_export_libraries-extras.cmake
-- Up-to-date symlink: /home/adel/ros2_ws/install/cola2_lib/share/cola2_lib/cmake/cola2_libConfig.cmake
-- Up-to-date symlink: /home/adel/ros2_ws/install/cola2_lib/share/cola2_lib/cmake/cola2_libConfig-version.cmake
-- Up-to-date symlink: /home/adel/ros2_ws/install/cola2_lib/share/cola2_lib/package.xml
-- Up-to-date: /home/adel/ros2_ws/install/cola2_lib/lib/libcola2_io.so
-- Up-to-date: /home/adel/ros2_ws/install/cola2_lib/include/cola2_lib/io/io_base.h
-- Up-to-date: /home/adel/ros2_ws/install/cola2_lib/include/cola2_lib/io/serial_port.h
-- Up-to-date: /home/adel/ros2_ws/install/cola2_lib/include/cola2_lib/io/tcp_socket.h
-- Up-to-date: /home/adel/ros2_ws/install/cola2_lib/include/cola2_lib/io/udp_socket.h
-- Up-to-date: /home/adel/ros2_ws/install/cola2_lib/include/cola2_lib/io/nmea_parser.h
-- Up-to-date: /home/adel/ros2_ws/install/cola2_lib/lib/libcola2_utils.so
-- Up-to-date: /home/adel/ros2_ws/install/cola2_lib/include/cola2_lib/utils/angles.h
-- Up-to-date: /home/adel/ros2_ws/install/cola2_lib/include/cola2_lib/utils/error_macro.h
-- Up-to-date: /home/adel/ros2_ws/install/cola2_lib/include/cola2_lib/utils/filesystem.h
-- Up-to-date: /home/adel/ros2_ws/install/cola2_lib/include/cola2_lib/utils/ned.h
-- Up-to-date: /home/adel/ros2_ws/install/cola2_lib/include/cola2_lib/utils/pressure.h
-- Up-to-date: /home/adel/ros2_ws/install/cola2_lib/include/cola2_lib/utils/saturate.h
-- Up-to-date: /home/adel/ros2_ws/install/cola2_lib/include/cola2_lib/utils/thread_safe_flag.h
-- Up-to-date: /home/adel/ros2_ws/install/cola2_lib/include/cola2_lib/utils/thread_pool.h
-- Up-to-date: /home/adel/ros2_ws/install/cola2_lib/include/cola2_lib/utils/tdm.h
-- Up-to-date: /home/adel/ros2_ws/install/cola2_lib/lib/libcola2_mission.so
-- Up-to-date: /home/adel/ros2_ws/install/cola2_lib/include/cola2_lib/mission/mission.h
-- Up-to-date: /home/adel/ros2_ws/install/cola2_lib/include/cola2_lib/mission/mission_step.h
-- Up-to-date: /home/adel/ros2_ws/install/cola2_lib/include/cola2_lib/mission/mission_action.h
-- Up-to-date: /home/adel/ros2_ws/install/cola2_lib/include/cola2_lib/mission/mission_maneuver.h
-- Up-to-date: /home/adel/ros2_ws/install/cola2_lib/include/cola2_lib/mission/mission_goto.h
-- Up-to-date: /home/adel/ros2_ws/install/cola2_lib/include/cola2_lib/mission/mission_section.h
-- Up-to-date: /home/adel/ros2_ws/install/cola2_lib/include/cola2_lib/mission/mission_park.h
-- Up-to-date: /home/adel/ros2_ws/install/cola2_lib/lib/libcola2_comms.so
-- Up-to-date: /home/adel/ros2_ws/install/cola2_lib/include/cola2_lib/comms/altitude.h
-- Up-to-date: /home/adel/ros2_ws/install/cola2_lib/include/cola2_lib/comms/elapsed_time.h
-- Up-to-date: /home/adel/ros2_ws/install/cola2_lib/lib/libcola2_wmmc.so
-- Up-to-date: /home/adel/ros2_ws/install/cola2_lib/include/cola2_lib/wmmc/GeomagnetismHeader.h
-- Up-to-date: /home/adel/ros2_ws/install/cola2_lib/include/cola2_lib/wmmc/wmm.h
-- Up-to-date: /home/adel/ros2_ws/install/cola2_lib/lib/libcola2_wmm.so
-- Up-to-date: /home/adel/ros2_ws/install/cola2_lib/include/cola2_lib/wmm/wmm.h
Defaulting to user installation because normal site-packages is not writeable
Processing /home/adel/ros2_ws/build/cola2_lib
  Preparing metadata (setup.py): started
  Preparing metadata (setup.py): finished with status 'done'
Building wheels for collected packages: cola2
  Building wheel for cola2 (setup.py): started
  Building wheel for cola2 (setup.py): finished with status 'done'
  Created wheel for cola2: filename=cola2-24.1.1-py3-none-any.whl size=22740 sha256=fa695c582c8459e379dbfda7d95edac3ba35d3e0cc0a6c541bc032653b1a92c7
  Stored in directory: /tmp/pip-ephem-wheel-cache-p26w3yxm/wheels/13/02/a6/8f17ec4afeeaafea29366a02a355c4ca4f5f8b1ba3cc31f31a
Successfully built cola2
Installing collected packages: cola2
  Attempting uninstall: cola2
    Found existing installation: cola2 24.1.1
    Uninstalling cola2-24.1.1:
      Successfully uninstalled cola2-24.1.1
Successfully installed cola2-24.1.1
-- Up-to-date: /home/adel/ros2_ws/install/cola2_lib/share/cola2_lib/COLA2_LIBConfig.cmake
-- Up-to-date: /home/adel/ros2_ws/install/cola2_lib/share/cola2_lib/COLA2_LIBConfigVersion.cmake
-- Up-to-date: /home/adel/ros2_ws/install/cola2_lib/share/cola2_lib/COLA2_LIBDependencies.cmake
-- Up-to-date: /home/adel/ros2_ws/install/cola2_lib/share/cola2_lib/FindTinyXML.cmake
-- Up-to-date: /home/adel/ros2_ws/install/cola2_lib/share/cola2_lib/data/WMM.COF
-- Up-to-date: /home/adel/ros2_ws/install/cola2_lib/share/cola2_lib/COLA2_LIBTargets.cmake
-- Up-to-date: /home/adel/ros2_ws/install/cola2_lib/share/cola2_lib/COLA2_LIBTargets-noconfig.cmake
-- Up-to-date: /home/adel/ros2_ws/install/cola2_lib/include
-- Up-to-date: /home/adel/ros2_ws/install/cola2_lib/include/cola2_lib
-- Up-to-date: /home/adel/ros2_ws/install/cola2_lib/include/cola2_lib/comms
-- Up-to-date: /home/adel/ros2_ws/install/cola2_lib/include/cola2_lib/comms/altitude.h
-- Up-to-date: /home/adel/ros2_ws/install/cola2_lib/include/cola2_lib/comms/elapsed_time.h
-- Up-to-date: /home/adel/ros2_ws/install/cola2_lib/include/cola2_lib/utils
-- Up-to-date: /home/adel/ros2_ws/install/cola2_lib/include/cola2_lib/utils/tdm.h
-- Up-to-date: /home/adel/ros2_ws/install/cola2_lib/include/cola2_lib/utils/saturate.h
-- Up-to-date: /home/adel/ros2_ws/install/cola2_lib/include/cola2_lib/utils/error_macro.h
-- Up-to-date: /home/adel/ros2_ws/install/cola2_lib/include/cola2_lib/utils/ned.h
-- Up-to-date: /home/adel/ros2_ws/install/cola2_lib/include/cola2_lib/utils/angles.h
-- Up-to-date: /home/adel/ros2_ws/install/cola2_lib/include/cola2_lib/utils/thread_safe_flag.h
-- Up-to-date: /home/adel/ros2_ws/install/cola2_lib/include/cola2_lib/utils/thread_pool.h
-- Up-to-date: /home/adel/ros2_ws/install/cola2_lib/include/cola2_lib/utils/filesystem.h
-- Up-to-date: /home/adel/ros2_ws/install/cola2_lib/include/cola2_lib/utils/pressure.h
-- Up-to-date: /home/adel/ros2_ws/install/cola2_lib/include/cola2_lib/wmm
-- Up-to-date: /home/adel/ros2_ws/install/cola2_lib/include/cola2_lib/wmm/wmm.h
-- Up-to-date: /home/adel/ros2_ws/install/cola2_lib/include/cola2_lib/wmmc
-- Up-to-date: /home/adel/ros2_ws/install/cola2_lib/include/cola2_lib/wmmc/GeomagnetismHeader.h
-- Up-to-date: /home/adel/ros2_ws/install/cola2_lib/include/cola2_lib/wmmc/wmm.h
-- Up-to-date: /home/adel/ros2_ws/install/cola2_lib/include/cola2_lib/io
-- Up-to-date: /home/adel/ros2_ws/install/cola2_lib/include/cola2_lib/io/nmea_parser.h
-- Up-to-date: /home/adel/ros2_ws/install/cola2_lib/include/cola2_lib/io/tcp_socket.h
-- Up-to-date: /home/adel/ros2_ws/install/cola2_lib/include/cola2_lib/io/serial_port.h
-- Up-to-date: /home/adel/ros2_ws/install/cola2_lib/include/cola2_lib/io/udp_socket.h
-- Up-to-date: /home/adel/ros2_ws/install/cola2_lib/include/cola2_lib/io/io_base.h
-- Up-to-date: /home/adel/ros2_ws/install/cola2_lib/include/cola2_lib/mission
-- Up-to-date: /home/adel/ros2_ws/install/cola2_lib/include/cola2_lib/mission/mission_goto.h
-- Up-to-date: /home/adel/ros2_ws/install/cola2_lib/include/cola2_lib/mission/mission.h
-- Up-to-date: /home/adel/ros2_ws/install/cola2_lib/include/cola2_lib/mission/mission_section.h
-- Up-to-date: /home/adel/ros2_ws/install/cola2_lib/include/cola2_lib/mission/mission_step.h
-- Up-to-date: /home/adel/ros2_ws/install/cola2_lib/include/cola2_lib/mission/mission_maneuver.h
-- Up-to-date: /home/adel/ros2_ws/install/cola2_lib/include/cola2_lib/mission/mission_park.h
-- Up-to-date: /home/adel/ros2_ws/install/cola2_lib/include/cola2_lib/mission/mission_action.h
-- Up-to-date: /home/adel/ros2_ws/install/cola2_lib/share/cola2_lib/cmake
-- Up-to-date: /home/adel/ros2_ws/install/cola2_lib/share/cola2_lib/cmake/COLA2_LIBDependencies.cmake
-- Up-to-date: /home/adel/ros2_ws/install/cola2_lib/share/cola2_lib/cmake/FindTinyXML.cmake
