[0.009s] Invoking command in '/home/adel/ros2_ws/build/cola2_lib': CMAKE_PREFIX_PATH=${CMAKE_PREFIX_PATH}:/opt/ros/humble /usr/bin/cmake /home/adel/ros2_ws/src/cola2_lib -DAMENT_CMAKE_SYMLINK_INSTALL=1 -DCMAKE_INSTALL_PREFIX=/home/adel/ros2_ws/install/cola2_lib
[0.016s] [0mCMake Deprecation Warning at CMakeLists.txt:1 (cmake_minimum_required):
[0.016s]   Compatibility with CMake < 2.8.12 will be removed from a future version of
[0.016s]   CMake.
[0.016s] 
[0.016s]   Update the VERSION argument <min> value or use a ...<max> suffix to tell
[0.016s]   CMake that the project does not need compatibility with older versions.
[0.016s] 
[0.016s] [0m
[0.057s] -- The C compiler identification is GNU 11.4.0
[0.101s] -- The CXX compiler identification is GNU 11.4.0
[0.106s] -- Detecting C compiler ABI info
[0.154s] -- Detecting C compiler ABI info - done
[0.161s] -- Check for working C compiler: /usr/bin/cc - skipped
[0.161s] -- Detecting C compile features
[0.161s] -- Detecting C compile features - done
[0.163s] -- Detecting CXX compiler ABI info
[0.216s] -- Detecting CXX compiler ABI info - done
[0.222s] -- Check for working CXX compiler: /usr/bin/c++ - skipped
[0.222s] -- Detecting CXX compile features
[0.222s] -- Detecting CXX compile features - done
[0.223s] -- Found ament_cmake: 1.3.11 (/opt/ros/humble/share/ament_cmake/cmake)
[0.326s] -- Found Python3: /usr/bin/python3 (found version "3.10.12") found components: Interpreter 
[0.371s] -- Override CMake install command with custom implementation using symlinks instead of copying resources
[0.384s] -- cola2_lib version 24.1.1
[0.509s] -- Found Boost: /usr/lib/x86_64-linux-gnu/cmake/Boost-1.74.0/BoostConfig.cmake (found version "1.74.0") found components: thread date_time filesystem 
[0.517s] -- Found TinyXML: /usr/lib/x86_64-linux-gnu/libtinyxml.so  
[0.566s] -- Configuring done
[0.574s] -- Generating done
[0.577s] -- Build files have been written to: /home/adel/ros2_ws/build/cola2_lib
[0.581s] Invoked command in '/home/adel/ros2_ws/build/cola2_lib' returned '0': CMAKE_PREFIX_PATH=${CMAKE_PREFIX_PATH}:/opt/ros/humble /usr/bin/cmake /home/adel/ros2_ws/src/cola2_lib -DAMENT_CMAKE_SYMLINK_INSTALL=1 -DCMAKE_INSTALL_PREFIX=/home/adel/ros2_ws/install/cola2_lib
[0.582s] Invoking command in '/home/adel/ros2_ws/build/cola2_lib': CMAKE_PREFIX_PATH=${CMAKE_PREFIX_PATH}:/opt/ros/humble /usr/bin/cmake --build /home/adel/ros2_ws/build/cola2_lib -- -j12 -l12
[0.622s] [  3%] [32mBuilding C object CMakeFiles/cola2_wmmc.dir/src/cola2_lib/wmmc/GeomagnetismLibrary.c.o[0m
[0.622s] [  6%] [32mBuilding CXX object CMakeFiles/cola2_mission.dir/src/cola2_lib/mission/mission_step.cpp.o[0m
[0.622s] [ 10%] [32mBuilding CXX object CMakeFiles/cola2_mission.dir/src/cola2_lib/mission/mission.cpp.o[0m
[0.622s] [ 13%] [32mBuilding CXX object CMakeFiles/cola2_mission.dir/src/cola2_lib/mission/mission_maneuver.cpp.o[0m
[0.622s] [ 17%] [32mBuilding CXX object CMakeFiles/cola2_mission.dir/src/cola2_lib/mission/mission_goto.cpp.o[0m
[0.622s] [ 20%] [32mBuilding C object CMakeFiles/cola2_wmmc.dir/src/cola2_lib/wmmc/wmm.c.o[0m
[0.624s] [ 24%] [32mBuilding CXX object CMakeFiles/cola2_mission.dir/src/cola2_lib/mission/mission_action.cpp.o[0m
[0.624s] [ 27%] [32mBuilding CXX object CMakeFiles/cola2_mission.dir/src/cola2_lib/mission/mission_section.cpp.o[0m
[0.624s] [ 31%] [32mBuilding CXX object CMakeFiles/cola2_io.dir/src/cola2_lib/io/io_base.cpp.o[0m
[0.625s] [ 34%] [32mBuilding CXX object CMakeFiles/cola2_mission.dir/src/cola2_lib/mission/mission_park.cpp.o[0m
[0.627s] [ 37%] [32mBuilding C object CMakeFiles/cola2_comms.dir/src/cola2_lib/comms/altitude.c.o[0m
[0.627s] [ 41%] [32mBuilding CXX object CMakeFiles/cola2_utils.dir/src/cola2_lib/utils/angles.cpp.o[0m
[0.669s] [ 44%] [32mBuilding CXX object CMakeFiles/cola2_io.dir/src/cola2_lib/io/serial_port.cpp.o[0m
[0.673s] [ 48%] [32mBuilding CXX object CMakeFiles/cola2_io.dir/src/cola2_lib/io/tcp_socket.cpp.o[0m
[0.674s] [ 51%] [32mBuilding C object CMakeFiles/cola2_comms.dir/src/cola2_lib/comms/elapsed_time.c.o[0m
[0.680s] [ 55%] [32mBuilding CXX object CMakeFiles/cola2_utils.dir/src/cola2_lib/utils/ned.cpp.o[0m
[0.684s] [ 58%] [32mBuilding CXX object CMakeFiles/cola2_utils.dir/src/cola2_lib/utils/filesystem.cpp.o[0m
[0.684s] [ 62%] [32mBuilding CXX object CMakeFiles/cola2_io.dir/src/cola2_lib/io/nmea_parser.cpp.o[0m
[0.734s] [ 65%] [32m[1mLinking C shared library libcola2_comms.so[0m
[0.805s] [ 65%] Built target cola2_comms
[0.828s] [ 68%] [32mBuilding CXX object CMakeFiles/cola2_utils.dir/src/cola2_lib/utils/pressure.cpp.o[0m
[0.908s] [ 72%] [32mBuilding CXX object CMakeFiles/cola2_utils.dir/src/cola2_lib/utils/saturate.cpp.o[0m
[0.969s] [ 75%] [32mBuilding CXX object CMakeFiles/cola2_utils.dir/src/cola2_lib/utils/thread_safe_flag.cpp.o[0m
[0.984s] [ 79%] [32mBuilding CXX object CMakeFiles/cola2_utils.dir/src/cola2_lib/utils/tdm.cpp.o[0m
[0.984s] [ 82%] [32m[1mLinking C shared library libcola2_wmmc.so[0m
[1.041s] [ 82%] Built target cola2_wmmc
[1.067s] [ 86%] [32mBuilding CXX object CMakeFiles/cola2_wmm.dir/src/cola2_lib/wmm/wmm.cpp.o[0m
[1.280s] [ 89%] [32m[1mLinking CXX shared library libcola2_wmm.so[0m
[1.416s] [ 89%] Built target cola2_wmm
[2.078s] [ 93%] [32m[1mLinking CXX shared library libcola2_mission.so[0m
[2.203s] [ 93%] Built target cola2_mission
[2.484s] [ 96%] [32m[1mLinking CXX shared library libcola2_utils.so[0m
[2.581s] [ 96%] Built target cola2_utils
[6.092s] [100%] [32m[1mLinking CXX shared library libcola2_io.so[0m
[6.313s] [100%] Built target cola2_io
[6.329s] Invoked command in '/home/adel/ros2_ws/build/cola2_lib' returned '0': CMAKE_PREFIX_PATH=${CMAKE_PREFIX_PATH}:/opt/ros/humble /usr/bin/cmake --build /home/adel/ros2_ws/build/cola2_lib -- -j12 -l12
[6.342s] Invoking command in '/home/adel/ros2_ws/build/cola2_lib': CMAKE_PREFIX_PATH=${CMAKE_PREFIX_PATH}:/opt/ros/humble /usr/bin/cmake --install /home/adel/ros2_ws/build/cola2_lib
[6.355s] -- Install configuration: ""
[6.355s] -- Execute custom install script
[6.356s] -- Symlinking: /home/adel/ros2_ws/install/cola2_lib/share/cola2_lib/environment/library_path.sh
[6.368s] -- Symlinking: /home/adel/ros2_ws/install/cola2_lib/share/cola2_lib/environment/library_path.dsv
[6.384s] -- Symlinking: /home/adel/ros2_ws/install/cola2_lib/share/ament_index/resource_index/package_run_dependencies/cola2_lib
[6.416s] -- Symlinking: /home/adel/ros2_ws/install/cola2_lib/share/ament_index/resource_index/parent_prefix_path/cola2_lib
[6.449s] -- Symlinking: /home/adel/ros2_ws/install/cola2_lib/share/cola2_lib/environment/ament_prefix_path.sh
[6.458s] -- Symlinking: /home/adel/ros2_ws/install/cola2_lib/share/cola2_lib/environment/ament_prefix_path.dsv
[6.469s] -- Symlinking: /home/adel/ros2_ws/install/cola2_lib/share/cola2_lib/environment/path.sh
[6.485s] -- Symlinking: /home/adel/ros2_ws/install/cola2_lib/share/cola2_lib/environment/path.dsv
[6.502s] -- Symlinking: /home/adel/ros2_ws/install/cola2_lib/share/cola2_lib/local_setup.bash
[6.529s] -- Symlinking: /home/adel/ros2_ws/install/cola2_lib/share/cola2_lib/local_setup.sh
[6.555s] -- Symlinking: /home/adel/ros2_ws/install/cola2_lib/share/cola2_lib/local_setup.zsh
[6.574s] -- Symlinking: /home/adel/ros2_ws/install/cola2_lib/share/cola2_lib/local_setup.dsv
[6.597s] -- Symlinking: /home/adel/ros2_ws/install/cola2_lib/share/cola2_lib/package.dsv
[6.625s] -- Symlinking: /home/adel/ros2_ws/install/cola2_lib/share/ament_index/resource_index/packages/cola2_lib
[6.640s] -- Symlinking: /home/adel/ros2_ws/install/cola2_lib/share/cola2_lib/cmake/ament_cmake_export_dependencies-extras.cmake
[6.652s] -- Symlinking: /home/adel/ros2_ws/install/cola2_lib/share/cola2_lib/cmake/ament_cmake_export_include_directories-extras.cmake
[6.665s] -- Symlinking: /home/adel/ros2_ws/install/cola2_lib/share/cola2_lib/cmake/ament_cmake_export_libraries-extras.cmake
[6.676s] -- Symlinking: /home/adel/ros2_ws/install/cola2_lib/share/cola2_lib/cmake/cola2_libConfig.cmake
[6.690s] -- Symlinking: /home/adel/ros2_ws/install/cola2_lib/share/cola2_lib/cmake/cola2_libConfig-version.cmake
[6.699s] -- Symlinking: /home/adel/ros2_ws/install/cola2_lib/share/cola2_lib/package.xml
[6.713s] -- Installing: /home/adel/ros2_ws/install/cola2_lib/lib/libcola2_io.so
[6.713s] -- Set runtime path of "/home/adel/ros2_ws/install/cola2_lib/lib/libcola2_io.so" to "/home/adel/ros2_ws/install/cola2_lib/lib"
[6.713s] -- Installing: /home/adel/ros2_ws/install/cola2_lib/include/cola2_lib/io/io_base.h
[6.714s] -- Installing: /home/adel/ros2_ws/install/cola2_lib/include/cola2_lib/io/serial_port.h
[6.714s] -- Installing: /home/adel/ros2_ws/install/cola2_lib/include/cola2_lib/io/tcp_socket.h
[6.714s] -- Installing: /home/adel/ros2_ws/install/cola2_lib/include/cola2_lib/io/udp_socket.h
[6.714s] -- Installing: /home/adel/ros2_ws/install/cola2_lib/include/cola2_lib/io/nmea_parser.h
[6.716s] -- Installing: /home/adel/ros2_ws/install/cola2_lib/lib/libcola2_utils.so
[6.716s] -- Set runtime path of "/home/adel/ros2_ws/install/cola2_lib/lib/libcola2_utils.so" to "/home/adel/ros2_ws/install/cola2_lib/lib"
[6.716s] -- Installing: /home/adel/ros2_ws/install/cola2_lib/include/cola2_lib/utils/angles.h
[6.717s] -- Installing: /home/adel/ros2_ws/install/cola2_lib/include/cola2_lib/utils/error_macro.h
[6.717s] -- Installing: /home/adel/ros2_ws/install/cola2_lib/include/cola2_lib/utils/filesystem.h
[6.717s] -- Installing: /home/adel/ros2_ws/install/cola2_lib/include/cola2_lib/utils/ned.h
[6.718s] -- Installing: /home/adel/ros2_ws/install/cola2_lib/include/cola2_lib/utils/pressure.h
[6.718s] -- Installing: /home/adel/ros2_ws/install/cola2_lib/include/cola2_lib/utils/saturate.h
[6.718s] -- Installing: /home/adel/ros2_ws/install/cola2_lib/include/cola2_lib/utils/thread_safe_flag.h
[6.718s] -- Installing: /home/adel/ros2_ws/install/cola2_lib/include/cola2_lib/utils/thread_pool.h
[6.718s] -- Installing: /home/adel/ros2_ws/install/cola2_lib/include/cola2_lib/utils/tdm.h
[6.719s] -- Installing: /home/adel/ros2_ws/install/cola2_lib/lib/libcola2_mission.so
[6.720s] -- Set runtime path of "/home/adel/ros2_ws/install/cola2_lib/lib/libcola2_mission.so" to "/home/adel/ros2_ws/install/cola2_lib/lib"
[6.720s] -- Installing: /home/adel/ros2_ws/install/cola2_lib/include/cola2_lib/mission/mission.h
[6.720s] -- Installing: /home/adel/ros2_ws/install/cola2_lib/include/cola2_lib/mission/mission_step.h
[6.721s] -- Installing: /home/adel/ros2_ws/install/cola2_lib/include/cola2_lib/mission/mission_action.h
[6.721s] -- Installing: /home/adel/ros2_ws/install/cola2_lib/include/cola2_lib/mission/mission_maneuver.h
[6.721s] -- Installing: /home/adel/ros2_ws/install/cola2_lib/include/cola2_lib/mission/mission_goto.h
[6.722s] -- Installing: /home/adel/ros2_ws/install/cola2_lib/include/cola2_lib/mission/mission_section.h
[6.722s] -- Installing: /home/adel/ros2_ws/install/cola2_lib/include/cola2_lib/mission/mission_park.h
[6.722s] -- Installing: /home/adel/ros2_ws/install/cola2_lib/lib/libcola2_comms.so
[6.722s] -- Set runtime path of "/home/adel/ros2_ws/install/cola2_lib/lib/libcola2_comms.so" to "/home/adel/ros2_ws/install/cola2_lib/lib"
[6.723s] -- Installing: /home/adel/ros2_ws/install/cola2_lib/include/cola2_lib/comms/altitude.h
[6.723s] -- Installing: /home/adel/ros2_ws/install/cola2_lib/include/cola2_lib/comms/elapsed_time.h
[6.723s] -- Installing: /home/adel/ros2_ws/install/cola2_lib/lib/libcola2_wmmc.so
[6.724s] -- Set runtime path of "/home/adel/ros2_ws/install/cola2_lib/lib/libcola2_wmmc.so" to "/home/adel/ros2_ws/install/cola2_lib/lib"
[6.724s] -- Installing: /home/adel/ros2_ws/install/cola2_lib/include/cola2_lib/wmmc/GeomagnetismHeader.h
[6.725s] -- Installing: /home/adel/ros2_ws/install/cola2_lib/include/cola2_lib/wmmc/wmm.h
[6.725s] -- Installing: /home/adel/ros2_ws/install/cola2_lib/lib/libcola2_wmm.so
[6.725s] -- Set runtime path of "/home/adel/ros2_ws/install/cola2_lib/lib/libcola2_wmm.so" to "/home/adel/ros2_ws/install/cola2_lib/lib"
[6.727s] -- Installing: /home/adel/ros2_ws/install/cola2_lib/include/cola2_lib/wmm/wmm.h
[7.260s] Defaulting to user installation because normal site-packages is not writeable
[7.768s] Processing /home/adel/ros2_ws/build/cola2_lib
[7.771s]   Preparing metadata (setup.py): started
[8.303s]   Preparing metadata (setup.py): finished with status 'done'
[8.308s] Building wheels for collected packages: cola2
[8.308s]   Building wheel for cola2 (setup.py): started
[9.185s]   Building wheel for cola2 (setup.py): finished with status 'done'
[9.185s]   Created wheel for cola2: filename=cola2-24.1.1-py3-none-any.whl size=22740 sha256=266e61e7bc556c66800c2512e836ecbe9850189dcdf3b2a4cbe87aafc5eae4b6
[9.185s]   Stored in directory: /tmp/pip-ephem-wheel-cache-v2_q2i_k/wheels/13/02/a6/8f17ec4afeeaafea29366a02a355c4ca4f5f8b1ba3cc31f31a
[9.185s] Successfully built cola2
[9.956s] Installing collected packages: cola2
[9.956s]   Attempting uninstall: cola2
[9.957s]     Found existing installation: cola2 24.1.1
[9.969s]     Uninstalling cola2-24.1.1:
[9.970s]       Successfully uninstalled cola2-24.1.1
[10.013s] Successfully installed cola2-24.1.1
[10.289s] -- Installing: /home/adel/ros2_ws/install/cola2_lib/share/cola2_lib/COLA2_LIBConfig.cmake
[10.289s] -- Installing: /home/adel/ros2_ws/install/cola2_lib/share/cola2_lib/COLA2_LIBConfigVersion.cmake
[10.289s] -- Installing: /home/adel/ros2_ws/install/cola2_lib/share/cola2_lib/COLA2_LIBDependencies.cmake
[10.290s] -- Installing: /home/adel/ros2_ws/install/cola2_lib/share/cola2_lib/FindTinyXML.cmake
[10.290s] -- Installing: /home/adel/ros2_ws/install/cola2_lib/share/cola2_lib/data/WMM.COF
[10.293s] -- Installing: /home/adel/ros2_ws/install/cola2_lib/share/cola2_lib/COLA2_LIBTargets.cmake
[10.293s] -- Installing: /home/adel/ros2_ws/install/cola2_lib/share/cola2_lib/COLA2_LIBTargets-noconfig.cmake
[10.293s] -- Up-to-date: /home/adel/ros2_ws/install/cola2_lib/include
[10.293s] -- Up-to-date: /home/adel/ros2_ws/install/cola2_lib/include/cola2_lib
[10.293s] -- Up-to-date: /home/adel/ros2_ws/install/cola2_lib/include/cola2_lib/comms
[10.293s] -- Up-to-date: /home/adel/ros2_ws/install/cola2_lib/include/cola2_lib/comms/altitude.h
[10.294s] -- Up-to-date: /home/adel/ros2_ws/install/cola2_lib/include/cola2_lib/comms/elapsed_time.h
[10.294s] -- Up-to-date: /home/adel/ros2_ws/install/cola2_lib/include/cola2_lib/utils
[10.294s] -- Up-to-date: /home/adel/ros2_ws/install/cola2_lib/include/cola2_lib/utils/tdm.h
[10.294s] -- Up-to-date: /home/adel/ros2_ws/install/cola2_lib/include/cola2_lib/utils/saturate.h
[10.294s] -- Up-to-date: /home/adel/ros2_ws/install/cola2_lib/include/cola2_lib/utils/error_macro.h
[10.294s] -- Up-to-date: /home/adel/ros2_ws/install/cola2_lib/include/cola2_lib/utils/ned.h
[10.294s] -- Up-to-date: /home/adel/ros2_ws/install/cola2_lib/include/cola2_lib/utils/angles.h
[10.294s] -- Up-to-date: /home/adel/ros2_ws/install/cola2_lib/include/cola2_lib/utils/thread_safe_flag.h
[10.294s] -- Up-to-date: /home/adel/ros2_ws/install/cola2_lib/include/cola2_lib/utils/thread_pool.h
[10.294s] -- Up-to-date: /home/adel/ros2_ws/install/cola2_lib/include/cola2_lib/utils/filesystem.h
[10.294s] -- Up-to-date: /home/adel/ros2_ws/install/cola2_lib/include/cola2_lib/utils/pressure.h
[10.295s] -- Up-to-date: /home/adel/ros2_ws/install/cola2_lib/include/cola2_lib/wmm
[10.295s] -- Up-to-date: /home/adel/ros2_ws/install/cola2_lib/include/cola2_lib/wmm/wmm.h
[10.295s] -- Up-to-date: /home/adel/ros2_ws/install/cola2_lib/include/cola2_lib/wmmc
[10.295s] -- Up-to-date: /home/adel/ros2_ws/install/cola2_lib/include/cola2_lib/wmmc/GeomagnetismHeader.h
[10.295s] -- Up-to-date: /home/adel/ros2_ws/install/cola2_lib/include/cola2_lib/wmmc/wmm.h
[10.295s] -- Up-to-date: /home/adel/ros2_ws/install/cola2_lib/include/cola2_lib/io
[10.295s] -- Up-to-date: /home/adel/ros2_ws/install/cola2_lib/include/cola2_lib/io/nmea_parser.h
[10.295s] -- Up-to-date: /home/adel/ros2_ws/install/cola2_lib/include/cola2_lib/io/tcp_socket.h
[10.295s] -- Up-to-date: /home/adel/ros2_ws/install/cola2_lib/include/cola2_lib/io/serial_port.h
[10.295s] -- Up-to-date: /home/adel/ros2_ws/install/cola2_lib/include/cola2_lib/io/udp_socket.h
[10.295s] -- Up-to-date: /home/adel/ros2_ws/install/cola2_lib/include/cola2_lib/io/io_base.h
[10.296s] -- Up-to-date: /home/adel/ros2_ws/install/cola2_lib/include/cola2_lib/mission
[10.296s] -- Up-to-date: /home/adel/ros2_ws/install/cola2_lib/include/cola2_lib/mission/mission_goto.h
[10.296s] -- Up-to-date: /home/adel/ros2_ws/install/cola2_lib/include/cola2_lib/mission/mission.h
[10.296s] -- Up-to-date: /home/adel/ros2_ws/install/cola2_lib/include/cola2_lib/mission/mission_section.h
[10.296s] -- Up-to-date: /home/adel/ros2_ws/install/cola2_lib/include/cola2_lib/mission/mission_step.h
[10.296s] -- Up-to-date: /home/adel/ros2_ws/install/cola2_lib/include/cola2_lib/mission/mission_maneuver.h
[10.296s] -- Up-to-date: /home/adel/ros2_ws/install/cola2_lib/include/cola2_lib/mission/mission_park.h
[10.296s] -- Up-to-date: /home/adel/ros2_ws/install/cola2_lib/include/cola2_lib/mission/mission_action.h
[10.296s] -- Up-to-date: /home/adel/ros2_ws/install/cola2_lib/share/cola2_lib/cmake
[10.296s] -- Installing: /home/adel/ros2_ws/install/cola2_lib/share/cola2_lib/cmake/COLA2_LIBDependencies.cmake
[10.296s] -- Installing: /home/adel/ros2_ws/install/cola2_lib/share/cola2_lib/cmake/FindTinyXML.cmake
[10.305s] Invoked command in '/home/adel/ros2_ws/build/cola2_lib' returned '0': CMAKE_PREFIX_PATH=${CMAKE_PREFIX_PATH}:/opt/ros/humble /usr/bin/cmake --install /home/adel/ros2_ws/build/cola2_lib
