-- The C compiler identification is GNU 11.4.0
-- The CXX compiler identification is GNU 11.4.0
-- Detecting C compiler ABI info
-- Detecting C compiler ABI info - done
-- Check for working C compiler: /usr/bin/cc - skipped
-- Detecting C compile features
-- Detecting C compile features - done
-- Detecting CXX compiler ABI info
-- Detecting CXX compiler ABI info - done
-- Check for working CXX compiler: /usr/bin/c++ - skipped
-- Detecting CXX compile features
-- Detecting CXX compile features - done
-- Found ament_cmake: 1.3.11 (/opt/ros/humble/share/ament_cmake/cmake)
-- Found Python3: /usr/bin/python3 (found version "3.10.12") found components: Interpreter 
-- Override CMake install command with custom implementation using symlinks instead of copying resources
-- Found rclcpp: 16.0.11 (/opt/ros/humble/share/rclcpp/cmake)
-- Found rosidl_generator_c: 3.1.6 (/opt/ros/humble/share/rosidl_generator_c/cmake)
-- Found rosidl_adapter: 3.1.6 (/opt/ros/humble/share/rosidl_adapter/cmake)
-- Found rosidl_generator_cpp: 3.1.6 (/opt/ros/humble/share/rosidl_generator_cpp/cmake)
-- Using all available rosidl_typesupport_c: rosidl_typesupport_fastrtps_c;rosidl_typesupport_introspection_c
-- Using all available rosidl_typesupport_cpp: rosidl_typesupport_fastrtps_cpp;rosidl_typesupport_introspection_cpp
-- Found rmw_implementation_cmake: 6.1.2 (/opt/ros/humble/share/rmw_implementation_cmake/cmake)
-- Found rmw_fastrtps_cpp: 6.2.7 (/opt/ros/humble/share/rmw_fastrtps_cpp/cmake)
-- Found OpenSSL: /usr/lib/x86_64-linux-gnu/libcrypto.so (found version "3.0.2")  
-- Found FastRTPS: /opt/ros/humble/include  
-- Using RMW implementation 'rmw_fastrtps_cpp' as default
-- Looking for pthread.h
-- Looking for pthread.h - found
-- Performing Test CMAKE_HAVE_LIBC_PTHREAD
-- Performing Test CMAKE_HAVE_LIBC_PTHREAD - Success
-- Found Threads: TRUE  
-- Found cola2_msgs: 24.1.0 (/home/adel/ros2_ws/install/cola2_msgs/share/cola2_msgs/cmake)
-- Found stonefish_ros2: 1.3.0 (/home/adel/ros2_ws/install/stonefish_ros2/share/stonefish_ros2/cmake)
-- Configuring done
-- Generating done
-- Build files have been written to: /home/adel/ros2_ws/build/minigirona_stonefish
[ 50%] [32mBuilding CXX object CMakeFiles/minigirona_stonefish_node.dir/src/minigirona_stonefish_node.cpp.o[0m
[100%] [32m[1mLinking CXX executable minigirona_stonefish_node[0m
[100%] Built target minigirona_stonefish_node
-- Install configuration: ""
-- Execute custom install script
-- Symlinking: /home/adel/ros2_ws/install/minigirona_stonefish/lib/minigirona_stonefish/minigirona_stonefish_node
-- Symlinking: /home/adel/ros2_ws/install/minigirona_stonefish/share/minigirona_stonefish/data/minigirona/Phy_Cylinder_Bottom.obj
-- Symlinking: /home/adel/ros2_ws/install/minigirona_stonefish/share/minigirona_stonefish/data/minigirona/lower_map.png
-- Symlinking: /home/adel/ros2_ws/install/minigirona_stonefish/share/minigirona_stonefish/data/minigirona/phy_bosch200.obj
-- Symlinking: /home/adel/ros2_ws/install/minigirona_stonefish/share/minigirona_stonefish/data/minigirona/phy_bosch350.obj
-- Symlinking: /home/adel/ros2_ws/install/minigirona_stonefish/share/minigirona_stonefish/data/minigirona/phy_cylinder_upper.obj
-- Symlinking: /home/adel/ros2_ws/install/minigirona_stonefish/share/minigirona_stonefish/data/minigirona/phy_thruster.obj
-- Symlinking: /home/adel/ros2_ws/install/minigirona_stonefish/share/minigirona_stonefish/data/minigirona/propeller.mtl
-- Symlinking: /home/adel/ros2_ws/install/minigirona_stonefish/share/minigirona_stonefish/data/minigirona/propeller.obj
-- Symlinking: /home/adel/ros2_ws/install/minigirona_stonefish/share/minigirona_stonefish/data/minigirona/upper_left.png
-- Symlinking: /home/adel/ros2_ws/install/minigirona_stonefish/share/minigirona_stonefish/data/minigirona/upper_right.png
-- Symlinking: /home/adel/ros2_ws/install/minigirona_stonefish/share/minigirona_stonefish/data/minigirona/vis_bosch200.obj
-- Symlinking: /home/adel/ros2_ws/install/minigirona_stonefish/share/minigirona_stonefish/data/minigirona/vis_bosch350.obj
-- Symlinking: /home/adel/ros2_ws/install/minigirona_stonefish/share/minigirona_stonefish/data/minigirona/vis_cylinder_bottom.obj
-- Symlinking: /home/adel/ros2_ws/install/minigirona_stonefish/share/minigirona_stonefish/data/minigirona/vis_cylinder_ul.obj
-- Symlinking: /home/adel/ros2_ws/install/minigirona_stonefish/share/minigirona_stonefish/data/minigirona/vis_cylinder_ur.obj
-- Symlinking: /home/adel/ros2_ws/install/minigirona_stonefish/share/minigirona_stonefish/data/minigirona/vis_thruster.mtl
-- Symlinking: /home/adel/ros2_ws/install/minigirona_stonefish/share/minigirona_stonefish/data/minigirona/vis_thruster.obj
-- Symlinking: /home/adel/ros2_ws/install/minigirona_stonefish/share/minigirona_stonefish/data/pool/cirs_tank.obj
-- Symlinking: /home/adel/ros2_ws/install/minigirona_stonefish/share/minigirona_stonefish/launch/minigirona_simulation.launch.py
-- Symlinking: /home/adel/ros2_ws/install/minigirona_stonefish/share/minigirona_stonefish/scenarios/minigirona.scn
-- Symlinking: /home/adel/ros2_ws/install/minigirona_stonefish/share/minigirona_stonefish/scenarios/minigirona_tank.scn
-- Symlinking: /home/adel/ros2_ws/install/minigirona_stonefish/share/ament_index/resource_index/package_run_dependencies/minigirona_stonefish
-- Symlinking: /home/adel/ros2_ws/install/minigirona_stonefish/share/ament_index/resource_index/parent_prefix_path/minigirona_stonefish
-- Symlinking: /home/adel/ros2_ws/install/minigirona_stonefish/share/minigirona_stonefish/environment/ament_prefix_path.sh
-- Symlinking: /home/adel/ros2_ws/install/minigirona_stonefish/share/minigirona_stonefish/environment/ament_prefix_path.dsv
-- Symlinking: /home/adel/ros2_ws/install/minigirona_stonefish/share/minigirona_stonefish/environment/path.sh
-- Symlinking: /home/adel/ros2_ws/install/minigirona_stonefish/share/minigirona_stonefish/environment/path.dsv
-- Symlinking: /home/adel/ros2_ws/install/minigirona_stonefish/share/minigirona_stonefish/local_setup.bash
-- Symlinking: /home/adel/ros2_ws/install/minigirona_stonefish/share/minigirona_stonefish/local_setup.sh
-- Symlinking: /home/adel/ros2_ws/install/minigirona_stonefish/share/minigirona_stonefish/local_setup.zsh
-- Symlinking: /home/adel/ros2_ws/install/minigirona_stonefish/share/minigirona_stonefish/local_setup.dsv
-- Symlinking: /home/adel/ros2_ws/install/minigirona_stonefish/share/minigirona_stonefish/package.dsv
-- Symlinking: /home/adel/ros2_ws/install/minigirona_stonefish/share/ament_index/resource_index/packages/minigirona_stonefish
-- Symlinking: /home/adel/ros2_ws/install/minigirona_stonefish/share/minigirona_stonefish/cmake/minigirona_stonefishConfig.cmake
-- Symlinking: /home/adel/ros2_ws/install/minigirona_stonefish/share/minigirona_stonefish/cmake/minigirona_stonefishConfig-version.cmake
-- Symlinking: /home/adel/ros2_ws/install/minigirona_stonefish/share/minigirona_stonefish/package.xml
