[0.015s] Invoking command in '/home/adel/ros2_ws/build/minigirona_stonefish': AMENT_PREFIX_PATH=/home/adel/ros2_ws/install/cola2_minigirona:/home/adel/ros2_ws/install/minigirona_description:/home/adel/ros2_ws/install/cola2_control:/home/adel/ros2_ws/install/cola2_lib_ros:/home/adel/ros2_ws/install/cola2_lib:${AMENT_PREFIX_PATH} CMAKE_MODULE_PATH=${CMAKE_MODULE_PATH}/cmake:/home/adel/ros2_ws/install/cola2_lib/share/cola2_lib CMAKE_PREFIX_PATH=/home/adel/ros2_ws/install/cola2_minigirona:/home/adel/ros2_ws/install/minigirona_description:/home/adel/ros2_ws/install/cola2_control:/home/adel/ros2_ws/install/cola2_lib_ros:/home/adel/ros2_ws/install/stonefish_ros2:/home/adel/ros2_ws/install/cola2_msgs:/home/adel/ros2_ws/install/cola2_lib:/opt/ros/humble LD_LIBRARY_PATH=/home/adel/ros2_ws/install/cola2_lib_ros/lib:/home/adel/ros2_ws/install/stonefish_ros2/lib:/home/adel/ros2_ws/install/cola2_msgs/lib:/home/adel/ros2_ws/install/cola2_lib/lib:/opt/ros/humble/opt/rviz_ogre_vendor/lib:/opt/ros/humble/lib/x86_64-linux-gnu:/opt/ros/humble/lib PYTHONPATH=/home/adel/ros2_ws/install/cola2_control/local/lib/python3.10/dist-packages:${PYTHONPATH} /usr/bin/cmake /home/adel/ros2_ws/src/minigirona_stonefish -DAMENT_CMAKE_SYMLINK_INSTALL=1 -DCMAKE_INSTALL_PREFIX=/home/adel/ros2_ws/install/minigirona_stonefish
[0.059s] -- The C compiler identification is GNU 11.4.0
[0.102s] -- The CXX compiler identification is GNU 11.4.0
[0.107s] -- Detecting C compiler ABI info
[0.168s] -- Detecting C compiler ABI info - done
[0.175s] -- Check for working C compiler: /usr/bin/cc - skipped
[0.175s] -- Detecting C compile features
[0.175s] -- Detecting C compile features - done
[0.177s] -- Detecting CXX compiler ABI info
[0.242s] -- Detecting CXX compiler ABI info - done
[0.246s] -- Check for working CXX compiler: /usr/bin/c++ - skipped
[0.246s] -- Detecting CXX compile features
[0.247s] -- Detecting CXX compile features - done
[0.248s] -- Found ament_cmake: 1.3.11 (/opt/ros/humble/share/ament_cmake/cmake)
[0.368s] -- Found Python3: /usr/bin/python3 (found version "3.10.12") found components: Interpreter 
[0.409s] -- Override CMake install command with custom implementation using symlinks instead of copying resources
[0.427s] -- Found rclcpp: 16.0.11 (/opt/ros/humble/share/rclcpp/cmake)
[0.457s] -- Found rosidl_generator_c: 3.1.6 (/opt/ros/humble/share/rosidl_generator_c/cmake)
[0.460s] -- Found rosidl_adapter: 3.1.6 (/opt/ros/humble/share/rosidl_adapter/cmake)
[0.465s] -- Found rosidl_generator_cpp: 3.1.6 (/opt/ros/humble/share/rosidl_generator_cpp/cmake)
[0.472s] -- Using all available rosidl_typesupport_c: rosidl_typesupport_fastrtps_c;rosidl_typesupport_introspection_c
[0.482s] -- Using all available rosidl_typesupport_cpp: rosidl_typesupport_fastrtps_cpp;rosidl_typesupport_introspection_cpp
[0.510s] -- Found rmw_implementation_cmake: 6.1.2 (/opt/ros/humble/share/rmw_implementation_cmake/cmake)
[0.511s] -- Found rmw_fastrtps_cpp: 6.2.7 (/opt/ros/humble/share/rmw_fastrtps_cpp/cmake)
[0.590s] -- Found OpenSSL: /usr/lib/x86_64-linux-gnu/libcrypto.so (found version "3.0.2")  
[0.609s] -- Found FastRTPS: /opt/ros/humble/include  
[0.641s] -- Using RMW implementation 'rmw_fastrtps_cpp' as default
[0.646s] -- Looking for pthread.h
[0.702s] -- Looking for pthread.h - found
[0.702s] -- Performing Test CMAKE_HAVE_LIBC_PTHREAD
[0.770s] -- Performing Test CMAKE_HAVE_LIBC_PTHREAD - Success
[0.771s] -- Found Threads: TRUE  
[0.801s] -- Found cola2_msgs: 24.1.0 (/home/adel/ros2_ws/install/cola2_msgs/share/cola2_msgs/cmake)
[0.864s] -- Found stonefish_ros2: 1.3.0 (/home/adel/ros2_ws/install/stonefish_ros2/share/stonefish_ros2/cmake)
[0.923s] -- Configuring done
[0.930s] -- Generating done
[0.933s] -- Build files have been written to: /home/adel/ros2_ws/build/minigirona_stonefish
[0.940s] Invoked command in '/home/adel/ros2_ws/build/minigirona_stonefish' returned '0': AMENT_PREFIX_PATH=/home/adel/ros2_ws/install/cola2_minigirona:/home/adel/ros2_ws/install/minigirona_description:/home/adel/ros2_ws/install/cola2_control:/home/adel/ros2_ws/install/cola2_lib_ros:/home/adel/ros2_ws/install/cola2_lib:${AMENT_PREFIX_PATH} CMAKE_MODULE_PATH=${CMAKE_MODULE_PATH}/cmake:/home/adel/ros2_ws/install/cola2_lib/share/cola2_lib CMAKE_PREFIX_PATH=/home/adel/ros2_ws/install/cola2_minigirona:/home/adel/ros2_ws/install/minigirona_description:/home/adel/ros2_ws/install/cola2_control:/home/adel/ros2_ws/install/cola2_lib_ros:/home/adel/ros2_ws/install/stonefish_ros2:/home/adel/ros2_ws/install/cola2_msgs:/home/adel/ros2_ws/install/cola2_lib:/opt/ros/humble LD_LIBRARY_PATH=/home/adel/ros2_ws/install/cola2_lib_ros/lib:/home/adel/ros2_ws/install/stonefish_ros2/lib:/home/adel/ros2_ws/install/cola2_msgs/lib:/home/adel/ros2_ws/install/cola2_lib/lib:/opt/ros/humble/opt/rviz_ogre_vendor/lib:/opt/ros/humble/lib/x86_64-linux-gnu:/opt/ros/humble/lib PYTHONPATH=/home/adel/ros2_ws/install/cola2_control/local/lib/python3.10/dist-packages:${PYTHONPATH} /usr/bin/cmake /home/adel/ros2_ws/src/minigirona_stonefish -DAMENT_CMAKE_SYMLINK_INSTALL=1 -DCMAKE_INSTALL_PREFIX=/home/adel/ros2_ws/install/minigirona_stonefish
[0.941s] Invoking command in '/home/adel/ros2_ws/build/minigirona_stonefish': AMENT_PREFIX_PATH=/home/adel/ros2_ws/install/cola2_minigirona:/home/adel/ros2_ws/install/minigirona_description:/home/adel/ros2_ws/install/cola2_control:/home/adel/ros2_ws/install/cola2_lib_ros:/home/adel/ros2_ws/install/cola2_lib:${AMENT_PREFIX_PATH} CMAKE_MODULE_PATH=${CMAKE_MODULE_PATH}/cmake:/home/adel/ros2_ws/install/cola2_lib/share/cola2_lib CMAKE_PREFIX_PATH=/home/adel/ros2_ws/install/cola2_minigirona:/home/adel/ros2_ws/install/minigirona_description:/home/adel/ros2_ws/install/cola2_control:/home/adel/ros2_ws/install/cola2_lib_ros:/home/adel/ros2_ws/install/stonefish_ros2:/home/adel/ros2_ws/install/cola2_msgs:/home/adel/ros2_ws/install/cola2_lib:/opt/ros/humble LD_LIBRARY_PATH=/home/adel/ros2_ws/install/cola2_lib_ros/lib:/home/adel/ros2_ws/install/stonefish_ros2/lib:/home/adel/ros2_ws/install/cola2_msgs/lib:/home/adel/ros2_ws/install/cola2_lib/lib:/opt/ros/humble/opt/rviz_ogre_vendor/lib:/opt/ros/humble/lib/x86_64-linux-gnu:/opt/ros/humble/lib PYTHONPATH=/home/adel/ros2_ws/install/cola2_control/local/lib/python3.10/dist-packages:${PYTHONPATH} /usr/bin/cmake --build /home/adel/ros2_ws/build/minigirona_stonefish -- -j12 -l12
[0.982s] [ 50%] [32mBuilding CXX object CMakeFiles/minigirona_stonefish_node.dir/src/minigirona_stonefish_node.cpp.o[0m
[10.197s] [100%] [32m[1mLinking CXX executable minigirona_stonefish_node[0m
[10.742s] [100%] Built target minigirona_stonefish_node
[10.751s] Invoked command in '/home/adel/ros2_ws/build/minigirona_stonefish' returned '0': AMENT_PREFIX_PATH=/home/adel/ros2_ws/install/cola2_minigirona:/home/adel/ros2_ws/install/minigirona_description:/home/adel/ros2_ws/install/cola2_control:/home/adel/ros2_ws/install/cola2_lib_ros:/home/adel/ros2_ws/install/cola2_lib:${AMENT_PREFIX_PATH} CMAKE_MODULE_PATH=${CMAKE_MODULE_PATH}/cmake:/home/adel/ros2_ws/install/cola2_lib/share/cola2_lib CMAKE_PREFIX_PATH=/home/adel/ros2_ws/install/cola2_minigirona:/home/adel/ros2_ws/install/minigirona_description:/home/adel/ros2_ws/install/cola2_control:/home/adel/ros2_ws/install/cola2_lib_ros:/home/adel/ros2_ws/install/stonefish_ros2:/home/adel/ros2_ws/install/cola2_msgs:/home/adel/ros2_ws/install/cola2_lib:/opt/ros/humble LD_LIBRARY_PATH=/home/adel/ros2_ws/install/cola2_lib_ros/lib:/home/adel/ros2_ws/install/stonefish_ros2/lib:/home/adel/ros2_ws/install/cola2_msgs/lib:/home/adel/ros2_ws/install/cola2_lib/lib:/opt/ros/humble/opt/rviz_ogre_vendor/lib:/opt/ros/humble/lib/x86_64-linux-gnu:/opt/ros/humble/lib PYTHONPATH=/home/adel/ros2_ws/install/cola2_control/local/lib/python3.10/dist-packages:${PYTHONPATH} /usr/bin/cmake --build /home/adel/ros2_ws/build/minigirona_stonefish -- -j12 -l12
[10.752s] Invoking command in '/home/adel/ros2_ws/build/minigirona_stonefish': AMENT_PREFIX_PATH=/home/adel/ros2_ws/install/cola2_minigirona:/home/adel/ros2_ws/install/minigirona_description:/home/adel/ros2_ws/install/cola2_control:/home/adel/ros2_ws/install/cola2_lib_ros:/home/adel/ros2_ws/install/cola2_lib:${AMENT_PREFIX_PATH} CMAKE_MODULE_PATH=${CMAKE_MODULE_PATH}/cmake:/home/adel/ros2_ws/install/cola2_lib/share/cola2_lib CMAKE_PREFIX_PATH=/home/adel/ros2_ws/install/cola2_minigirona:/home/adel/ros2_ws/install/minigirona_description:/home/adel/ros2_ws/install/cola2_control:/home/adel/ros2_ws/install/cola2_lib_ros:/home/adel/ros2_ws/install/stonefish_ros2:/home/adel/ros2_ws/install/cola2_msgs:/home/adel/ros2_ws/install/cola2_lib:/opt/ros/humble LD_LIBRARY_PATH=/home/adel/ros2_ws/install/cola2_lib_ros/lib:/home/adel/ros2_ws/install/stonefish_ros2/lib:/home/adel/ros2_ws/install/cola2_msgs/lib:/home/adel/ros2_ws/install/cola2_lib/lib:/opt/ros/humble/opt/rviz_ogre_vendor/lib:/opt/ros/humble/lib/x86_64-linux-gnu:/opt/ros/humble/lib PYTHONPATH=/home/adel/ros2_ws/install/cola2_control/local/lib/python3.10/dist-packages:${PYTHONPATH} /usr/bin/cmake --install /home/adel/ros2_ws/build/minigirona_stonefish
[10.758s] -- Install configuration: ""
[10.759s] -- Execute custom install script
[10.759s] -- Symlinking: /home/adel/ros2_ws/install/minigirona_stonefish/lib/minigirona_stonefish/minigirona_stonefish_node
[10.766s] -- Symlinking: /home/adel/ros2_ws/install/minigirona_stonefish/share/minigirona_stonefish/data/minigirona/Phy_Cylinder_Bottom.obj
[10.773s] -- Symlinking: /home/adel/ros2_ws/install/minigirona_stonefish/share/minigirona_stonefish/data/minigirona/lower_map.png
[10.779s] -- Symlinking: /home/adel/ros2_ws/install/minigirona_stonefish/share/minigirona_stonefish/data/minigirona/phy_bosch200.obj
[10.787s] -- Symlinking: /home/adel/ros2_ws/install/minigirona_stonefish/share/minigirona_stonefish/data/minigirona/phy_bosch350.obj
[10.793s] -- Symlinking: /home/adel/ros2_ws/install/minigirona_stonefish/share/minigirona_stonefish/data/minigirona/phy_cylinder_upper.obj
[10.801s] -- Symlinking: /home/adel/ros2_ws/install/minigirona_stonefish/share/minigirona_stonefish/data/minigirona/phy_thruster.obj
[10.808s] -- Symlinking: /home/adel/ros2_ws/install/minigirona_stonefish/share/minigirona_stonefish/data/minigirona/propeller.mtl
[10.815s] -- Symlinking: /home/adel/ros2_ws/install/minigirona_stonefish/share/minigirona_stonefish/data/minigirona/propeller.obj
[10.823s] -- Symlinking: /home/adel/ros2_ws/install/minigirona_stonefish/share/minigirona_stonefish/data/minigirona/upper_left.png
[10.829s] -- Symlinking: /home/adel/ros2_ws/install/minigirona_stonefish/share/minigirona_stonefish/data/minigirona/upper_right.png
[10.838s] -- Symlinking: /home/adel/ros2_ws/install/minigirona_stonefish/share/minigirona_stonefish/data/minigirona/vis_bosch200.obj
[10.846s] -- Symlinking: /home/adel/ros2_ws/install/minigirona_stonefish/share/minigirona_stonefish/data/minigirona/vis_bosch350.obj
[10.852s] -- Symlinking: /home/adel/ros2_ws/install/minigirona_stonefish/share/minigirona_stonefish/data/minigirona/vis_cylinder_bottom.obj
[10.857s] -- Symlinking: /home/adel/ros2_ws/install/minigirona_stonefish/share/minigirona_stonefish/data/minigirona/vis_cylinder_ul.obj
[10.863s] -- Symlinking: /home/adel/ros2_ws/install/minigirona_stonefish/share/minigirona_stonefish/data/minigirona/vis_cylinder_ur.obj
[10.870s] -- Symlinking: /home/adel/ros2_ws/install/minigirona_stonefish/share/minigirona_stonefish/data/minigirona/vis_thruster.mtl
[10.875s] -- Symlinking: /home/adel/ros2_ws/install/minigirona_stonefish/share/minigirona_stonefish/data/minigirona/vis_thruster.obj
[10.881s] -- Symlinking: /home/adel/ros2_ws/install/minigirona_stonefish/share/minigirona_stonefish/data/pool/cirs_tank.obj
[10.888s] -- Symlinking: /home/adel/ros2_ws/install/minigirona_stonefish/share/minigirona_stonefish/launch/minigirona_simulation.launch.py
[10.893s] -- Symlinking: /home/adel/ros2_ws/install/minigirona_stonefish/share/minigirona_stonefish/scenarios/minigirona.scn
[10.899s] -- Symlinking: /home/adel/ros2_ws/install/minigirona_stonefish/share/minigirona_stonefish/scenarios/minigirona_tank.scn
[10.908s] -- Symlinking: /home/adel/ros2_ws/install/minigirona_stonefish/share/ament_index/resource_index/package_run_dependencies/minigirona_stonefish
[10.915s] -- Symlinking: /home/adel/ros2_ws/install/minigirona_stonefish/share/ament_index/resource_index/parent_prefix_path/minigirona_stonefish
[10.922s] -- Symlinking: /home/adel/ros2_ws/install/minigirona_stonefish/share/minigirona_stonefish/environment/ament_prefix_path.sh
[10.929s] -- Symlinking: /home/adel/ros2_ws/install/minigirona_stonefish/share/minigirona_stonefish/environment/ament_prefix_path.dsv
[10.935s] -- Symlinking: /home/adel/ros2_ws/install/minigirona_stonefish/share/minigirona_stonefish/environment/path.sh
[10.941s] -- Symlinking: /home/adel/ros2_ws/install/minigirona_stonefish/share/minigirona_stonefish/environment/path.dsv
[10.950s] -- Symlinking: /home/adel/ros2_ws/install/minigirona_stonefish/share/minigirona_stonefish/local_setup.bash
[10.958s] -- Symlinking: /home/adel/ros2_ws/install/minigirona_stonefish/share/minigirona_stonefish/local_setup.sh
[10.964s] -- Symlinking: /home/adel/ros2_ws/install/minigirona_stonefish/share/minigirona_stonefish/local_setup.zsh
[10.972s] -- Symlinking: /home/adel/ros2_ws/install/minigirona_stonefish/share/minigirona_stonefish/local_setup.dsv
[10.980s] -- Symlinking: /home/adel/ros2_ws/install/minigirona_stonefish/share/minigirona_stonefish/package.dsv
[10.986s] -- Symlinking: /home/adel/ros2_ws/install/minigirona_stonefish/share/ament_index/resource_index/packages/minigirona_stonefish
[10.992s] -- Symlinking: /home/adel/ros2_ws/install/minigirona_stonefish/share/minigirona_stonefish/cmake/minigirona_stonefishConfig.cmake
[10.998s] -- Symlinking: /home/adel/ros2_ws/install/minigirona_stonefish/share/minigirona_stonefish/cmake/minigirona_stonefishConfig-version.cmake
[11.004s] -- Symlinking: /home/adel/ros2_ws/install/minigirona_stonefish/share/minigirona_stonefish/package.xml
[11.011s] Invoked command in '/home/adel/ros2_ws/build/minigirona_stonefish' returned '0': AMENT_PREFIX_PATH=/home/adel/ros2_ws/install/cola2_minigirona:/home/adel/ros2_ws/install/minigirona_description:/home/adel/ros2_ws/install/cola2_control:/home/adel/ros2_ws/install/cola2_lib_ros:/home/adel/ros2_ws/install/cola2_lib:${AMENT_PREFIX_PATH} CMAKE_MODULE_PATH=${CMAKE_MODULE_PATH}/cmake:/home/adel/ros2_ws/install/cola2_lib/share/cola2_lib CMAKE_PREFIX_PATH=/home/adel/ros2_ws/install/cola2_minigirona:/home/adel/ros2_ws/install/minigirona_description:/home/adel/ros2_ws/install/cola2_control:/home/adel/ros2_ws/install/cola2_lib_ros:/home/adel/ros2_ws/install/stonefish_ros2:/home/adel/ros2_ws/install/cola2_msgs:/home/adel/ros2_ws/install/cola2_lib:/opt/ros/humble LD_LIBRARY_PATH=/home/adel/ros2_ws/install/cola2_lib_ros/lib:/home/adel/ros2_ws/install/stonefish_ros2/lib:/home/adel/ros2_ws/install/cola2_msgs/lib:/home/adel/ros2_ws/install/cola2_lib/lib:/opt/ros/humble/opt/rviz_ogre_vendor/lib:/opt/ros/humble/lib/x86_64-linux-gnu:/opt/ros/humble/lib PYTHONPATH=/home/adel/ros2_ws/install/cola2_control/local/lib/python3.10/dist-packages:${PYTHONPATH} /usr/bin/cmake --install /home/adel/ros2_ws/build/minigirona_stonefish
