[0.070s] Invoking command in '/home/adel/ros2_ws/build/cola2_minigirona': AMENT_PREFIX_PATH=/home/adel/ros2_ws/install/minigirona_description:/home/adel/ros2_ws/install/cola2_lib_ros:/home/adel/ros2_ws/install/cola2_lib:${AMENT_PREFIX_PATH} CMAKE_MODULE_PATH=${CMAKE_MODULE_PATH}/cmake:/home/adel/ros2_ws/install/cola2_lib/share/cola2_lib CMAKE_PREFIX_PATH=/home/adel/ros2_ws/install/minigirona_description:/home/adel/ros2_ws/install/cola2_lib_ros:/home/adel/ros2_ws/install/cola2_msgs:/home/adel/ros2_ws/install/cola2_lib:/home/adel/ros2_ws/install/stonefish_ros2:/opt/ros/humble LD_LIBRARY_PATH=/home/adel/ros2_ws/install/cola2_lib_ros/lib:${LD_LIBRARY_PATH} /usr/bin/cmake /home/adel/ros2_ws/src/cola2_minigirona -DAMENT_CMAKE_SYMLINK_INSTALL=1 -DCMAKE_INSTALL_PREFIX=/home/adel/ros2_ws/install/cola2_minigirona
[0.254s] -- The C compiler identification is GNU 11.4.0
[0.462s] -- The CXX compiler identification is GNU 11.4.0
[0.483s] -- Detecting C compiler ABI info
[0.725s] -- Detecting C compiler ABI info - done
[0.757s] -- Check for working C compiler: /usr/bin/cc - skipped
[0.758s] -- Detecting C compile features
[0.758s] -- Detecting C compile features - done
[0.775s] -- Detecting CXX compiler ABI info
[1.038s] -- Detecting CXX compiler ABI info - done
[1.072s] -- Check for working CXX compiler: /usr/bin/c++ - skipped
[1.073s] -- Detecting CXX compile features
[1.074s] -- Detecting CXX compile features - done
[1.103s] -- Found ament_cmake: 1.3.11 (/opt/ros/humble/share/ament_cmake/cmake)
[1.963s] -- Found Python3: /usr/bin/python3 (found version "3.10.12") found components: Interpreter 
[2.099s] -- Override CMake install command with custom implementation using symlinks instead of copying resources
[2.150s] -- Found rclcpp: 16.0.11 (/opt/ros/humble/share/rclcpp/cmake)
[2.237s] -- Found rosidl_generator_c: 3.1.6 (/opt/ros/humble/share/rosidl_generator_c/cmake)
[2.248s] -- Found rosidl_adapter: 3.1.6 (/opt/ros/humble/share/rosidl_adapter/cmake)
[2.268s] -- Found rosidl_generator_cpp: 3.1.6 (/opt/ros/humble/share/rosidl_generator_cpp/cmake)
[2.293s] -- Using all available rosidl_typesupport_c: rosidl_typesupport_fastrtps_c;rosidl_typesupport_introspection_c
[2.327s] -- Using all available rosidl_typesupport_cpp: rosidl_typesupport_fastrtps_cpp;rosidl_typesupport_introspection_cpp
[2.423s] -- Found rmw_implementation_cmake: 6.1.2 (/opt/ros/humble/share/rmw_implementation_cmake/cmake)
[2.428s] -- Found rmw_fastrtps_cpp: 6.2.7 (/opt/ros/humble/share/rmw_fastrtps_cpp/cmake)
[2.596s] -- Found OpenSSL: /usr/lib/x86_64-linux-gnu/libcrypto.so (found version "3.0.2")  
[2.645s] -- Found FastRTPS: /opt/ros/humble/include  
[2.725s] -- Using RMW implementation 'rmw_fastrtps_cpp' as default
[2.737s] -- Looking for pthread.h
[2.866s] -- Looking for pthread.h - found
[2.866s] -- Performing Test CMAKE_HAVE_LIBC_PTHREAD
[2.999s] -- Performing Test CMAKE_HAVE_LIBC_PTHREAD - Success
[2.999s] -- Found Threads: TRUE  
[3.109s] -- Found rosbridge_server: 2.0.0 (/opt/ros/humble/share/rosbridge_server/cmake)
[3.111s] -- Found sensor_msgs: 4.2.4 (/opt/ros/humble/share/sensor_msgs/cmake)
[3.178s] -- Found tf2: 0.25.11 (/opt/ros/humble/share/tf2/cmake)
[3.198s] -- Found joy: 3.3.0 (/opt/ros/humble/share/joy/cmake)
[3.213s] -- Found rviz2: 11.2.16 (/opt/ros/humble/share/rviz2/cmake)
[3.216s] -- Found diagnostic_msgs: 4.2.4 (/opt/ros/humble/share/diagnostic_msgs/cmake)
[3.245s] -- Found topic_tools: 1.1.1 (/opt/ros/humble/share/topic_tools/cmake)
[3.324s] -- Found minigirona_description: 24.1.0 (/home/adel/ros2_ws/install/minigirona_description/share/minigirona_description/cmake)
[3.793s] -- Configuring done
[3.797s] -- Generating done
[3.800s] -- Build files have been written to: /home/adel/ros2_ws/build/cola2_minigirona
[3.811s] Invoked command in '/home/adel/ros2_ws/build/cola2_minigirona' returned '0': AMENT_PREFIX_PATH=/home/adel/ros2_ws/install/minigirona_description:/home/adel/ros2_ws/install/cola2_lib_ros:/home/adel/ros2_ws/install/cola2_lib:${AMENT_PREFIX_PATH} CMAKE_MODULE_PATH=${CMAKE_MODULE_PATH}/cmake:/home/adel/ros2_ws/install/cola2_lib/share/cola2_lib CMAKE_PREFIX_PATH=/home/adel/ros2_ws/install/minigirona_description:/home/adel/ros2_ws/install/cola2_lib_ros:/home/adel/ros2_ws/install/cola2_msgs:/home/adel/ros2_ws/install/cola2_lib:/home/adel/ros2_ws/install/stonefish_ros2:/opt/ros/humble LD_LIBRARY_PATH=/home/adel/ros2_ws/install/cola2_lib_ros/lib:${LD_LIBRARY_PATH} /usr/bin/cmake /home/adel/ros2_ws/src/cola2_minigirona -DAMENT_CMAKE_SYMLINK_INSTALL=1 -DCMAKE_INSTALL_PREFIX=/home/adel/ros2_ws/install/cola2_minigirona
[3.814s] Invoking command in '/home/adel/ros2_ws/build/cola2_minigirona': AMENT_PREFIX_PATH=/home/adel/ros2_ws/install/minigirona_description:/home/adel/ros2_ws/install/cola2_lib_ros:/home/adel/ros2_ws/install/cola2_lib:${AMENT_PREFIX_PATH} CMAKE_MODULE_PATH=${CMAKE_MODULE_PATH}/cmake:/home/adel/ros2_ws/install/cola2_lib/share/cola2_lib CMAKE_PREFIX_PATH=/home/adel/ros2_ws/install/minigirona_description:/home/adel/ros2_ws/install/cola2_lib_ros:/home/adel/ros2_ws/install/cola2_msgs:/home/adel/ros2_ws/install/cola2_lib:/home/adel/ros2_ws/install/stonefish_ros2:/opt/ros/humble LD_LIBRARY_PATH=/home/adel/ros2_ws/install/cola2_lib_ros/lib:${LD_LIBRARY_PATH} /usr/bin/cmake --build /home/adel/ros2_ws/build/cola2_minigirona -- -j12 -l12
[3.861s] Invoked command in '/home/adel/ros2_ws/build/cola2_minigirona' returned '0': AMENT_PREFIX_PATH=/home/adel/ros2_ws/install/minigirona_description:/home/adel/ros2_ws/install/cola2_lib_ros:/home/adel/ros2_ws/install/cola2_lib:${AMENT_PREFIX_PATH} CMAKE_MODULE_PATH=${CMAKE_MODULE_PATH}/cmake:/home/adel/ros2_ws/install/cola2_lib/share/cola2_lib CMAKE_PREFIX_PATH=/home/adel/ros2_ws/install/minigirona_description:/home/adel/ros2_ws/install/cola2_lib_ros:/home/adel/ros2_ws/install/cola2_msgs:/home/adel/ros2_ws/install/cola2_lib:/home/adel/ros2_ws/install/stonefish_ros2:/opt/ros/humble LD_LIBRARY_PATH=/home/adel/ros2_ws/install/cola2_lib_ros/lib:${LD_LIBRARY_PATH} /usr/bin/cmake --build /home/adel/ros2_ws/build/cola2_minigirona -- -j12 -l12
[3.863s] Invoking command in '/home/adel/ros2_ws/build/cola2_minigirona': AMENT_PREFIX_PATH=/home/adel/ros2_ws/install/minigirona_description:/home/adel/ros2_ws/install/cola2_lib_ros:/home/adel/ros2_ws/install/cola2_lib:${AMENT_PREFIX_PATH} CMAKE_MODULE_PATH=${CMAKE_MODULE_PATH}/cmake:/home/adel/ros2_ws/install/cola2_lib/share/cola2_lib CMAKE_PREFIX_PATH=/home/adel/ros2_ws/install/minigirona_description:/home/adel/ros2_ws/install/cola2_lib_ros:/home/adel/ros2_ws/install/cola2_msgs:/home/adel/ros2_ws/install/cola2_lib:/home/adel/ros2_ws/install/stonefish_ros2:/opt/ros/humble LD_LIBRARY_PATH=/home/adel/ros2_ws/install/cola2_lib_ros/lib:${LD_LIBRARY_PATH} /usr/bin/cmake --install /home/adel/ros2_ws/build/cola2_minigirona
[3.871s] -- Install configuration: ""
[3.872s] -- Execute custom install script
[3.872s] -- Symlinking: /home/adel/ros2_ws/install/cola2_minigirona/share/cola2_minigirona/config/captain.yaml
[3.882s] -- Symlinking: /home/adel/ros2_ws/install/cola2_minigirona/share/cola2_minigirona/config/controller.yaml
[3.892s] -- Symlinking: /home/adel/ros2_ws/install/cola2_minigirona/share/cola2_minigirona/config/default_param_handler.yaml
[3.902s] -- Symlinking: /home/adel/ros2_ws/install/cola2_minigirona/share/cola2_minigirona/config/diagnostic_aggregator.yaml
[3.913s] -- Symlinking: /home/adel/ros2_ws/install/cola2_minigirona/share/cola2_minigirona/config/dynamics.yaml
[3.924s] -- Symlinking: /home/adel/ros2_ws/install/cola2_minigirona/share/cola2_minigirona/config/logitech_fx10_to_teleoperation.yaml
[3.983s] -- Symlinking: /home/adel/ros2_ws/install/cola2_minigirona/share/cola2_minigirona/config/mission_reporter.yaml
[3.993s] -- Symlinking: /home/adel/ros2_ws/install/cola2_minigirona/share/cola2_minigirona/config/navigator.yaml
[4.004s] -- Symlinking: /home/adel/ros2_ws/install/cola2_minigirona/share/cola2_minigirona/config/pilot.yaml
[4.061s] -- Symlinking: /home/adel/ros2_ws/install/cola2_minigirona/share/cola2_minigirona/config/teleoperation.yaml
[4.080s] -- Symlinking: /home/adel/ros2_ws/install/cola2_minigirona/share/cola2_minigirona/config/virtual_cage.yaml
[4.125s] -- Symlinking: /home/adel/ros2_ws/install/cola2_minigirona/share/cola2_minigirona/launch/core.launch.py
[4.146s] -- Symlinking: /home/adel/ros2_ws/install/cola2_minigirona/share/cola2_minigirona/launch/sim_core.launch.py
[4.192s] -- Symlinking: /home/adel/ros2_ws/install/cola2_minigirona/share/cola2_minigirona/launch/sim_start.launch.py
[4.215s] -- Symlinking: /home/adel/ros2_ws/install/cola2_minigirona/share/cola2_minigirona/launch/start.launch.py
[4.270s] -- Symlinking: /home/adel/ros2_ws/install/cola2_minigirona/share/cola2_minigirona/launch/teleoperation.launch.py
[4.329s] -- Symlinking: /home/adel/ros2_ws/install/cola2_minigirona/share/cola2_minigirona/missions/default_mission.xml
[4.347s] -- Symlinking: /home/adel/ros2_ws/install/cola2_minigirona/share/cola2_minigirona/missions/pool_test.xml
[4.364s] -- Symlinking: /home/adel/ros2_ws/install/cola2_minigirona/share/cola2_minigirona/missions/section_test.xml
[4.419s] -- Symlinking: /home/adel/ros2_ws/install/cola2_minigirona/share/cola2_minigirona/sim_config/captain.yaml
[4.436s] -- Symlinking: /home/adel/ros2_ws/install/cola2_minigirona/share/cola2_minigirona/sim_config/controller.yaml
[4.492s] -- Symlinking: /home/adel/ros2_ws/install/cola2_minigirona/share/cola2_minigirona/sim_config/default_param_handler.yaml
[4.520s] -- Symlinking: /home/adel/ros2_ws/install/cola2_minigirona/share/cola2_minigirona/sim_config/diagnostic_aggregator.yaml
[4.576s] -- Symlinking: /home/adel/ros2_ws/install/cola2_minigirona/share/cola2_minigirona/sim_config/dynamics.yaml
[4.599s] -- Symlinking: /home/adel/ros2_ws/install/cola2_minigirona/share/cola2_minigirona/sim_config/logitech_fx10_to_teleoperation.yaml
[4.653s] -- Symlinking: /home/adel/ros2_ws/install/cola2_minigirona/share/cola2_minigirona/sim_config/mission_reporter.yaml
[4.710s] -- Symlinking: /home/adel/ros2_ws/install/cola2_minigirona/share/cola2_minigirona/sim_config/navigator.yaml
[4.756s] -- Symlinking: /home/adel/ros2_ws/install/cola2_minigirona/share/cola2_minigirona/sim_config/pilot.yaml
[4.785s] -- Symlinking: /home/adel/ros2_ws/install/cola2_minigirona/share/cola2_minigirona/sim_config/sim_auv_nav_sensors.yaml
[4.842s] -- Symlinking: /home/adel/ros2_ws/install/cola2_minigirona/share/cola2_minigirona/sim_config/sim_internal_sensors.yaml
[4.854s] -- Symlinking: /home/adel/ros2_ws/install/cola2_minigirona/share/cola2_minigirona/sim_config/teleoperation.yaml
[4.863s] -- Symlinking: /home/adel/ros2_ws/install/cola2_minigirona/share/cola2_minigirona/sim_config/virtual_cage.yaml
[4.874s] -- Symlinking: /home/adel/ros2_ws/install/cola2_minigirona/share/ament_index/resource_index/package_run_dependencies/cola2_minigirona
[4.884s] -- Symlinking: /home/adel/ros2_ws/install/cola2_minigirona/share/ament_index/resource_index/parent_prefix_path/cola2_minigirona
[4.898s] -- Symlinking: /home/adel/ros2_ws/install/cola2_minigirona/share/cola2_minigirona/environment/ament_prefix_path.sh
[4.909s] -- Symlinking: /home/adel/ros2_ws/install/cola2_minigirona/share/cola2_minigirona/environment/ament_prefix_path.dsv
[4.919s] -- Symlinking: /home/adel/ros2_ws/install/cola2_minigirona/share/cola2_minigirona/environment/path.sh
[4.929s] -- Symlinking: /home/adel/ros2_ws/install/cola2_minigirona/share/cola2_minigirona/environment/path.dsv
[4.940s] -- Symlinking: /home/adel/ros2_ws/install/cola2_minigirona/share/cola2_minigirona/local_setup.bash
[4.952s] -- Symlinking: /home/adel/ros2_ws/install/cola2_minigirona/share/cola2_minigirona/local_setup.sh
[4.964s] -- Symlinking: /home/adel/ros2_ws/install/cola2_minigirona/share/cola2_minigirona/local_setup.zsh
[5.022s] -- Symlinking: /home/adel/ros2_ws/install/cola2_minigirona/share/cola2_minigirona/local_setup.dsv
[5.059s] -- Symlinking: /home/adel/ros2_ws/install/cola2_minigirona/share/cola2_minigirona/package.dsv
[5.071s] -- Symlinking: /home/adel/ros2_ws/install/cola2_minigirona/share/ament_index/resource_index/packages/cola2_minigirona
[5.083s] -- Symlinking: /home/adel/ros2_ws/install/cola2_minigirona/share/cola2_minigirona/cmake/cola2_minigironaConfig.cmake
[5.097s] -- Symlinking: /home/adel/ros2_ws/install/cola2_minigirona/share/cola2_minigirona/cmake/cola2_minigironaConfig-version.cmake
[5.117s] -- Symlinking: /home/adel/ros2_ws/install/cola2_minigirona/share/cola2_minigirona/package.xml
[5.134s] Invoked command in '/home/adel/ros2_ws/build/cola2_minigirona' returned '0': AMENT_PREFIX_PATH=/home/adel/ros2_ws/install/minigirona_description:/home/adel/ros2_ws/install/cola2_lib_ros:/home/adel/ros2_ws/install/cola2_lib:${AMENT_PREFIX_PATH} CMAKE_MODULE_PATH=${CMAKE_MODULE_PATH}/cmake:/home/adel/ros2_ws/install/cola2_lib/share/cola2_lib CMAKE_PREFIX_PATH=/home/adel/ros2_ws/install/minigirona_description:/home/adel/ros2_ws/install/cola2_lib_ros:/home/adel/ros2_ws/install/cola2_msgs:/home/adel/ros2_ws/install/cola2_lib:/home/adel/ros2_ws/install/stonefish_ros2:/opt/ros/humble LD_LIBRARY_PATH=/home/adel/ros2_ws/install/cola2_lib_ros/lib:${LD_LIBRARY_PATH} /usr/bin/cmake --install /home/adel/ros2_ws/build/cola2_minigirona
