-- Found ament_cmake: 1.3.11 (/opt/ros/humble/share/ament_cmake/cmake)
-- Override CMake install command with custom implementation using symlinks instead of copying resources
-- Found rclcpp: 16.0.11 (/opt/ros/humble/share/rclcpp/cmake)
-- Found rosidl_generator_c: 3.1.6 (/opt/ros/humble/share/rosidl_generator_c/cmake)
-- Found rosidl_adapter: 3.1.6 (/opt/ros/humble/share/rosidl_adapter/cmake)
-- Found rosidl_generator_cpp: 3.1.6 (/opt/ros/humble/share/rosidl_generator_cpp/cmake)
-- Using all available rosidl_typesupport_c: rosidl_typesupport_fastrtps_c;rosidl_typesupport_introspection_c
-- Using all available rosidl_typesupport_cpp: rosidl_typesupport_fastrtps_cpp;rosidl_typesupport_introspection_cpp
-- Found rmw_implementation_cmake: 6.1.2 (/opt/ros/humble/share/rmw_implementation_cmake/cmake)
-- Found rmw_fastrtps_cpp: 6.2.7 (/opt/ros/humble/share/rmw_fastrtps_cpp/cmake)
-- Using RMW implementation 'rmw_fastrtps_cpp' as default
-- Found robot_state_publisher: 3.0.3 (/opt/ros/humble/share/robot_state_publisher/cmake)
-- Found eigen3_cmake_module: 0.1.1 (/opt/ros/humble/share/eigen3_cmake_module/cmake)
-- Ensuring Eigen3 include directory is part of orocos-kdl CMake target
-- Found cola2_lib_ros: 24.1.2 (/home/adel/ros2_ws/install/cola2_lib_ros/share/cola2_lib_ros/cmake)
-- COLA2_LIB found version 24.1.1
-- COLA2_LIB include directories: /home/adel/ros2_ws/install/cola2_lib/share/cola2_lib/../../include/cola2_lib;/usr/include;/usr/include/eigen3
-- COLA2_LIB libraries: cola2_io;cola2_utils;cola2_mission;cola2_comms;cola2_wmmc;cola2_wmm
-- Including COLA2_LIB include directories
-- Configuring done
-- Generating done
-- Build files have been written to: /home/adel/ros2_ws/build/minigirona_description
-- Install configuration: ""
-- Execute custom install script
-- Up-to-date symlink: /home/adel/ros2_ws/install/minigirona_description/share/minigirona_description/launch/minig_description.launch.py
-- Up-to-date symlink: /home/adel/ros2_ws/install/minigirona_description/share/minigirona_description/meshes/minigirona.dae
-- Up-to-date symlink: /home/adel/ros2_ws/install/minigirona_description/share/minigirona_description/urdf/core.urdf.xacro
-- Up-to-date symlink: /home/adel/ros2_ws/install/minigirona_description/share/minigirona_description/urdf/payload.urdf.xacro
-- Up-to-date symlink: /home/adel/ros2_ws/install/minigirona_description/share/minigirona_description/resources/meshes/antenna.obj
-- Up-to-date symlink: /home/adel/ros2_ws/install/minigirona_description/share/minigirona_description/resources/meshes/antenna_phy.obj
-- Up-to-date symlink: /home/adel/ros2_ws/install/minigirona_description/share/minigirona_description/resources/meshes/duct.obj
-- Up-to-date symlink: /home/adel/ros2_ws/install/minigirona_description/share/minigirona_description/resources/meshes/duct_phy.obj
-- Up-to-date symlink: /home/adel/ros2_ws/install/minigirona_description/share/minigirona_description/resources/meshes/girona500.dae
-- Up-to-date symlink: /home/adel/ros2_ws/install/minigirona_description/share/minigirona_description/resources/meshes/hull.obj
-- Up-to-date symlink: /home/adel/ros2_ws/install/minigirona_description/share/minigirona_description/resources/meshes/hull_phy.obj
-- Up-to-date symlink: /home/adel/ros2_ws/install/minigirona_description/share/minigirona_description/resources/meshes/hull_phy2.obj
-- Up-to-date symlink: /home/adel/ros2_ws/install/minigirona_description/share/minigirona_description/resources/meshes/lower_hull.obj
-- Up-to-date symlink: /home/adel/ros2_ws/install/minigirona_description/share/minigirona_description/resources/meshes/propeller.obj
-- Up-to-date symlink: /home/adel/ros2_ws/install/minigirona_description/share/minigirona_description/resources/meshes/tbar_back.obj
-- Up-to-date symlink: /home/adel/ros2_ws/install/minigirona_description/share/minigirona_description/resources/meshes/tbar_front.obj
-- Up-to-date symlink: /home/adel/ros2_ws/install/minigirona_description/share/minigirona_description/resources/meshes/tbar_phy.obj
-- Up-to-date symlink: /home/adel/ros2_ws/install/minigirona_description/share/minigirona_description/resources/meshes/upper_hull.obj
-- Up-to-date symlink: /home/adel/ros2_ws/install/minigirona_description/share/minigirona_description/resources/textures/duct_tex.png
-- Up-to-date symlink: /home/adel/ros2_ws/install/minigirona_description/share/minigirona_description/resources/textures/lower_hull_tex.png
-- Up-to-date symlink: /home/adel/ros2_ws/install/minigirona_description/share/minigirona_description/resources/textures/propeller_tex.png
-- Up-to-date symlink: /home/adel/ros2_ws/install/minigirona_description/share/minigirona_description/resources/textures/tbar_back_tex.png
-- Up-to-date symlink: /home/adel/ros2_ws/install/minigirona_description/share/minigirona_description/resources/textures/tbar_front_tex.png
-- Up-to-date symlink: /home/adel/ros2_ws/install/minigirona_description/share/minigirona_description/resources/textures/upper_hull_tex.png
-- Up-to-date symlink: /home/adel/ros2_ws/install/minigirona_description/share/ament_index/resource_index/package_run_dependencies/minigirona_description
-- Up-to-date symlink: /home/adel/ros2_ws/install/minigirona_description/share/ament_index/resource_index/parent_prefix_path/minigirona_description
-- Up-to-date symlink: /home/adel/ros2_ws/install/minigirona_description/share/minigirona_description/environment/ament_prefix_path.sh
-- Up-to-date symlink: /home/adel/ros2_ws/install/minigirona_description/share/minigirona_description/environment/ament_prefix_path.dsv
-- Up-to-date symlink: /home/adel/ros2_ws/install/minigirona_description/share/minigirona_description/environment/path.sh
-- Up-to-date symlink: /home/adel/ros2_ws/install/minigirona_description/share/minigirona_description/environment/path.dsv
-- Up-to-date symlink: /home/adel/ros2_ws/install/minigirona_description/share/minigirona_description/local_setup.bash
-- Up-to-date symlink: /home/adel/ros2_ws/install/minigirona_description/share/minigirona_description/local_setup.sh
-- Up-to-date symlink: /home/adel/ros2_ws/install/minigirona_description/share/minigirona_description/local_setup.zsh
-- Up-to-date symlink: /home/adel/ros2_ws/install/minigirona_description/share/minigirona_description/local_setup.dsv
-- Symlinking: /home/adel/ros2_ws/install/minigirona_description/share/minigirona_description/package.dsv
-- Up-to-date symlink: /home/adel/ros2_ws/install/minigirona_description/share/ament_index/resource_index/packages/minigirona_description
-- Up-to-date symlink: /home/adel/ros2_ws/install/minigirona_description/share/minigirona_description/cmake/minigirona_descriptionConfig.cmake
-- Up-to-date symlink: /home/adel/ros2_ws/install/minigirona_description/share/minigirona_description/cmake/minigirona_descriptionConfig-version.cmake
-- Up-to-date symlink: /home/adel/ros2_ws/install/minigirona_description/share/minigirona_description/package.xml
