[0.028s] Invoking command in '/home/adel/ros2_ws/build/minigirona_description': CMAKE_PREFIX_PATH=/home/adel/ros2_ws/install/cola2_lib_ros:/home/adel/ros2_ws/install/cola2_msgs:/home/adel/ros2_ws/install/cola2_lib:/home/adel/ros2_ws/install/minigirona_stonefish:/home/adel/ros2_ws/install/stonefish_ros2:/home/adel/ros2_ws/install/cola2_minigirona:/home/adel/ros2_ws/install/minigirona_description:/home/adel/ros2_ws/install/cola2_control:/opt/ros/humble LD_LIBRARY_PATH=/home/adel/ros2_ws/install/cola2_lib_ros/lib:/home/adel/ros2_ws/install/cola2_msgs/lib:/home/adel/ros2_ws/install/cola2_lib/lib:/home/adel/ros2_ws/install/stonefish_ros2/lib:/opt/ros/humble/opt/rviz_ogre_vendor/lib:/opt/ros/humble/lib/x86_64-linux-gnu:/opt/ros/humble/lib /usr/bin/cmake /home/adel/ros2_ws/src/minigirona_description -DCMAKE_INSTALL_PREFIX=/home/adel/ros2_ws/install/minigirona_description
[0.044s] -- Found ament_cmake: 1.3.11 (/opt/ros/humble/share/ament_cmake/cmake)
[0.215s] -- Override CMake install command with custom implementation using symlinks instead of copying resources
[0.227s] -- Found rclcpp: 16.0.11 (/opt/ros/humble/share/rclcpp/cmake)
[0.266s] -- Found rosidl_generator_c: 3.1.6 (/opt/ros/humble/share/rosidl_generator_c/cmake)
[0.268s] -- Found rosidl_adapter: 3.1.6 (/opt/ros/humble/share/rosidl_adapter/cmake)
[0.275s] -- Found rosidl_generator_cpp: 3.1.6 (/opt/ros/humble/share/rosidl_generator_cpp/cmake)
[0.286s] -- Using all available rosidl_typesupport_c: rosidl_typesupport_fastrtps_c;rosidl_typesupport_introspection_c
[0.301s] -- Using all available rosidl_typesupport_cpp: rosidl_typesupport_fastrtps_cpp;rosidl_typesupport_introspection_cpp
[0.337s] -- Found rmw_implementation_cmake: 6.1.2 (/opt/ros/humble/share/rmw_implementation_cmake/cmake)
[0.339s] -- Found rmw_fastrtps_cpp: 6.2.7 (/opt/ros/humble/share/rmw_fastrtps_cpp/cmake)
[0.453s] -- Using RMW implementation 'rmw_fastrtps_cpp' as default
[0.507s] -- Found robot_state_publisher: 3.0.3 (/opt/ros/humble/share/robot_state_publisher/cmake)
[0.528s] -- Found eigen3_cmake_module: 0.1.1 (/opt/ros/humble/share/eigen3_cmake_module/cmake)
[0.530s] -- Ensuring Eigen3 include directory is part of orocos-kdl CMake target
[0.668s] -- Found cola2_lib_ros: 24.1.2 (/home/adel/ros2_ws/install/cola2_lib_ros/share/cola2_lib_ros/cmake)
[0.758s] -- COLA2_LIB found version 24.1.1
[0.758s] -- COLA2_LIB include directories: /home/adel/ros2_ws/install/cola2_lib/share/cola2_lib/../../include/cola2_lib;/usr/include;/usr/include/eigen3
[0.758s] -- COLA2_LIB libraries: cola2_io;cola2_utils;cola2_mission;cola2_comms;cola2_wmmc;cola2_wmm
[0.758s] -- Including COLA2_LIB include directories
[0.858s] -- Configuring done
[0.864s] -- Generating done
[0.867s] -- Build files have been written to: /home/adel/ros2_ws/build/minigirona_description
[0.877s] Invoked command in '/home/adel/ros2_ws/build/minigirona_description' returned '0': CMAKE_PREFIX_PATH=/home/adel/ros2_ws/install/cola2_lib_ros:/home/adel/ros2_ws/install/cola2_msgs:/home/adel/ros2_ws/install/cola2_lib:/home/adel/ros2_ws/install/minigirona_stonefish:/home/adel/ros2_ws/install/stonefish_ros2:/home/adel/ros2_ws/install/cola2_minigirona:/home/adel/ros2_ws/install/minigirona_description:/home/adel/ros2_ws/install/cola2_control:/opt/ros/humble LD_LIBRARY_PATH=/home/adel/ros2_ws/install/cola2_lib_ros/lib:/home/adel/ros2_ws/install/cola2_msgs/lib:/home/adel/ros2_ws/install/cola2_lib/lib:/home/adel/ros2_ws/install/stonefish_ros2/lib:/opt/ros/humble/opt/rviz_ogre_vendor/lib:/opt/ros/humble/lib/x86_64-linux-gnu:/opt/ros/humble/lib /usr/bin/cmake /home/adel/ros2_ws/src/minigirona_description -DCMAKE_INSTALL_PREFIX=/home/adel/ros2_ws/install/minigirona_description
[0.878s] Invoking command in '/home/adel/ros2_ws/build/minigirona_description': CMAKE_PREFIX_PATH=/home/adel/ros2_ws/install/cola2_lib_ros:/home/adel/ros2_ws/install/cola2_msgs:/home/adel/ros2_ws/install/cola2_lib:/home/adel/ros2_ws/install/minigirona_stonefish:/home/adel/ros2_ws/install/stonefish_ros2:/home/adel/ros2_ws/install/cola2_minigirona:/home/adel/ros2_ws/install/minigirona_description:/home/adel/ros2_ws/install/cola2_control:/opt/ros/humble LD_LIBRARY_PATH=/home/adel/ros2_ws/install/cola2_lib_ros/lib:/home/adel/ros2_ws/install/cola2_msgs/lib:/home/adel/ros2_ws/install/cola2_lib/lib:/home/adel/ros2_ws/install/stonefish_ros2/lib:/opt/ros/humble/opt/rviz_ogre_vendor/lib:/opt/ros/humble/lib/x86_64-linux-gnu:/opt/ros/humble/lib /usr/bin/cmake --build /home/adel/ros2_ws/build/minigirona_description -- -j12 -l12
[0.923s] Invoked command in '/home/adel/ros2_ws/build/minigirona_description' returned '0': CMAKE_PREFIX_PATH=/home/adel/ros2_ws/install/cola2_lib_ros:/home/adel/ros2_ws/install/cola2_msgs:/home/adel/ros2_ws/install/cola2_lib:/home/adel/ros2_ws/install/minigirona_stonefish:/home/adel/ros2_ws/install/stonefish_ros2:/home/adel/ros2_ws/install/cola2_minigirona:/home/adel/ros2_ws/install/minigirona_description:/home/adel/ros2_ws/install/cola2_control:/opt/ros/humble LD_LIBRARY_PATH=/home/adel/ros2_ws/install/cola2_lib_ros/lib:/home/adel/ros2_ws/install/cola2_msgs/lib:/home/adel/ros2_ws/install/cola2_lib/lib:/home/adel/ros2_ws/install/stonefish_ros2/lib:/opt/ros/humble/opt/rviz_ogre_vendor/lib:/opt/ros/humble/lib/x86_64-linux-gnu:/opt/ros/humble/lib /usr/bin/cmake --build /home/adel/ros2_ws/build/minigirona_description -- -j12 -l12
[0.926s] Invoking command in '/home/adel/ros2_ws/build/minigirona_description': CMAKE_PREFIX_PATH=/home/adel/ros2_ws/install/cola2_lib_ros:/home/adel/ros2_ws/install/cola2_msgs:/home/adel/ros2_ws/install/cola2_lib:/home/adel/ros2_ws/install/minigirona_stonefish:/home/adel/ros2_ws/install/stonefish_ros2:/home/adel/ros2_ws/install/cola2_minigirona:/home/adel/ros2_ws/install/minigirona_description:/home/adel/ros2_ws/install/cola2_control:/opt/ros/humble LD_LIBRARY_PATH=/home/adel/ros2_ws/install/cola2_lib_ros/lib:/home/adel/ros2_ws/install/cola2_msgs/lib:/home/adel/ros2_ws/install/cola2_lib/lib:/home/adel/ros2_ws/install/stonefish_ros2/lib:/opt/ros/humble/opt/rviz_ogre_vendor/lib:/opt/ros/humble/lib/x86_64-linux-gnu:/opt/ros/humble/lib /usr/bin/cmake --install /home/adel/ros2_ws/build/minigirona_description
[0.935s] -- Install configuration: ""
[0.935s] -- Execute custom install script
[0.936s] -- Up-to-date symlink: /home/adel/ros2_ws/install/minigirona_description/share/minigirona_description/launch/minig_description.launch.py
[0.936s] -- Up-to-date symlink: /home/adel/ros2_ws/install/minigirona_description/share/minigirona_description/meshes/minigirona.dae
[0.937s] -- Up-to-date symlink: /home/adel/ros2_ws/install/minigirona_description/share/minigirona_description/urdf/core.urdf.xacro
[0.937s] -- Up-to-date symlink: /home/adel/ros2_ws/install/minigirona_description/share/minigirona_description/urdf/payload.urdf.xacro
[0.939s] -- Up-to-date symlink: /home/adel/ros2_ws/install/minigirona_description/share/minigirona_description/resources/meshes/antenna.obj
[0.939s] -- Up-to-date symlink: /home/adel/ros2_ws/install/minigirona_description/share/minigirona_description/resources/meshes/antenna_phy.obj
[0.939s] -- Up-to-date symlink: /home/adel/ros2_ws/install/minigirona_description/share/minigirona_description/resources/meshes/duct.obj
[0.939s] -- Up-to-date symlink: /home/adel/ros2_ws/install/minigirona_description/share/minigirona_description/resources/meshes/duct_phy.obj
[0.939s] -- Up-to-date symlink: /home/adel/ros2_ws/install/minigirona_description/share/minigirona_description/resources/meshes/girona500.dae
[0.939s] -- Up-to-date symlink: /home/adel/ros2_ws/install/minigirona_description/share/minigirona_description/resources/meshes/hull.obj
[0.939s] -- Up-to-date symlink: /home/adel/ros2_ws/install/minigirona_description/share/minigirona_description/resources/meshes/hull_phy.obj
[0.939s] -- Up-to-date symlink: /home/adel/ros2_ws/install/minigirona_description/share/minigirona_description/resources/meshes/hull_phy2.obj
[0.940s] -- Up-to-date symlink: /home/adel/ros2_ws/install/minigirona_description/share/minigirona_description/resources/meshes/lower_hull.obj
[0.940s] -- Up-to-date symlink: /home/adel/ros2_ws/install/minigirona_description/share/minigirona_description/resources/meshes/propeller.obj
[0.940s] -- Up-to-date symlink: /home/adel/ros2_ws/install/minigirona_description/share/minigirona_description/resources/meshes/tbar_back.obj
[0.940s] -- Up-to-date symlink: /home/adel/ros2_ws/install/minigirona_description/share/minigirona_description/resources/meshes/tbar_front.obj
[0.940s] -- Up-to-date symlink: /home/adel/ros2_ws/install/minigirona_description/share/minigirona_description/resources/meshes/tbar_phy.obj
[0.941s] -- Up-to-date symlink: /home/adel/ros2_ws/install/minigirona_description/share/minigirona_description/resources/meshes/upper_hull.obj
[0.941s] -- Up-to-date symlink: /home/adel/ros2_ws/install/minigirona_description/share/minigirona_description/resources/textures/duct_tex.png
[0.941s] -- Up-to-date symlink: /home/adel/ros2_ws/install/minigirona_description/share/minigirona_description/resources/textures/lower_hull_tex.png
[0.941s] -- Up-to-date symlink: /home/adel/ros2_ws/install/minigirona_description/share/minigirona_description/resources/textures/propeller_tex.png
[0.941s] -- Up-to-date symlink: /home/adel/ros2_ws/install/minigirona_description/share/minigirona_description/resources/textures/tbar_back_tex.png
[0.941s] -- Up-to-date symlink: /home/adel/ros2_ws/install/minigirona_description/share/minigirona_description/resources/textures/tbar_front_tex.png
[0.942s] -- Up-to-date symlink: /home/adel/ros2_ws/install/minigirona_description/share/minigirona_description/resources/textures/upper_hull_tex.png
[0.942s] -- Up-to-date symlink: /home/adel/ros2_ws/install/minigirona_description/share/ament_index/resource_index/package_run_dependencies/minigirona_description
[0.942s] -- Up-to-date symlink: /home/adel/ros2_ws/install/minigirona_description/share/ament_index/resource_index/parent_prefix_path/minigirona_description
[0.942s] -- Up-to-date symlink: /home/adel/ros2_ws/install/minigirona_description/share/minigirona_description/environment/ament_prefix_path.sh
[0.942s] -- Up-to-date symlink: /home/adel/ros2_ws/install/minigirona_description/share/minigirona_description/environment/ament_prefix_path.dsv
[0.942s] -- Up-to-date symlink: /home/adel/ros2_ws/install/minigirona_description/share/minigirona_description/environment/path.sh
[0.942s] -- Up-to-date symlink: /home/adel/ros2_ws/install/minigirona_description/share/minigirona_description/environment/path.dsv
[0.943s] -- Up-to-date symlink: /home/adel/ros2_ws/install/minigirona_description/share/minigirona_description/local_setup.bash
[0.943s] -- Up-to-date symlink: /home/adel/ros2_ws/install/minigirona_description/share/minigirona_description/local_setup.sh
[0.943s] -- Up-to-date symlink: /home/adel/ros2_ws/install/minigirona_description/share/minigirona_description/local_setup.zsh
[0.943s] -- Up-to-date symlink: /home/adel/ros2_ws/install/minigirona_description/share/minigirona_description/local_setup.dsv
[0.943s] -- Symlinking: /home/adel/ros2_ws/install/minigirona_description/share/minigirona_description/package.dsv
[0.953s] -- Up-to-date symlink: /home/adel/ros2_ws/install/minigirona_description/share/ament_index/resource_index/packages/minigirona_description
[0.953s] -- Up-to-date symlink: /home/adel/ros2_ws/install/minigirona_description/share/minigirona_description/cmake/minigirona_descriptionConfig.cmake
[0.953s] -- Up-to-date symlink: /home/adel/ros2_ws/install/minigirona_description/share/minigirona_description/cmake/minigirona_descriptionConfig-version.cmake
[0.954s] -- Up-to-date symlink: /home/adel/ros2_ws/install/minigirona_description/share/minigirona_description/package.xml
[0.956s] Invoked command in '/home/adel/ros2_ws/build/minigirona_description' returned '0': CMAKE_PREFIX_PATH=/home/adel/ros2_ws/install/cola2_lib_ros:/home/adel/ros2_ws/install/cola2_msgs:/home/adel/ros2_ws/install/cola2_lib:/home/adel/ros2_ws/install/minigirona_stonefish:/home/adel/ros2_ws/install/stonefish_ros2:/home/adel/ros2_ws/install/cola2_minigirona:/home/adel/ros2_ws/install/minigirona_description:/home/adel/ros2_ws/install/cola2_control:/opt/ros/humble LD_LIBRARY_PATH=/home/adel/ros2_ws/install/cola2_lib_ros/lib:/home/adel/ros2_ws/install/cola2_msgs/lib:/home/adel/ros2_ws/install/cola2_lib/lib:/home/adel/ros2_ws/install/stonefish_ros2/lib:/opt/ros/humble/opt/rviz_ogre_vendor/lib:/opt/ros/humble/lib/x86_64-linux-gnu:/opt/ros/humble/lib /usr/bin/cmake --install /home/adel/ros2_ws/build/minigirona_description
