-- Found ament_cmake: 1.3.11 (/opt/ros/humble/share/ament_cmake/cmake)
-- Override CMake install command with custom implementation using symlinks instead of copying resources
-- Found rclcpp: 16.0.11 (/opt/ros/humble/share/rclcpp/cmake)
-- Found rosidl_generator_c: 3.1.6 (/opt/ros/humble/share/rosidl_generator_c/cmake)
-- Found rosidl_adapter: 3.1.6 (/opt/ros/humble/share/rosidl_adapter/cmake)
-- Found rosidl_generator_cpp: 3.1.6 (/opt/ros/humble/share/rosidl_generator_cpp/cmake)
-- Using all available rosidl_typesupport_c: rosidl_typesupport_fastrtps_c;rosidl_typesupport_introspection_c
-- Using all available rosidl_typesupport_cpp: rosidl_typesupport_fastrtps_cpp;rosidl_typesupport_introspection_cpp
-- Found rmw_implementation_cmake: 6.1.2 (/opt/ros/humble/share/rmw_implementation_cmake/cmake)
-- Found rmw_fastrtps_cpp: 6.2.7 (/opt/ros/humble/share/rmw_fastrtps_cpp/cmake)
-- Using RMW implementation 'rmw_fastrtps_cpp' as default
-- Found tf2: 0.25.11 (/opt/ros/humble/share/tf2/cmake)
-- Found tf2_ros: 0.25.11 (/opt/ros/humble/share/tf2_ros/cmake)
-- Found sensor_msgs: 4.2.4 (/opt/ros/humble/share/sensor_msgs/cmake)
-- Found diagnostic_msgs: 4.2.4 (/opt/ros/humble/share/diagnostic_msgs/cmake)
-- Found nav_msgs: 4.2.4 (/opt/ros/humble/share/nav_msgs/cmake)
-- Found cola2_msgs: 24.1.0 (/home/adel/ros2_ws/install/cola2_msgs/share/cola2_msgs/cmake)
-- COLA2_LIB found version 24.1.1
-- COLA2_LIB include directories: /home/adel/ros2_ws/install/cola2_lib/share/cola2_lib/../../include/cola2_lib;/usr/include;/usr/include/eigen3
-- COLA2_LIB libraries: cola2_io;cola2_utils;cola2_mission;cola2_comms;cola2_wmmc;cola2_wmm
-- Including COLA2_LIB include directories
-- Found cola2_lib: 1.0.0 (/home/adel/ros2_ws/install/cola2_lib/share/cola2_lib/cmake)
-- Configuring done
-- Generating done
-- Build files have been written to: /home/adel/ros2_ws/build/cola2_lib_ros
[35m[1mConsolidate compiler generated dependencies of target cola2_ros[0m
[100%] Built target cola2_ros
-- Install configuration: ""
-- Execute custom install script
-- Up-to-date symlink: /home/adel/ros2_ws/install/cola2_lib_ros/include/cola2_lib_ros/captain_helper.h
-- Up-to-date symlink: /home/adel/ros2_ws/install/cola2_lib_ros/include/cola2_lib_ros/diagnostic_helper.h
-- Up-to-date symlink: /home/adel/ros2_ws/install/cola2_lib_ros/include/cola2_lib_ros/navigation_helper.h
-- Up-to-date symlink: /home/adel/ros2_ws/install/cola2_lib_ros/include/cola2_lib_ros/param_loader.h
-- Up-to-date symlink: /home/adel/ros2_ws/install/cola2_lib_ros/include/cola2_lib_ros/serviceclient_helper.h
-- Up-to-date symlink: /home/adel/ros2_ws/install/cola2_lib_ros/include/cola2_lib_ros/setpoints_selector.h
-- Up-to-date symlink: /home/adel/ros2_ws/install/cola2_lib_ros/include/cola2_lib_ros/this_node.h
-- Up-to-date symlink: /home/adel/ros2_ws/install/cola2_lib_ros/include/cola2_lib_ros/transform_handler.h
-- Up-to-date symlink: /home/adel/ros2_ws/install/cola2_lib_ros/include/cola2_lib_ros/types.h
-- Up-to-date symlink: /home/adel/ros2_ws/install/cola2_lib_ros/lib/cola2_lib_ros/python/cola2_ros/__init__.py
-- Up-to-date symlink: /home/adel/ros2_ws/install/cola2_lib_ros/lib/cola2_lib_ros/python/cola2_ros/captain_helper.py
-- Up-to-date symlink: /home/adel/ros2_ws/install/cola2_lib_ros/lib/cola2_lib_ros/python/cola2_ros/diagnostic_helper.py
-- Up-to-date symlink: /home/adel/ros2_ws/install/cola2_lib_ros/lib/cola2_lib_ros/python/cola2_ros/navigation_helper.py
-- Up-to-date symlink: /home/adel/ros2_ws/install/cola2_lib_ros/lib/cola2_lib_ros/python/cola2_ros/param_loader.py
-- Up-to-date symlink: /home/adel/ros2_ws/install/cola2_lib_ros/lib/cola2_lib_ros/python/cola2_ros/service_helper.py
-- Up-to-date symlink: /home/adel/ros2_ws/install/cola2_lib_ros/lib/cola2_lib_ros/python/cola2_ros/this_node.py
-- Up-to-date symlink: /home/adel/ros2_ws/install/cola2_lib_ros/lib/cola2_lib_ros/python/cola2_ros/transform_handler.py
-- Up-to-date symlink: /home/adel/ros2_ws/install/cola2_lib_ros/share/cola2_lib_ros/src/cola2_lib_ros/urdf_macros.xacro
-- Up-to-date symlink: /home/adel/ros2_ws/install/cola2_lib_ros/share/cola2_lib_ros/environment/library_path.sh
-- Up-to-date symlink: /home/adel/ros2_ws/install/cola2_lib_ros/share/cola2_lib_ros/environment/library_path.dsv
-- Up-to-date symlink: /home/adel/ros2_ws/install/cola2_lib_ros/share/ament_index/resource_index/package_run_dependencies/cola2_lib_ros
-- Up-to-date symlink: /home/adel/ros2_ws/install/cola2_lib_ros/share/ament_index/resource_index/parent_prefix_path/cola2_lib_ros
-- Up-to-date symlink: /home/adel/ros2_ws/install/cola2_lib_ros/share/cola2_lib_ros/environment/ament_prefix_path.sh
-- Up-to-date symlink: /home/adel/ros2_ws/install/cola2_lib_ros/share/cola2_lib_ros/environment/ament_prefix_path.dsv
-- Up-to-date symlink: /home/adel/ros2_ws/install/cola2_lib_ros/share/cola2_lib_ros/environment/path.sh
-- Up-to-date symlink: /home/adel/ros2_ws/install/cola2_lib_ros/share/cola2_lib_ros/environment/path.dsv
-- Up-to-date symlink: /home/adel/ros2_ws/install/cola2_lib_ros/share/cola2_lib_ros/local_setup.bash
-- Up-to-date symlink: /home/adel/ros2_ws/install/cola2_lib_ros/share/cola2_lib_ros/local_setup.sh
-- Up-to-date symlink: /home/adel/ros2_ws/install/cola2_lib_ros/share/cola2_lib_ros/local_setup.zsh
-- Up-to-date symlink: /home/adel/ros2_ws/install/cola2_lib_ros/share/cola2_lib_ros/local_setup.dsv
-- Symlinking: /home/adel/ros2_ws/install/cola2_lib_ros/share/cola2_lib_ros/package.dsv
-- Up-to-date symlink: /home/adel/ros2_ws/install/cola2_lib_ros/share/ament_index/resource_index/packages/cola2_lib_ros
-- Up-to-date symlink: /home/adel/ros2_ws/install/cola2_lib_ros/share/cola2_lib_ros/cmake/ament_cmake_export_dependencies-extras.cmake
-- Up-to-date symlink: /home/adel/ros2_ws/install/cola2_lib_ros/share/cola2_lib_ros/cmake/ament_cmake_export_include_directories-extras.cmake
-- Up-to-date symlink: /home/adel/ros2_ws/install/cola2_lib_ros/share/cola2_lib_ros/cmake/ament_cmake_export_libraries-extras.cmake
-- Up-to-date symlink: /home/adel/ros2_ws/install/cola2_lib_ros/share/cola2_lib_ros/cmake/cola2_lib_rosConfig.cmake
-- Up-to-date symlink: /home/adel/ros2_ws/install/cola2_lib_ros/share/cola2_lib_ros/cmake/cola2_lib_rosConfig-version.cmake
-- Up-to-date symlink: /home/adel/ros2_ws/install/cola2_lib_ros/share/cola2_lib_ros/package.xml
-- Up-to-date: /home/adel/ros2_ws/install/cola2_lib_ros/lib/libcola2_ros.so
