[0.008s] Invoking command in '/home/adel/ros2_ws/build/stonefish_ros2': CMAKE_PREFIX_PATH=${CMAKE_PREFIX_PATH}:/opt/ros/humble /usr/bin/cmake /home/adel/ros2_ws/src/stonefish_ros2 -DAMENT_CMAKE_SYMLINK_INSTALL=1 -DCMAKE_INSTALL_PREFIX=/home/adel/ros2_ws/install/stonefish_ros2
[0.042s] -- The C compiler identification is GNU 11.4.0
[0.079s] -- The CXX compiler identification is GNU 11.4.0
[0.084s] -- Detecting C compiler ABI info
[0.132s] -- Detecting C compiler ABI info - done
[0.137s] -- Check for working C compiler: /usr/bin/cc - skipped
[0.137s] -- Detecting C compile features
[0.137s] -- Detecting C compile features - done
[0.139s] -- Detecting CXX compiler ABI info
[0.195s] -- Detecting CXX compiler ABI info - done
[0.199s] -- Check for working CXX compiler: /usr/bin/c++ - skipped
[0.199s] -- Detecting CXX compile features
[0.200s] -- Detecting CXX compile features - done
[0.201s] -- Found ament_cmake: 1.3.11 (/opt/ros/humble/share/ament_cmake/cmake)
[0.305s] -- Found Python3: /usr/bin/python3 (found version "3.10.12") found components: Interpreter 
[0.352s] -- Override CMake install command with custom implementation using symlinks instead of copying resources
[0.365s] -- Found rclcpp: 16.0.11 (/opt/ros/humble/share/rclcpp/cmake)
[0.389s] -- Found rosidl_generator_c: 3.1.6 (/opt/ros/humble/share/rosidl_generator_c/cmake)
[0.391s] -- Found rosidl_adapter: 3.1.6 (/opt/ros/humble/share/rosidl_adapter/cmake)
[0.396s] -- Found rosidl_generator_cpp: 3.1.6 (/opt/ros/humble/share/rosidl_generator_cpp/cmake)
[0.403s] -- Using all available rosidl_typesupport_c: rosidl_typesupport_fastrtps_c;rosidl_typesupport_introspection_c
[0.412s] -- Using all available rosidl_typesupport_cpp: rosidl_typesupport_fastrtps_cpp;rosidl_typesupport_introspection_cpp
[0.438s] -- Found rmw_implementation_cmake: 6.1.2 (/opt/ros/humble/share/rmw_implementation_cmake/cmake)
[0.439s] -- Found rmw_fastrtps_cpp: 6.2.7 (/opt/ros/humble/share/rmw_fastrtps_cpp/cmake)
[0.501s] -- Found OpenSSL: /usr/lib/x86_64-linux-gnu/libcrypto.so (found version "3.0.2")  
[0.521s] -- Found FastRTPS: /opt/ros/humble/include  
[0.550s] -- Using RMW implementation 'rmw_fastrtps_cpp' as default
[0.554s] -- Looking for pthread.h
[0.617s] -- Looking for pthread.h - found
[0.617s] -- Performing Test CMAKE_HAVE_LIBC_PTHREAD
[0.755s] -- Performing Test CMAKE_HAVE_LIBC_PTHREAD - Success
[0.756s] -- Found Threads: TRUE  
[0.920s] -- Found std_srvs: 4.2.4 (/opt/ros/humble/share/std_srvs/cmake)
[0.943s] -- Found geometry_msgs: 4.2.4 (/opt/ros/humble/share/geometry_msgs/cmake)
[0.989s] -- Found nav_msgs: 4.2.4 (/opt/ros/humble/share/nav_msgs/cmake)
[1.053s] -- Found sensor_msgs: 4.2.4 (/opt/ros/humble/share/sensor_msgs/cmake)
[1.089s] -- Found visualization_msgs: 4.2.4 (/opt/ros/humble/share/visualization_msgs/cmake)
[1.121s] -- Found rosidl_default_generators: 1.2.0 (/opt/ros/humble/share/rosidl_default_generators/cmake)
[1.137s] -- Found pcl_conversions: 2.4.5 (/opt/ros/humble/share/pcl_conversions/cmake)
[1.191s] -- Checking for module 'eigen3'
[1.210s] --   Found eigen3, version 3.4.0
[1.262s] -- Found Eigen: /usr/include/eigen3 (Required is at least version "3.1") 
[1.263s] -- Eigen found (include: /usr/include/eigen3, version: 3.4.0)
[1.305s] -- Checking for module 'flann'
[1.340s] --   Found flann, version 1.9.1
[1.422s] -- Found FLANN: /usr/lib/x86_64-linux-gnu/libflann_cpp.so  
[1.423s] -- FLANN found (include: /usr/include, lib: /usr/lib/x86_64-linux-gnu/libflann_cpp.so)
[2.440s] -- Checking for module 'libusb-1.0'
[2.456s] --   Found libusb-1.0, version 1.0.25
[2.488s] -- Found libusb: /usr/lib/x86_64-linux-gnu/libusb-1.0.so  
[2.489s] -- OpenNI found (version: 1.5.4.0, include: /usr/include/ni, lib: /usr/lib/libOpenNI.so;libusb::libusb)
[2.566s] -- OpenNI2 found (version: 2.2.0.33, include: /usr/include/openni2, lib: /usr/lib/x86_64-linux-gnu/libOpenNI2.so;libusb::libusb)
[2.752s] -- Eigen found (include: /usr/include/eigen3, version: 3.4.0)
[2.759s] -- OpenNI found (version: 1.5.4.0, include: /usr/include/ni, lib: /usr/lib/libOpenNI.so;libusb::libusb)
[2.766s] -- OpenNI2 found (version: 2.2.0.33, include: /usr/include/openni2, lib: /usr/lib/x86_64-linux-gnu/libOpenNI2.so;libusb::libusb)
[2.913s] -- Found Qhull version 8.0.2
[3.050s] -- OpenNI found (version: 1.5.4.0, include: /usr/include/ni, lib: /usr/lib/libOpenNI.so;libusb::libusb)
[3.184s] -- Found PCL_COMMON: /usr/lib/x86_64-linux-gnu/libpcl_common.so  
[3.185s] -- Found PCL_KDTREE: /usr/lib/x86_64-linux-gnu/libpcl_kdtree.so  
[3.185s] -- Found PCL_OCTREE: /usr/lib/x86_64-linux-gnu/libpcl_octree.so  
[3.186s] -- Found PCL_SEARCH: /usr/lib/x86_64-linux-gnu/libpcl_search.so  
[3.187s] -- Found PCL_SAMPLE_CONSENSUS: /usr/lib/x86_64-linux-gnu/libpcl_sample_consensus.so  
[3.187s] -- Found PCL_FILTERS: /usr/lib/x86_64-linux-gnu/libpcl_filters.so  
[3.188s] -- Found PCL_2D: /usr/include/pcl-1.12  
[3.188s] -- Found PCL_GEOMETRY: /usr/include/pcl-1.12  
[3.189s] -- Found PCL_IO: /usr/lib/x86_64-linux-gnu/libpcl_io.so  
[3.189s] -- Found PCL_FEATURES: /usr/lib/x86_64-linux-gnu/libpcl_features.so  
[3.190s] -- Found PCL_ML: /usr/lib/x86_64-linux-gnu/libpcl_ml.so  
[3.191s] -- Found PCL_SEGMENTATION: /usr/lib/x86_64-linux-gnu/libpcl_segmentation.so  
[3.192s] -- Found PCL_VISUALIZATION: /usr/lib/x86_64-linux-gnu/libpcl_visualization.so  
[3.192s] -- Found PCL_SURFACE: /usr/lib/x86_64-linux-gnu/libpcl_surface.so  
[3.193s] -- Found PCL_REGISTRATION: /usr/lib/x86_64-linux-gnu/libpcl_registration.so  
[3.194s] -- Found PCL_KEYPOINTS: /usr/lib/x86_64-linux-gnu/libpcl_keypoints.so  
[3.195s] -- Found PCL_TRACKING: /usr/lib/x86_64-linux-gnu/libpcl_tracking.so  
[3.195s] -- Found PCL_RECOGNITION: /usr/lib/x86_64-linux-gnu/libpcl_recognition.so  
[3.196s] -- Found PCL_STEREO: /usr/lib/x86_64-linux-gnu/libpcl_stereo.so  
[3.197s] -- Found PCL_APPS: /usr/lib/x86_64-linux-gnu/libpcl_apps.so  
[3.197s] -- Found PCL_IN_HAND_SCANNER: /usr/include/pcl-1.12  
[3.198s] -- Found PCL_MODELER: /usr/include/pcl-1.12  
[3.198s] -- Found PCL_POINT_CLOUD_EDITOR: /usr/include/pcl-1.12  
[3.199s] -- Found PCL_OUTOFCORE: /usr/lib/x86_64-linux-gnu/libpcl_outofcore.so  
[3.199s] -- Found PCL_PEOPLE: /usr/lib/x86_64-linux-gnu/libpcl_people.so  
[3.202s] -- Found image_transport: 3.1.10 (/opt/ros/humble/share/image_transport/cmake)
[3.221s] -- Found tf2: 0.25.11 (/opt/ros/humble/share/tf2/cmake)
[3.224s] -- Found tf2_ros: 0.25.11 (/opt/ros/humble/share/tf2_ros/cmake)
[3.290s] -- Found OpenGL: /usr/lib/x86_64-linux-gnu/libOpenGL.so   
[3.294s] -- Found Freetype: /usr/lib/x86_64-linux-gnu/libfreetype.so (found version "2.11.1") 
[3.544s] -- Found OpenMP_C: -fopenmp (found version "4.5") 
[3.623s] -- Found OpenMP_CXX: -fopenmp (found version "4.5") 
[3.624s] -- Found OpenMP: TRUE (found version "4.5")  
[3.931s] -- Found ament_cmake_ros: 0.10.0 (/opt/ros/humble/share/ament_cmake_ros/cmake)
[4.305s] -- Using all available rosidl_typesupport_c: rosidl_typesupport_fastrtps_c;rosidl_typesupport_introspection_c
[4.448s] -- Using all available rosidl_typesupport_cpp: rosidl_typesupport_fastrtps_cpp;rosidl_typesupport_introspection_cpp
[4.475s] -- Found PythonInterp: /usr/bin/python3 (found suitable version "3.10.12", minimum required is "3.6") 
[4.477s] -- Found python_cmake_module: 0.10.0 (/opt/ros/humble/share/python_cmake_module/cmake)
[4.506s] -- Found PythonLibs: /usr/lib/x86_64-linux-gnu/libpython3.10.so (found suitable version "3.10.12", minimum required is "3.5") 
[4.506s] -- Using PYTHON_EXECUTABLE: /usr/bin/python3
[4.506s] -- Using PYTHON_INCLUDE_DIRS: /usr/include/python3.10
[4.506s] -- Using PYTHON_LIBRARIES: /usr/lib/x86_64-linux-gnu/libpython3.10.so
[4.530s] -- Found PythonExtra: .so  
[4.586s] [33mCMake Warning (dev) at CMakeLists.txt:45 (find_package):
[4.586s]   Policy CMP0074 is not set: find_package uses <PackageName>_ROOT variables.
[4.586s]   Run "cmake --help-policy CMP0074" for policy details.  Use the cmake_policy
[4.586s]   command to set the policy and suppress this warning.
[4.586s] 
[4.586s]   CMake variable PCL_ROOT is set to:
[4.587s] 
[4.587s]     /usr
[4.587s] 
[4.587s]   For compatibility, CMake is ignoring the variable.
[4.587s] This warning is for project developers.  Use -Wno-dev to suppress it.
[4.587s] [0m
[4.604s] -- Found ament_lint_auto: 0.12.11 (/opt/ros/humble/share/ament_lint_auto/cmake)
[4.617s] -- Added test 'cppcheck' to perform static code analysis on C / C++ code
[4.617s] -- Configured cppcheck include dirs: $<BUILD_INTERFACE:/home/adel/ros2_ws/src/stonefish_ros2/include>
[4.617s] -- Configured cppcheck exclude dirs and/or files: 
[4.618s] -- Added test 'flake8' to check Python code syntax and style conventions
[4.619s] -- Added test 'lint_cmake' to check CMake code style
[4.619s] -- Added test 'pep257' to check Python code against some of the docstring style conventions in PEP 257
[4.621s] -- Added test 'uncrustify' to check C / C++ code style
[4.621s] -- Configured uncrustify additional arguments: 
[4.622s] -- Added test 'xmllint' to check XML markup files
[4.624s] -- Configuring done
[4.710s] -- Generating done
[4.734s] -- Build files have been written to: /home/adel/ros2_ws/build/stonefish_ros2
[4.752s] Invoked command in '/home/adel/ros2_ws/build/stonefish_ros2' returned '0': CMAKE_PREFIX_PATH=${CMAKE_PREFIX_PATH}:/opt/ros/humble /usr/bin/cmake /home/adel/ros2_ws/src/stonefish_ros2 -DAMENT_CMAKE_SYMLINK_INSTALL=1 -DCMAKE_INSTALL_PREFIX=/home/adel/ros2_ws/install/stonefish_ros2
[4.754s] Invoking command in '/home/adel/ros2_ws/build/stonefish_ros2': CMAKE_PREFIX_PATH=${CMAKE_PREFIX_PATH}:/opt/ros/humble /usr/bin/cmake --build /home/adel/ros2_ws/build/stonefish_ros2 -- -j12 -l12
[4.802s] [  1%] [34m[1mGenerating C code for ROS interfaces[0m
[4.815s] [  1%] [34m[1mGenerating C++ code for ROS interfaces[0m
[4.817s] [  1%] Built target ament_cmake_python_symlink_stonefish_ros2
[5.195s] running egg_info
[5.195s] creating stonefish_ros2.egg-info
[5.196s] writing stonefish_ros2.egg-info/PKG-INFO
[5.197s] writing dependency_links to stonefish_ros2.egg-info/dependency_links.txt
[5.197s] writing top-level names to stonefish_ros2.egg-info/top_level.txt
[5.200s] writing manifest file 'stonefish_ros2.egg-info/SOURCES.txt'
[5.201s] reading manifest file 'stonefish_ros2.egg-info/SOURCES.txt'
[5.202s] writing manifest file 'stonefish_ros2.egg-info/SOURCES.txt'
[5.250s] [  1%] Built target ament_cmake_python_build_stonefish_ros2_egg
[6.331s] [  1%] Built target stonefish_ros2__cpp
[6.348s] [  2%] [34m[1mGenerating C++ type support dispatch for ROS interfaces[0m
[6.352s] [  3%] [34m[1mGenerating C++ type support for eProsima Fast-RTPS[0m
[6.356s] [  4%] [34m[1mGenerating C++ introspection for ROS interfaces[0m
[6.473s] [  5%] [32mBuilding C object CMakeFiles/stonefish_ros2__rosidl_generator_c.dir/rosidl_generator_c/stonefish_ros2/msg/detail/int32_stamped__functions.c.o[0m
[6.473s] [  6%] [32mBuilding C object CMakeFiles/stonefish_ros2__rosidl_generator_c.dir/rosidl_generator_c/stonefish_ros2/msg/detail/beacon_info__functions.c.o[0m
[6.475s] [  6%] [32mBuilding C object CMakeFiles/stonefish_ros2__rosidl_generator_c.dir/rosidl_generator_c/stonefish_ros2/msg/detail/ned_pose__functions.c.o[0m
[6.481s] [  7%] [32mBuilding C object CMakeFiles/stonefish_ros2__rosidl_generator_c.dir/rosidl_generator_c/stonefish_ros2/msg/detail/ins__functions.c.o[0m
[6.493s] [  8%] [32mBuilding C object CMakeFiles/stonefish_ros2__rosidl_generator_c.dir/rosidl_generator_c/stonefish_ros2/msg/detail/dvl_beam__functions.c.o[0m
[6.495s] [  9%] [32mBuilding C object CMakeFiles/stonefish_ros2__rosidl_generator_c.dir/rosidl_generator_c/stonefish_ros2/msg/detail/dvl__functions.c.o[0m
[6.504s] [ 10%] [32mBuilding C object CMakeFiles/stonefish_ros2__rosidl_generator_c.dir/rosidl_generator_c/stonefish_ros2/msg/detail/thruster_state__functions.c.o[0m
[6.509s] [ 11%] [32mBuilding C object CMakeFiles/stonefish_ros2__rosidl_generator_c.dir/rosidl_generator_c/stonefish_ros2/msg/detail/debug_physics__functions.c.o[0m
[6.510s] [ 11%] [32mBuilding C object CMakeFiles/stonefish_ros2__rosidl_generator_c.dir/rosidl_generator_c/stonefish_ros2/srv/detail/sonar_settings__functions.c.o[0m
[6.576s] [ 12%] [32mBuilding C object CMakeFiles/stonefish_ros2__rosidl_generator_c.dir/rosidl_generator_c/stonefish_ros2/srv/detail/sonar_settings2__functions.c.o[0m
[6.598s] [ 13%] [32mBuilding C object CMakeFiles/stonefish_ros2__rosidl_generator_c.dir/rosidl_generator_c/stonefish_ros2/srv/detail/respawn__functions.c.o[0m
[6.697s] [ 14%] [32m[1mLinking C shared library libstonefish_ros2__rosidl_generator_c.so[0m
[6.757s] [ 14%] Built target stonefish_ros2__rosidl_generator_c
[6.768s] [ 15%] [34m[1mGenerating C introspection for ROS interfaces[0m
[6.775s] [ 16%] [34m[1mGenerating C type support for eProsima Fast-RTPS[0m
[6.780s] [ 17%] [34m[1mGenerating C type support dispatch for ROS interfaces[0m
[7.646s] [ 18%] [32mBuilding CXX object CMakeFiles/stonefish_ros2__rosidl_typesupport_cpp.dir/rosidl_typesupport_cpp/stonefish_ros2/msg/beacon_info__type_support.cpp.o[0m
[7.651s] [ 19%] [32mBuilding CXX object CMakeFiles/stonefish_ros2__rosidl_typesupport_cpp.dir/rosidl_typesupport_cpp/stonefish_ros2/msg/int32_stamped__type_support.cpp.o[0m
[7.657s] [ 20%] [32mBuilding CXX object CMakeFiles/stonefish_ros2__rosidl_typesupport_cpp.dir/rosidl_typesupport_cpp/stonefish_ros2/msg/ned_pose__type_support.cpp.o[0m
[7.658s] [ 20%] [32mBuilding CXX object CMakeFiles/stonefish_ros2__rosidl_typesupport_cpp.dir/rosidl_typesupport_cpp/stonefish_ros2/msg/ins__type_support.cpp.o[0m
[7.671s] [ 21%] [32mBuilding CXX object CMakeFiles/stonefish_ros2__rosidl_typesupport_cpp.dir/rosidl_typesupport_cpp/stonefish_ros2/msg/thruster_state__type_support.cpp.o[0m
[7.672s] [ 22%] [32mBuilding CXX object CMakeFiles/stonefish_ros2__rosidl_typesupport_cpp.dir/rosidl_typesupport_cpp/stonefish_ros2/msg/dvl_beam__type_support.cpp.o[0m
[7.675s] [ 23%] [32mBuilding CXX object CMakeFiles/stonefish_ros2__rosidl_typesupport_cpp.dir/rosidl_typesupport_cpp/stonefish_ros2/msg/dvl__type_support.cpp.o[0m
[8.223s] [ 24%] [32mBuilding CXX object CMakeFiles/stonefish_ros2__rosidl_typesupport_fastrtps_cpp.dir/rosidl_typesupport_fastrtps_cpp/stonefish_ros2/msg/detail/dds_fastrtps/int32_stamped__type_support.cpp.o[0m
[8.235s] [ 25%] [32mBuilding CXX object CMakeFiles/stonefish_ros2__rosidl_typesupport_cpp.dir/rosidl_typesupport_cpp/stonefish_ros2/msg/debug_physics__type_support.cpp.o[0m
[8.244s] [ 25%] [32mBuilding CXX object CMakeFiles/stonefish_ros2__rosidl_typesupport_cpp.dir/rosidl_typesupport_cpp/stonefish_ros2/srv/sonar_settings__type_support.cpp.o[0m
[8.263s] [ 26%] [32mBuilding CXX object CMakeFiles/stonefish_ros2__rosidl_typesupport_cpp.dir/rosidl_typesupport_cpp/stonefish_ros2/srv/sonar_settings2__type_support.cpp.o[0m
[8.297s] [ 27%] [32mBuilding CXX object CMakeFiles/stonefish_ros2__rosidl_typesupport_cpp.dir/rosidl_typesupport_cpp/stonefish_ros2/srv/respawn__type_support.cpp.o[0m
[8.396s] [ 28%] [32mBuilding CXX object CMakeFiles/stonefish_ros2__rosidl_typesupport_fastrtps_cpp.dir/rosidl_typesupport_fastrtps_cpp/stonefish_ros2/msg/detail/dds_fastrtps/beacon_info__type_support.cpp.o[0m
[8.495s] [ 29%] [32mBuilding CXX object CMakeFiles/stonefish_ros2__rosidl_typesupport_introspection_cpp.dir/rosidl_typesupport_introspection_cpp/stonefish_ros2/msg/detail/int32_stamped__type_support.cpp.o[0m
[8.498s] [ 30%] [32mBuilding CXX object CMakeFiles/stonefish_ros2__rosidl_typesupport_fastrtps_cpp.dir/rosidl_typesupport_fastrtps_cpp/stonefish_ros2/msg/detail/dds_fastrtps/ned_pose__type_support.cpp.o[0m
[8.500s] [ 30%] [32mBuilding CXX object CMakeFiles/stonefish_ros2__rosidl_typesupport_fastrtps_cpp.dir/rosidl_typesupport_fastrtps_cpp/stonefish_ros2/msg/detail/dds_fastrtps/ins__type_support.cpp.o[0m
[8.520s] [ 30%] [32mBuilding CXX object CMakeFiles/stonefish_ros2__rosidl_typesupport_c.dir/rosidl_typesupport_c/stonefish_ros2/msg/int32_stamped__type_support.cpp.o[0m
[8.598s] [ 31%] [32mBuilding CXX object CMakeFiles/stonefish_ros2__rosidl_typesupport_c.dir/rosidl_typesupport_c/stonefish_ros2/msg/beacon_info__type_support.cpp.o[0m
[8.661s] [ 32%] [32mBuilding CXX object CMakeFiles/stonefish_ros2__rosidl_typesupport_c.dir/rosidl_typesupport_c/stonefish_ros2/msg/ned_pose__type_support.cpp.o[0m
[8.703s] [ 33%] [32mBuilding CXX object CMakeFiles/stonefish_ros2__rosidl_typesupport_c.dir/rosidl_typesupport_c/stonefish_ros2/msg/ins__type_support.cpp.o[0m
[8.761s] [ 34%] [32mBuilding CXX object CMakeFiles/stonefish_ros2__rosidl_typesupport_introspection_cpp.dir/rosidl_typesupport_introspection_cpp/stonefish_ros2/msg/detail/beacon_info__type_support.cpp.o[0m
[8.771s] [ 35%] [32mBuilding CXX object CMakeFiles/stonefish_ros2__rosidl_typesupport_c.dir/rosidl_typesupport_c/stonefish_ros2/msg/dvl_beam__type_support.cpp.o[0m
[8.787s] [ 36%] [32mBuilding CXX object CMakeFiles/stonefish_ros2__rosidl_typesupport_fastrtps_cpp.dir/rosidl_typesupport_fastrtps_cpp/stonefish_ros2/msg/detail/dds_fastrtps/dvl_beam__type_support.cpp.o[0m
[8.856s] [ 37%] [32mBuilding CXX object CMakeFiles/stonefish_ros2__rosidl_typesupport_c.dir/rosidl_typesupport_c/stonefish_ros2/msg/dvl__type_support.cpp.o[0m
[8.921s] [ 37%] [32mBuilding CXX object CMakeFiles/stonefish_ros2__rosidl_typesupport_c.dir/rosidl_typesupport_c/stonefish_ros2/msg/thruster_state__type_support.cpp.o[0m
[8.967s] [ 38%] [32mBuilding CXX object CMakeFiles/stonefish_ros2__rosidl_typesupport_fastrtps_cpp.dir/rosidl_typesupport_fastrtps_cpp/stonefish_ros2/msg/detail/dds_fastrtps/dvl__type_support.cpp.o[0m
[9.008s] [ 39%] [32mBuilding CXX object CMakeFiles/stonefish_ros2__rosidl_typesupport_c.dir/rosidl_typesupport_c/stonefish_ros2/msg/debug_physics__type_support.cpp.o[0m
[9.030s] [ 40%] [32mBuilding C object CMakeFiles/stonefish_ros2__rosidl_typesupport_introspection_c.dir/rosidl_typesupport_introspection_c/stonefish_ros2/msg/detail/int32_stamped__type_support.c.o[0m
[9.096s] [ 41%] [32mBuilding CXX object CMakeFiles/stonefish_ros2__rosidl_typesupport_c.dir/rosidl_typesupport_c/stonefish_ros2/srv/sonar_settings__type_support.cpp.o[0m
[9.123s] [ 42%] [32mBuilding C object CMakeFiles/stonefish_ros2__rosidl_typesupport_introspection_c.dir/rosidl_typesupport_introspection_c/stonefish_ros2/msg/detail/beacon_info__type_support.c.o[0m
[9.138s] [ 43%] [32m[1mLinking CXX shared library libstonefish_ros2__rosidl_typesupport_cpp.so[0m
[9.184s] [ 44%] [32mBuilding CXX object CMakeFiles/stonefish_ros2__rosidl_typesupport_c.dir/rosidl_typesupport_c/stonefish_ros2/srv/sonar_settings2__type_support.cpp.o[0m
[9.227s] [ 44%] [32mBuilding C object CMakeFiles/stonefish_ros2__rosidl_typesupport_introspection_c.dir/rosidl_typesupport_introspection_c/stonefish_ros2/msg/detail/ned_pose__type_support.c.o[0m
[9.240s] [ 45%] [32mBuilding C object CMakeFiles/stonefish_ros2__rosidl_typesupport_introspection_c.dir/rosidl_typesupport_introspection_c/stonefish_ros2/msg/detail/ins__type_support.c.o[0m
[9.260s] [ 45%] Built target stonefish_ros2__rosidl_typesupport_cpp
[9.285s] [ 46%] [32mBuilding CXX object CMakeFiles/stonefish_ros2__rosidl_typesupport_introspection_cpp.dir/rosidl_typesupport_introspection_cpp/stonefish_ros2/msg/detail/ned_pose__type_support.cpp.o[0m
[9.296s] [ 47%] [32mBuilding CXX object CMakeFiles/stonefish_ros2__rosidl_typesupport_c.dir/rosidl_typesupport_c/stonefish_ros2/srv/respawn__type_support.cpp.o[0m
[9.333s] [ 48%] [32mBuilding CXX object CMakeFiles/stonefish_ros2_interface.dir/src/stonefish_ros2/ROS2ConsoleSimulationApp.cpp.o[0m
[9.345s] [ 49%] [32mBuilding C object CMakeFiles/stonefish_ros2__rosidl_typesupport_introspection_c.dir/rosidl_typesupport_introspection_c/stonefish_ros2/msg/detail/dvl_beam__type_support.c.o[0m
[9.361s] [ 50%] [32mBuilding CXX object CMakeFiles/stonefish_ros2_interface.dir/src/stonefish_ros2/ROS2GraphicalSimulationApp.cpp.o[0m
[9.361s] [ 51%] [32mBuilding C object CMakeFiles/stonefish_ros2__rosidl_typesupport_introspection_c.dir/rosidl_typesupport_introspection_c/stonefish_ros2/msg/detail/dvl__type_support.c.o[0m
[9.396s] [ 52%] [32mBuilding CXX object CMakeFiles/stonefish_ros2_interface.dir/src/stonefish_ros2/ROS2SimulationManager.cpp.o[0m
[9.397s] [ 53%] [32m[1mLinking CXX shared library libstonefish_ros2__rosidl_typesupport_c.so[0m
[9.442s] [ 54%] [32mBuilding CXX object CMakeFiles/stonefish_ros2_interface.dir/src/stonefish_ros2/ROS2ScenarioParser.cpp.o[0m
[9.488s] [ 55%] [32mBuilding C object CMakeFiles/stonefish_ros2__rosidl_typesupport_introspection_c.dir/rosidl_typesupport_introspection_c/stonefish_ros2/msg/detail/thruster_state__type_support.c.o[0m
[9.488s] [ 55%] [32mBuilding CXX object CMakeFiles/stonefish_ros2_interface.dir/src/stonefish_ros2/ROS2Interface.cpp.o[0m
[9.547s] [ 55%] Built target stonefish_ros2__rosidl_typesupport_c
[9.578s] [ 56%] [32mBuilding CXX object CMakeFiles/stonefish_ros2__rosidl_typesupport_introspection_cpp.dir/rosidl_typesupport_introspection_cpp/stonefish_ros2/msg/detail/ins__type_support.cpp.o[0m
[9.584s] [ 56%] [32mBuilding CXX object CMakeFiles/stonefish_ros2__rosidl_typesupport_introspection_cpp.dir/rosidl_typesupport_introspection_cpp/stonefish_ros2/msg/detail/dvl_beam__type_support.cpp.o[0m
[9.611s] [ 57%] [32mBuilding C object CMakeFiles/stonefish_ros2__rosidl_typesupport_introspection_c.dir/rosidl_typesupport_introspection_c/stonefish_ros2/msg/detail/debug_physics__type_support.c.o[0m
[9.699s] [ 58%] [32mBuilding CXX object CMakeFiles/stonefish_ros2__rosidl_typesupport_fastrtps_c.dir/rosidl_typesupport_fastrtps_c/stonefish_ros2/msg/detail/int32_stamped__type_support_c.cpp.o[0m
[9.718s] [ 58%] [32mBuilding C object CMakeFiles/stonefish_ros2__rosidl_typesupport_introspection_c.dir/rosidl_typesupport_introspection_c/stonefish_ros2/srv/detail/sonar_settings__type_support.c.o[0m
[9.757s] [ 59%] [32mBuilding CXX object CMakeFiles/stonefish_ros2__rosidl_typesupport_fastrtps_cpp.dir/rosidl_typesupport_fastrtps_cpp/stonefish_ros2/msg/detail/dds_fastrtps/thruster_state__type_support.cpp.o[0m
[9.833s] [ 60%] [32mBuilding C object CMakeFiles/stonefish_ros2__rosidl_typesupport_introspection_c.dir/rosidl_typesupport_introspection_c/stonefish_ros2/srv/detail/sonar_settings2__type_support.c.o[0m
[9.941s] [ 61%] [32mBuilding C object CMakeFiles/stonefish_ros2__rosidl_typesupport_introspection_c.dir/rosidl_typesupport_introspection_c/stonefish_ros2/srv/detail/respawn__type_support.c.o[0m
[10.053s] [ 62%] [32m[1mLinking C shared library libstonefish_ros2__rosidl_typesupport_introspection_c.so[0m
[10.106s] [ 63%] [32mBuilding CXX object CMakeFiles/stonefish_ros2__rosidl_typesupport_fastrtps_cpp.dir/rosidl_typesupport_fastrtps_cpp/stonefish_ros2/msg/detail/dds_fastrtps/debug_physics__type_support.cpp.o[0m
[10.155s] [ 63%] Built target stonefish_ros2__rosidl_typesupport_introspection_c
[10.183s] [ 64%] [32mBuilding CXX object CMakeFiles/stonefish_ros2__rosidl_typesupport_fastrtps_cpp.dir/rosidl_typesupport_fastrtps_cpp/stonefish_ros2/srv/detail/dds_fastrtps/sonar_settings__type_support.cpp.o[0m
[10.274s] [ 65%] [32mBuilding CXX object CMakeFiles/stonefish_ros2__rosidl_typesupport_introspection_cpp.dir/rosidl_typesupport_introspection_cpp/stonefish_ros2/msg/detail/dvl__type_support.cpp.o[0m
[10.322s] [ 66%] [32mBuilding CXX object CMakeFiles/stonefish_ros2__rosidl_typesupport_introspection_cpp.dir/rosidl_typesupport_introspection_cpp/stonefish_ros2/msg/detail/thruster_state__type_support.cpp.o[0m
[10.676s] [ 67%] [32mBuilding CXX object CMakeFiles/stonefish_ros2__rosidl_typesupport_introspection_cpp.dir/rosidl_typesupport_introspection_cpp/stonefish_ros2/msg/detail/debug_physics__type_support.cpp.o[0m
[10.765s] [ 67%] [32mBuilding CXX object CMakeFiles/stonefish_ros2__rosidl_typesupport_fastrtps_c.dir/rosidl_typesupport_fastrtps_c/stonefish_ros2/msg/detail/beacon_info__type_support_c.cpp.o[0m
[11.226s] [ 67%] [32mBuilding CXX object CMakeFiles/stonefish_ros2__rosidl_typesupport_fastrtps_cpp.dir/rosidl_typesupport_fastrtps_cpp/stonefish_ros2/srv/detail/dds_fastrtps/sonar_settings2__type_support.cpp.o[0m
[11.291s] [ 68%] [32mBuilding CXX object CMakeFiles/stonefish_ros2__rosidl_typesupport_introspection_cpp.dir/rosidl_typesupport_introspection_cpp/stonefish_ros2/srv/detail/sonar_settings__type_support.cpp.o[0m
[11.451s] [ 69%] [32mBuilding CXX object CMakeFiles/stonefish_ros2__rosidl_typesupport_fastrtps_c.dir/rosidl_typesupport_fastrtps_c/stonefish_ros2/msg/detail/ned_pose__type_support_c.cpp.o[0m
[11.535s] [ 70%] [32mBuilding CXX object CMakeFiles/stonefish_ros2__rosidl_typesupport_introspection_cpp.dir/rosidl_typesupport_introspection_cpp/stonefish_ros2/srv/detail/sonar_settings2__type_support.cpp.o[0m
[11.798s] [ 71%] [32mBuilding CXX object CMakeFiles/stonefish_ros2__rosidl_typesupport_fastrtps_c.dir/rosidl_typesupport_fastrtps_c/stonefish_ros2/msg/detail/ins__type_support_c.cpp.o[0m
[12.100s] [ 71%] [32mBuilding CXX object CMakeFiles/stonefish_ros2__rosidl_typesupport_introspection_cpp.dir/rosidl_typesupport_introspection_cpp/stonefish_ros2/srv/detail/respawn__type_support.cpp.o[0m
[12.343s] [ 72%] [32mBuilding CXX object CMakeFiles/stonefish_ros2__rosidl_typesupport_fastrtps_cpp.dir/rosidl_typesupport_fastrtps_cpp/stonefish_ros2/srv/detail/dds_fastrtps/respawn__type_support.cpp.o[0m
[12.435s] [ 73%] [32mBuilding CXX object CMakeFiles/stonefish_ros2__rosidl_typesupport_fastrtps_c.dir/rosidl_typesupport_fastrtps_c/stonefish_ros2/msg/detail/dvl_beam__type_support_c.cpp.o[0m
[12.617s] [ 74%] [32mBuilding CXX object CMakeFiles/stonefish_ros2__rosidl_typesupport_fastrtps_c.dir/rosidl_typesupport_fastrtps_c/stonefish_ros2/msg/detail/dvl__type_support_c.cpp.o[0m
[12.617s] [ 75%] [32mBuilding CXX object CMakeFiles/stonefish_ros2__rosidl_typesupport_fastrtps_c.dir/rosidl_typesupport_fastrtps_c/stonefish_ros2/msg/detail/thruster_state__type_support_c.cpp.o[0m
[13.109s] [ 75%] [32mBuilding CXX object CMakeFiles/stonefish_ros2__rosidl_typesupport_fastrtps_c.dir/rosidl_typesupport_fastrtps_c/stonefish_ros2/msg/detail/debug_physics__type_support_c.cpp.o[0m
[13.670s] [ 76%] [32mBuilding CXX object CMakeFiles/stonefish_ros2__rosidl_typesupport_fastrtps_c.dir/rosidl_typesupport_fastrtps_c/stonefish_ros2/srv/detail/sonar_settings__type_support_c.cpp.o[0m
[13.903s] [ 77%] [32m[1mLinking CXX shared library libstonefish_ros2__rosidl_typesupport_introspection_cpp.so[0m
[14.322s] [ 77%] Built target stonefish_ros2__rosidl_typesupport_introspection_cpp
[14.349s] [ 78%] [32mBuilding CXX object CMakeFiles/stonefish_ros2__rosidl_typesupport_fastrtps_c.dir/rosidl_typesupport_fastrtps_c/stonefish_ros2/srv/detail/sonar_settings2__type_support_c.cpp.o[0m
[14.391s] [ 79%] [32mBuilding CXX object CMakeFiles/stonefish_ros2__rosidl_typesupport_fastrtps_c.dir/rosidl_typesupport_fastrtps_c/stonefish_ros2/srv/detail/respawn__type_support_c.cpp.o[0m
[14.402s] [ 80%] [32m[1mLinking CXX shared library libstonefish_ros2__rosidl_typesupport_fastrtps_cpp.so[0m
[14.764s] [ 80%] Built target stonefish_ros2__rosidl_typesupport_fastrtps_cpp
[15.777s] [ 81%] [32m[1mLinking CXX shared library libstonefish_ros2__rosidl_typesupport_fastrtps_c.so[0m
[16.066s] [ 81%] Built target stonefish_ros2__rosidl_typesupport_fastrtps_c
[16.339s] [ 81%] Built target stonefish_ros2
[16.488s] [ 82%] [34m[1mGenerating Python code for ROS interfaces[0m
[31.997s] [ 82%] Built target stonefish_ros2__py
[32.105s] [ 83%] [32mBuilding C object CMakeFiles/stonefish_ros2__rosidl_generator_py.dir/rosidl_generator_py/stonefish_ros2/msg/_int32_stamped_s.c.o[0m
[32.106s] [ 84%] [32mBuilding C object CMakeFiles/stonefish_ros2__rosidl_generator_py.dir/rosidl_generator_py/stonefish_ros2/msg/_beacon_info_s.c.o[0m
[32.107s] [ 85%] [32mBuilding C object CMakeFiles/stonefish_ros2__rosidl_generator_py.dir/rosidl_generator_py/stonefish_ros2/msg/_dvl_beam_s.c.o[0m
[32.113s] [ 86%] [32mBuilding C object CMakeFiles/stonefish_ros2__rosidl_generator_py.dir/rosidl_generator_py/stonefish_ros2/msg/_thruster_state_s.c.o[0m
[32.114s] [ 86%] [32mBuilding C object CMakeFiles/stonefish_ros2__rosidl_generator_py.dir/rosidl_generator_py/stonefish_ros2/srv/_sonar_settings_s.c.o[0m
[32.141s] [ 86%] [32mBuilding C object CMakeFiles/stonefish_ros2__rosidl_generator_py.dir/rosidl_generator_py/stonefish_ros2/msg/_ned_pose_s.c.o[0m
[32.155s] [ 87%] [32mBuilding C object CMakeFiles/stonefish_ros2__rosidl_generator_py.dir/rosidl_generator_py/stonefish_ros2/msg/_ins_s.c.o[0m
[32.188s] [ 89%] [32mBuilding C object CMakeFiles/stonefish_ros2__rosidl_generator_py.dir/rosidl_generator_py/stonefish_ros2/msg/_debug_physics_s.c.o[0m
[32.204s] [ 89%] [32mBuilding C object CMakeFiles/stonefish_ros2__rosidl_generator_py.dir/rosidl_generator_py/stonefish_ros2/msg/_dvl_s.c.o[0m
[32.305s] [ 90%] [32mBuilding C object CMakeFiles/stonefish_ros2__rosidl_generator_py.dir/rosidl_generator_py/stonefish_ros2/srv/_respawn_s.c.o[0m
[32.401s] [ 91%] [32mBuilding C object CMakeFiles/stonefish_ros2__rosidl_generator_py.dir/rosidl_generator_py/stonefish_ros2/srv/_sonar_settings2_s.c.o[0m
[32.958s] [ 92%] [32m[1mLinking C shared library rosidl_generator_py/stonefish_ros2/libstonefish_ros2__rosidl_generator_py.so[0m
[33.113s] [ 92%] Built target stonefish_ros2__rosidl_generator_py
[33.204s] [ 93%] [32mBuilding C object CMakeFiles/stonefish_ros2__rosidl_typesupport_fastrtps_c__pyext.dir/rosidl_generator_py/stonefish_ros2/_stonefish_ros2_s.ep.rosidl_typesupport_fastrtps_c.c.o[0m
[33.222s] [ 94%] [32mBuilding C object CMakeFiles/stonefish_ros2__rosidl_typesupport_introspection_c__pyext.dir/rosidl_generator_py/stonefish_ros2/_stonefish_ros2_s.ep.rosidl_typesupport_introspection_c.c.o[0m
[33.248s] [ 94%] [32mBuilding C object CMakeFiles/stonefish_ros2__rosidl_typesupport_c__pyext.dir/rosidl_generator_py/stonefish_ros2/_stonefish_ros2_s.ep.rosidl_typesupport_c.c.o[0m
[33.408s] [ 94%] [32m[1mLinking C shared library rosidl_generator_py/stonefish_ros2/stonefish_ros2_s__rosidl_typesupport_introspection_c.cpython-310-x86_64-linux-gnu.so[0m
[33.415s] [ 94%] [32m[1mLinking C shared library rosidl_generator_py/stonefish_ros2/stonefish_ros2_s__rosidl_typesupport_fastrtps_c.cpython-310-x86_64-linux-gnu.so[0m
[33.481s] [ 94%] Built target stonefish_ros2__rosidl_typesupport_fastrtps_c__pyext
[33.547s] [ 94%] Built target stonefish_ros2__rosidl_typesupport_introspection_c__pyext
[33.715s] [ 95%] [32m[1mLinking C shared library rosidl_generator_py/stonefish_ros2/stonefish_ros2_s__rosidl_typesupport_c.cpython-310-x86_64-linux-gnu.so[0m
[33.814s] [ 95%] Built target stonefish_ros2__rosidl_typesupport_c__pyext
[59.892s] [ 96%] [32m[1mLinking CXX shared library libstonefish_ros2_interface.so[0m
[64.580s] [ 96%] Built target stonefish_ros2_interface
[64.612s] [ 97%] [32mBuilding CXX object CMakeFiles/stonefish_simulator.dir/src/stonefish_simulator.cpp.o[0m
[64.614s] [ 98%] [32mBuilding CXX object CMakeFiles/stonefish_simulator_nogpu.dir/src/stonefish_simulator_nogpu.cpp.o[0m
[70.551s] [ 99%] [32m[1mLinking CXX executable stonefish_simulator[0m
[71.022s] [100%] [32m[1mLinking CXX executable stonefish_simulator_nogpu[0m
[73.153s] [100%] Built target stonefish_simulator
[73.616s] [100%] Built target stonefish_simulator_nogpu
[73.640s] Invoked command in '/home/adel/ros2_ws/build/stonefish_ros2' returned '0': CMAKE_PREFIX_PATH=${CMAKE_PREFIX_PATH}:/opt/ros/humble /usr/bin/cmake --build /home/adel/ros2_ws/build/stonefish_ros2 -- -j12 -l12
[73.643s] Invoking command in '/home/adel/ros2_ws/build/stonefish_ros2': CMAKE_PREFIX_PATH=${CMAKE_PREFIX_PATH}:/opt/ros/humble /usr/bin/cmake --install /home/adel/ros2_ws/build/stonefish_ros2
[73.655s] -- Install configuration: ""
[73.656s] -- Execute custom install script
[73.656s] -- Symlinking: /home/adel/ros2_ws/install/stonefish_ros2/share/ament_index/resource_index/rosidl_interfaces/stonefish_ros2
[73.678s] -- Symlinking: /home/adel/ros2_ws/install/stonefish_ros2/include/stonefish_ros2/stonefish_ros2/msg/beacon_info.h
[73.692s] -- Symlinking: /home/adel/ros2_ws/install/stonefish_ros2/include/stonefish_ros2/stonefish_ros2/msg/debug_physics.h
[73.703s] -- Symlinking: /home/adel/ros2_ws/install/stonefish_ros2/include/stonefish_ros2/stonefish_ros2/msg/detail/beacon_info__functions.h
[73.721s] -- Symlinking: /home/adel/ros2_ws/install/stonefish_ros2/include/stonefish_ros2/stonefish_ros2/msg/detail/beacon_info__struct.h
[73.734s] -- Symlinking: /home/adel/ros2_ws/install/stonefish_ros2/include/stonefish_ros2/stonefish_ros2/msg/detail/beacon_info__type_support.h
[73.744s] -- Symlinking: /home/adel/ros2_ws/install/stonefish_ros2/include/stonefish_ros2/stonefish_ros2/msg/detail/debug_physics__functions.h
[73.772s] -- Symlinking: /home/adel/ros2_ws/install/stonefish_ros2/include/stonefish_ros2/stonefish_ros2/msg/detail/debug_physics__struct.h
[73.781s] -- Symlinking: /home/adel/ros2_ws/install/stonefish_ros2/include/stonefish_ros2/stonefish_ros2/msg/detail/debug_physics__type_support.h
[73.801s] -- Symlinking: /home/adel/ros2_ws/install/stonefish_ros2/include/stonefish_ros2/stonefish_ros2/msg/detail/dvl__functions.h
[73.840s] -- Symlinking: /home/adel/ros2_ws/install/stonefish_ros2/include/stonefish_ros2/stonefish_ros2/msg/detail/dvl__struct.h
[73.860s] -- Symlinking: /home/adel/ros2_ws/install/stonefish_ros2/include/stonefish_ros2/stonefish_ros2/msg/detail/dvl__type_support.h
[73.883s] -- Symlinking: /home/adel/ros2_ws/install/stonefish_ros2/include/stonefish_ros2/stonefish_ros2/msg/detail/dvl_beam__functions.h
[73.896s] -- Symlinking: /home/adel/ros2_ws/install/stonefish_ros2/include/stonefish_ros2/stonefish_ros2/msg/detail/dvl_beam__struct.h
[73.907s] -- Symlinking: /home/adel/ros2_ws/install/stonefish_ros2/include/stonefish_ros2/stonefish_ros2/msg/detail/dvl_beam__type_support.h
[73.919s] -- Symlinking: /home/adel/ros2_ws/install/stonefish_ros2/include/stonefish_ros2/stonefish_ros2/msg/detail/ins__functions.h
[73.940s] -- Symlinking: /home/adel/ros2_ws/install/stonefish_ros2/include/stonefish_ros2/stonefish_ros2/msg/detail/ins__struct.h
[73.955s] -- Symlinking: /home/adel/ros2_ws/install/stonefish_ros2/include/stonefish_ros2/stonefish_ros2/msg/detail/ins__type_support.h
[73.966s] -- Symlinking: /home/adel/ros2_ws/install/stonefish_ros2/include/stonefish_ros2/stonefish_ros2/msg/detail/int32_stamped__functions.h
[73.989s] -- Symlinking: /home/adel/ros2_ws/install/stonefish_ros2/include/stonefish_ros2/stonefish_ros2/msg/detail/int32_stamped__struct.h
[74.000s] -- Symlinking: /home/adel/ros2_ws/install/stonefish_ros2/include/stonefish_ros2/stonefish_ros2/msg/detail/int32_stamped__type_support.h
[74.020s] -- Symlinking: /home/adel/ros2_ws/install/stonefish_ros2/include/stonefish_ros2/stonefish_ros2/msg/detail/ned_pose__functions.h
[74.030s] -- Symlinking: /home/adel/ros2_ws/install/stonefish_ros2/include/stonefish_ros2/stonefish_ros2/msg/detail/ned_pose__struct.h
[74.041s] -- Symlinking: /home/adel/ros2_ws/install/stonefish_ros2/include/stonefish_ros2/stonefish_ros2/msg/detail/ned_pose__type_support.h
[74.067s] -- Symlinking: /home/adel/ros2_ws/install/stonefish_ros2/include/stonefish_ros2/stonefish_ros2/msg/detail/thruster_state__functions.h
[74.095s] -- Symlinking: /home/adel/ros2_ws/install/stonefish_ros2/include/stonefish_ros2/stonefish_ros2/msg/detail/thruster_state__struct.h
[74.105s] -- Symlinking: /home/adel/ros2_ws/install/stonefish_ros2/include/stonefish_ros2/stonefish_ros2/msg/detail/thruster_state__type_support.h
[74.123s] -- Symlinking: /home/adel/ros2_ws/install/stonefish_ros2/include/stonefish_ros2/stonefish_ros2/msg/dvl.h
[74.134s] -- Symlinking: /home/adel/ros2_ws/install/stonefish_ros2/include/stonefish_ros2/stonefish_ros2/msg/dvl_beam.h
[74.144s] -- Symlinking: /home/adel/ros2_ws/install/stonefish_ros2/include/stonefish_ros2/stonefish_ros2/msg/ins.h
[74.155s] -- Symlinking: /home/adel/ros2_ws/install/stonefish_ros2/include/stonefish_ros2/stonefish_ros2/msg/int32_stamped.h
[74.167s] -- Symlinking: /home/adel/ros2_ws/install/stonefish_ros2/include/stonefish_ros2/stonefish_ros2/msg/ned_pose.h
[74.179s] -- Symlinking: /home/adel/ros2_ws/install/stonefish_ros2/include/stonefish_ros2/stonefish_ros2/msg/rosidl_generator_c__visibility_control.h
[74.196s] -- Symlinking: /home/adel/ros2_ws/install/stonefish_ros2/include/stonefish_ros2/stonefish_ros2/msg/thruster_state.h
[74.208s] -- Symlinking: /home/adel/ros2_ws/install/stonefish_ros2/include/stonefish_ros2/stonefish_ros2/srv/detail/respawn__functions.h
[74.219s] -- Symlinking: /home/adel/ros2_ws/install/stonefish_ros2/include/stonefish_ros2/stonefish_ros2/srv/detail/respawn__struct.h
[74.231s] -- Symlinking: /home/adel/ros2_ws/install/stonefish_ros2/include/stonefish_ros2/stonefish_ros2/srv/detail/respawn__type_support.h
[74.242s] -- Symlinking: /home/adel/ros2_ws/install/stonefish_ros2/include/stonefish_ros2/stonefish_ros2/srv/detail/sonar_settings2__functions.h
[74.253s] -- Symlinking: /home/adel/ros2_ws/install/stonefish_ros2/include/stonefish_ros2/stonefish_ros2/srv/detail/sonar_settings2__struct.h
[74.266s] -- Symlinking: /home/adel/ros2_ws/install/stonefish_ros2/include/stonefish_ros2/stonefish_ros2/srv/detail/sonar_settings2__type_support.h
[74.296s] -- Symlinking: /home/adel/ros2_ws/install/stonefish_ros2/include/stonefish_ros2/stonefish_ros2/srv/detail/sonar_settings__functions.h
[74.310s] -- Symlinking: /home/adel/ros2_ws/install/stonefish_ros2/include/stonefish_ros2/stonefish_ros2/srv/detail/sonar_settings__struct.h
[74.321s] -- Symlinking: /home/adel/ros2_ws/install/stonefish_ros2/include/stonefish_ros2/stonefish_ros2/srv/detail/sonar_settings__type_support.h
[74.333s] -- Symlinking: /home/adel/ros2_ws/install/stonefish_ros2/include/stonefish_ros2/stonefish_ros2/srv/respawn.h
[74.345s] -- Symlinking: /home/adel/ros2_ws/install/stonefish_ros2/include/stonefish_ros2/stonefish_ros2/srv/sonar_settings.h
[74.355s] -- Symlinking: /home/adel/ros2_ws/install/stonefish_ros2/include/stonefish_ros2/stonefish_ros2/srv/sonar_settings2.h
[74.384s] -- Symlinking: /home/adel/ros2_ws/install/stonefish_ros2/share/stonefish_ros2/environment/library_path.sh
[74.397s] -- Symlinking: /home/adel/ros2_ws/install/stonefish_ros2/share/stonefish_ros2/environment/library_path.dsv
[74.410s] -- Symlinking: /home/adel/ros2_ws/install/stonefish_ros2/include/stonefish_ros2/stonefish_ros2/msg/detail/beacon_info__rosidl_typesupport_fastrtps_c.h
[74.421s] -- Symlinking: /home/adel/ros2_ws/install/stonefish_ros2/include/stonefish_ros2/stonefish_ros2/msg/detail/debug_physics__rosidl_typesupport_fastrtps_c.h
[74.432s] -- Symlinking: /home/adel/ros2_ws/install/stonefish_ros2/include/stonefish_ros2/stonefish_ros2/msg/detail/dvl__rosidl_typesupport_fastrtps_c.h
[74.443s] -- Symlinking: /home/adel/ros2_ws/install/stonefish_ros2/include/stonefish_ros2/stonefish_ros2/msg/detail/dvl_beam__rosidl_typesupport_fastrtps_c.h
[74.457s] -- Symlinking: /home/adel/ros2_ws/install/stonefish_ros2/include/stonefish_ros2/stonefish_ros2/msg/detail/ins__rosidl_typesupport_fastrtps_c.h
[74.467s] -- Symlinking: /home/adel/ros2_ws/install/stonefish_ros2/include/stonefish_ros2/stonefish_ros2/msg/detail/int32_stamped__rosidl_typesupport_fastrtps_c.h
[74.479s] -- Symlinking: /home/adel/ros2_ws/install/stonefish_ros2/include/stonefish_ros2/stonefish_ros2/msg/detail/ned_pose__rosidl_typesupport_fastrtps_c.h
[74.489s] -- Symlinking: /home/adel/ros2_ws/install/stonefish_ros2/include/stonefish_ros2/stonefish_ros2/msg/detail/thruster_state__rosidl_typesupport_fastrtps_c.h
[74.500s] -- Symlinking: /home/adel/ros2_ws/install/stonefish_ros2/include/stonefish_ros2/stonefish_ros2/msg/rosidl_typesupport_fastrtps_c__visibility_control.h
[74.511s] -- Symlinking: /home/adel/ros2_ws/install/stonefish_ros2/include/stonefish_ros2/stonefish_ros2/srv/detail/respawn__rosidl_typesupport_fastrtps_c.h
[74.524s] -- Symlinking: /home/adel/ros2_ws/install/stonefish_ros2/include/stonefish_ros2/stonefish_ros2/srv/detail/sonar_settings2__rosidl_typesupport_fastrtps_c.h
[74.535s] -- Symlinking: /home/adel/ros2_ws/install/stonefish_ros2/include/stonefish_ros2/stonefish_ros2/srv/detail/sonar_settings__rosidl_typesupport_fastrtps_c.h
[74.548s] -- Symlinking: /home/adel/ros2_ws/install/stonefish_ros2/include/stonefish_ros2/stonefish_ros2/msg/beacon_info.hpp
[74.559s] -- Symlinking: /home/adel/ros2_ws/install/stonefish_ros2/include/stonefish_ros2/stonefish_ros2/msg/debug_physics.hpp
[74.571s] -- Symlinking: /home/adel/ros2_ws/install/stonefish_ros2/include/stonefish_ros2/stonefish_ros2/msg/detail/beacon_info__builder.hpp
[74.583s] -- Symlinking: /home/adel/ros2_ws/install/stonefish_ros2/include/stonefish_ros2/stonefish_ros2/msg/detail/beacon_info__struct.hpp
[74.595s] -- Symlinking: /home/adel/ros2_ws/install/stonefish_ros2/include/stonefish_ros2/stonefish_ros2/msg/detail/beacon_info__traits.hpp
[74.607s] -- Symlinking: /home/adel/ros2_ws/install/stonefish_ros2/include/stonefish_ros2/stonefish_ros2/msg/detail/beacon_info__type_support.hpp
[74.619s] -- Symlinking: /home/adel/ros2_ws/install/stonefish_ros2/include/stonefish_ros2/stonefish_ros2/msg/detail/debug_physics__builder.hpp
[74.629s] -- Symlinking: /home/adel/ros2_ws/install/stonefish_ros2/include/stonefish_ros2/stonefish_ros2/msg/detail/debug_physics__struct.hpp
[74.654s] -- Symlinking: /home/adel/ros2_ws/install/stonefish_ros2/include/stonefish_ros2/stonefish_ros2/msg/detail/debug_physics__traits.hpp
[74.668s] -- Symlinking: /home/adel/ros2_ws/install/stonefish_ros2/include/stonefish_ros2/stonefish_ros2/msg/detail/debug_physics__type_support.hpp
[74.680s] -- Symlinking: /home/adel/ros2_ws/install/stonefish_ros2/include/stonefish_ros2/stonefish_ros2/msg/detail/dvl__builder.hpp
[74.698s] -- Symlinking: /home/adel/ros2_ws/install/stonefish_ros2/include/stonefish_ros2/stonefish_ros2/msg/detail/dvl__struct.hpp
[74.711s] -- Symlinking: /home/adel/ros2_ws/install/stonefish_ros2/include/stonefish_ros2/stonefish_ros2/msg/detail/dvl__traits.hpp
[74.724s] -- Symlinking: /home/adel/ros2_ws/install/stonefish_ros2/include/stonefish_ros2/stonefish_ros2/msg/detail/dvl__type_support.hpp
[74.736s] -- Symlinking: /home/adel/ros2_ws/install/stonefish_ros2/include/stonefish_ros2/stonefish_ros2/msg/detail/dvl_beam__builder.hpp
[74.747s] -- Symlinking: /home/adel/ros2_ws/install/stonefish_ros2/include/stonefish_ros2/stonefish_ros2/msg/detail/dvl_beam__struct.hpp
[74.757s] -- Symlinking: /home/adel/ros2_ws/install/stonefish_ros2/include/stonefish_ros2/stonefish_ros2/msg/detail/dvl_beam__traits.hpp
[74.769s] -- Symlinking: /home/adel/ros2_ws/install/stonefish_ros2/include/stonefish_ros2/stonefish_ros2/msg/detail/dvl_beam__type_support.hpp
[74.792s] -- Symlinking: /home/adel/ros2_ws/install/stonefish_ros2/include/stonefish_ros2/stonefish_ros2/msg/detail/ins__builder.hpp
[74.803s] -- Symlinking: /home/adel/ros2_ws/install/stonefish_ros2/include/stonefish_ros2/stonefish_ros2/msg/detail/ins__struct.hpp
[74.814s] -- Symlinking: /home/adel/ros2_ws/install/stonefish_ros2/include/stonefish_ros2/stonefish_ros2/msg/detail/ins__traits.hpp
[74.838s] -- Symlinking: /home/adel/ros2_ws/install/stonefish_ros2/include/stonefish_ros2/stonefish_ros2/msg/detail/ins__type_support.hpp
[74.854s] -- Symlinking: /home/adel/ros2_ws/install/stonefish_ros2/include/stonefish_ros2/stonefish_ros2/msg/detail/int32_stamped__builder.hpp
[74.866s] -- Symlinking: /home/adel/ros2_ws/install/stonefish_ros2/include/stonefish_ros2/stonefish_ros2/msg/detail/int32_stamped__struct.hpp
[74.877s] -- Symlinking: /home/adel/ros2_ws/install/stonefish_ros2/include/stonefish_ros2/stonefish_ros2/msg/detail/int32_stamped__traits.hpp
[74.889s] -- Symlinking: /home/adel/ros2_ws/install/stonefish_ros2/include/stonefish_ros2/stonefish_ros2/msg/detail/int32_stamped__type_support.hpp
[74.900s] -- Symlinking: /home/adel/ros2_ws/install/stonefish_ros2/include/stonefish_ros2/stonefish_ros2/msg/detail/ned_pose__builder.hpp
[74.911s] -- Symlinking: /home/adel/ros2_ws/install/stonefish_ros2/include/stonefish_ros2/stonefish_ros2/msg/detail/ned_pose__struct.hpp
[74.923s] -- Symlinking: /home/adel/ros2_ws/install/stonefish_ros2/include/stonefish_ros2/stonefish_ros2/msg/detail/ned_pose__traits.hpp
[74.934s] -- Symlinking: /home/adel/ros2_ws/install/stonefish_ros2/include/stonefish_ros2/stonefish_ros2/msg/detail/ned_pose__type_support.hpp
[74.946s] -- Symlinking: /home/adel/ros2_ws/install/stonefish_ros2/include/stonefish_ros2/stonefish_ros2/msg/detail/thruster_state__builder.hpp
[74.958s] -- Symlinking: /home/adel/ros2_ws/install/stonefish_ros2/include/stonefish_ros2/stonefish_ros2/msg/detail/thruster_state__struct.hpp
[74.970s] -- Symlinking: /home/adel/ros2_ws/install/stonefish_ros2/include/stonefish_ros2/stonefish_ros2/msg/detail/thruster_state__traits.hpp
[74.988s] -- Symlinking: /home/adel/ros2_ws/install/stonefish_ros2/include/stonefish_ros2/stonefish_ros2/msg/detail/thruster_state__type_support.hpp
[75.000s] -- Symlinking: /home/adel/ros2_ws/install/stonefish_ros2/include/stonefish_ros2/stonefish_ros2/msg/dvl.hpp
[75.011s] -- Symlinking: /home/adel/ros2_ws/install/stonefish_ros2/include/stonefish_ros2/stonefish_ros2/msg/dvl_beam.hpp
[75.022s] -- Symlinking: /home/adel/ros2_ws/install/stonefish_ros2/include/stonefish_ros2/stonefish_ros2/msg/ins.hpp
[75.034s] -- Symlinking: /home/adel/ros2_ws/install/stonefish_ros2/include/stonefish_ros2/stonefish_ros2/msg/int32_stamped.hpp
[75.044s] -- Symlinking: /home/adel/ros2_ws/install/stonefish_ros2/include/stonefish_ros2/stonefish_ros2/msg/ned_pose.hpp
[75.058s] -- Symlinking: /home/adel/ros2_ws/install/stonefish_ros2/include/stonefish_ros2/stonefish_ros2/msg/rosidl_generator_cpp__visibility_control.hpp
[75.070s] -- Symlinking: /home/adel/ros2_ws/install/stonefish_ros2/include/stonefish_ros2/stonefish_ros2/msg/thruster_state.hpp
[75.083s] -- Symlinking: /home/adel/ros2_ws/install/stonefish_ros2/include/stonefish_ros2/stonefish_ros2/srv/detail/respawn__builder.hpp
[75.093s] -- Symlinking: /home/adel/ros2_ws/install/stonefish_ros2/include/stonefish_ros2/stonefish_ros2/srv/detail/respawn__struct.hpp
[75.105s] -- Symlinking: /home/adel/ros2_ws/install/stonefish_ros2/include/stonefish_ros2/stonefish_ros2/srv/detail/respawn__traits.hpp
[75.114s] -- Symlinking: /home/adel/ros2_ws/install/stonefish_ros2/include/stonefish_ros2/stonefish_ros2/srv/detail/respawn__type_support.hpp
[75.141s] -- Symlinking: /home/adel/ros2_ws/install/stonefish_ros2/include/stonefish_ros2/stonefish_ros2/srv/detail/sonar_settings2__builder.hpp
[75.155s] -- Symlinking: /home/adel/ros2_ws/install/stonefish_ros2/include/stonefish_ros2/stonefish_ros2/srv/detail/sonar_settings2__struct.hpp
[75.168s] -- Symlinking: /home/adel/ros2_ws/install/stonefish_ros2/include/stonefish_ros2/stonefish_ros2/srv/detail/sonar_settings2__traits.hpp
[75.179s] -- Symlinking: /home/adel/ros2_ws/install/stonefish_ros2/include/stonefish_ros2/stonefish_ros2/srv/detail/sonar_settings2__type_support.hpp
[75.191s] -- Symlinking: /home/adel/ros2_ws/install/stonefish_ros2/include/stonefish_ros2/stonefish_ros2/srv/detail/sonar_settings__builder.hpp
[75.203s] -- Symlinking: /home/adel/ros2_ws/install/stonefish_ros2/include/stonefish_ros2/stonefish_ros2/srv/detail/sonar_settings__struct.hpp
[75.215s] -- Symlinking: /home/adel/ros2_ws/install/stonefish_ros2/include/stonefish_ros2/stonefish_ros2/srv/detail/sonar_settings__traits.hpp
[75.227s] -- Symlinking: /home/adel/ros2_ws/install/stonefish_ros2/include/stonefish_ros2/stonefish_ros2/srv/detail/sonar_settings__type_support.hpp
[75.239s] -- Symlinking: /home/adel/ros2_ws/install/stonefish_ros2/include/stonefish_ros2/stonefish_ros2/srv/respawn.hpp
[75.251s] -- Symlinking: /home/adel/ros2_ws/install/stonefish_ros2/include/stonefish_ros2/stonefish_ros2/srv/sonar_settings.hpp
[75.275s] -- Symlinking: /home/adel/ros2_ws/install/stonefish_ros2/include/stonefish_ros2/stonefish_ros2/srv/sonar_settings2.hpp
[75.290s] -- Symlinking: /home/adel/ros2_ws/install/stonefish_ros2/include/stonefish_ros2/stonefish_ros2/msg/detail/beacon_info__rosidl_typesupport_fastrtps_cpp.hpp
[75.302s] -- Symlinking: /home/adel/ros2_ws/install/stonefish_ros2/include/stonefish_ros2/stonefish_ros2/msg/detail/debug_physics__rosidl_typesupport_fastrtps_cpp.hpp
[75.314s] -- Symlinking: /home/adel/ros2_ws/install/stonefish_ros2/include/stonefish_ros2/stonefish_ros2/msg/detail/dvl__rosidl_typesupport_fastrtps_cpp.hpp
[75.325s] -- Symlinking: /home/adel/ros2_ws/install/stonefish_ros2/include/stonefish_ros2/stonefish_ros2/msg/detail/dvl_beam__rosidl_typesupport_fastrtps_cpp.hpp
[75.336s] -- Symlinking: /home/adel/ros2_ws/install/stonefish_ros2/include/stonefish_ros2/stonefish_ros2/msg/detail/ins__rosidl_typesupport_fastrtps_cpp.hpp
[75.347s] -- Symlinking: /home/adel/ros2_ws/install/stonefish_ros2/include/stonefish_ros2/stonefish_ros2/msg/detail/int32_stamped__rosidl_typesupport_fastrtps_cpp.hpp
[75.359s] -- Symlinking: /home/adel/ros2_ws/install/stonefish_ros2/include/stonefish_ros2/stonefish_ros2/msg/detail/ned_pose__rosidl_typesupport_fastrtps_cpp.hpp
[75.385s] -- Symlinking: /home/adel/ros2_ws/install/stonefish_ros2/include/stonefish_ros2/stonefish_ros2/msg/detail/thruster_state__rosidl_typesupport_fastrtps_cpp.hpp
[75.400s] -- Symlinking: /home/adel/ros2_ws/install/stonefish_ros2/include/stonefish_ros2/stonefish_ros2/msg/rosidl_typesupport_fastrtps_cpp__visibility_control.h
[75.415s] -- Symlinking: /home/adel/ros2_ws/install/stonefish_ros2/include/stonefish_ros2/stonefish_ros2/srv/detail/respawn__rosidl_typesupport_fastrtps_cpp.hpp
[75.426s] -- Symlinking: /home/adel/ros2_ws/install/stonefish_ros2/include/stonefish_ros2/stonefish_ros2/srv/detail/sonar_settings2__rosidl_typesupport_fastrtps_cpp.hpp
[75.437s] -- Symlinking: /home/adel/ros2_ws/install/stonefish_ros2/include/stonefish_ros2/stonefish_ros2/srv/detail/sonar_settings__rosidl_typesupport_fastrtps_cpp.hpp
[75.450s] -- Symlinking: /home/adel/ros2_ws/install/stonefish_ros2/include/stonefish_ros2/stonefish_ros2/msg/detail/beacon_info__rosidl_typesupport_introspection_c.h
[75.462s] -- Symlinking: /home/adel/ros2_ws/install/stonefish_ros2/include/stonefish_ros2/stonefish_ros2/msg/detail/debug_physics__rosidl_typesupport_introspection_c.h
[75.475s] -- Symlinking: /home/adel/ros2_ws/install/stonefish_ros2/include/stonefish_ros2/stonefish_ros2/msg/detail/dvl__rosidl_typesupport_introspection_c.h
[75.488s] -- Symlinking: /home/adel/ros2_ws/install/stonefish_ros2/include/stonefish_ros2/stonefish_ros2/msg/detail/dvl_beam__rosidl_typesupport_introspection_c.h
[75.500s] -- Symlinking: /home/adel/ros2_ws/install/stonefish_ros2/include/stonefish_ros2/stonefish_ros2/msg/detail/ins__rosidl_typesupport_introspection_c.h
[75.512s] -- Symlinking: /home/adel/ros2_ws/install/stonefish_ros2/include/stonefish_ros2/stonefish_ros2/msg/detail/int32_stamped__rosidl_typesupport_introspection_c.h
[75.523s] -- Symlinking: /home/adel/ros2_ws/install/stonefish_ros2/include/stonefish_ros2/stonefish_ros2/msg/detail/ned_pose__rosidl_typesupport_introspection_c.h
[75.533s] -- Symlinking: /home/adel/ros2_ws/install/stonefish_ros2/include/stonefish_ros2/stonefish_ros2/msg/detail/thruster_state__rosidl_typesupport_introspection_c.h
[75.549s] -- Symlinking: /home/adel/ros2_ws/install/stonefish_ros2/include/stonefish_ros2/stonefish_ros2/msg/rosidl_typesupport_introspection_c__visibility_control.h
[75.561s] -- Symlinking: /home/adel/ros2_ws/install/stonefish_ros2/include/stonefish_ros2/stonefish_ros2/srv/detail/respawn__rosidl_typesupport_introspection_c.h
[75.573s] -- Symlinking: /home/adel/ros2_ws/install/stonefish_ros2/include/stonefish_ros2/stonefish_ros2/srv/detail/sonar_settings2__rosidl_typesupport_introspection_c.h
[75.586s] -- Symlinking: /home/adel/ros2_ws/install/stonefish_ros2/include/stonefish_ros2/stonefish_ros2/srv/detail/sonar_settings__rosidl_typesupport_introspection_c.h
[75.598s] -- Symlinking: /home/adel/ros2_ws/install/stonefish_ros2/include/stonefish_ros2/stonefish_ros2/msg/detail/beacon_info__rosidl_typesupport_introspection_cpp.hpp
[75.609s] -- Symlinking: /home/adel/ros2_ws/install/stonefish_ros2/include/stonefish_ros2/stonefish_ros2/msg/detail/debug_physics__rosidl_typesupport_introspection_cpp.hpp
[75.621s] -- Symlinking: /home/adel/ros2_ws/install/stonefish_ros2/include/stonefish_ros2/stonefish_ros2/msg/detail/dvl__rosidl_typesupport_introspection_cpp.hpp
[75.634s] -- Symlinking: /home/adel/ros2_ws/install/stonefish_ros2/include/stonefish_ros2/stonefish_ros2/msg/detail/dvl_beam__rosidl_typesupport_introspection_cpp.hpp
[75.644s] -- Symlinking: /home/adel/ros2_ws/install/stonefish_ros2/include/stonefish_ros2/stonefish_ros2/msg/detail/ins__rosidl_typesupport_introspection_cpp.hpp
[75.654s] -- Symlinking: /home/adel/ros2_ws/install/stonefish_ros2/include/stonefish_ros2/stonefish_ros2/msg/detail/int32_stamped__rosidl_typesupport_introspection_cpp.hpp
[75.683s] -- Symlinking: /home/adel/ros2_ws/install/stonefish_ros2/include/stonefish_ros2/stonefish_ros2/msg/detail/ned_pose__rosidl_typesupport_introspection_cpp.hpp
[75.693s] -- Symlinking: /home/adel/ros2_ws/install/stonefish_ros2/include/stonefish_ros2/stonefish_ros2/msg/detail/thruster_state__rosidl_typesupport_introspection_cpp.hpp
[75.703s] -- Symlinking: /home/adel/ros2_ws/install/stonefish_ros2/include/stonefish_ros2/stonefish_ros2/srv/detail/respawn__rosidl_typesupport_introspection_cpp.hpp
[75.715s] -- Symlinking: /home/adel/ros2_ws/install/stonefish_ros2/include/stonefish_ros2/stonefish_ros2/srv/detail/sonar_settings2__rosidl_typesupport_introspection_cpp.hpp
[75.726s] -- Symlinking: /home/adel/ros2_ws/install/stonefish_ros2/include/stonefish_ros2/stonefish_ros2/srv/detail/sonar_settings__rosidl_typesupport_introspection_cpp.hpp
[75.736s] -- Symlinking: /home/adel/ros2_ws/install/stonefish_ros2/share/stonefish_ros2/environment/pythonpath.sh
[75.746s] -- Symlinking: /home/adel/ros2_ws/install/stonefish_ros2/share/stonefish_ros2/environment/pythonpath.dsv
[75.757s] -- Symlinking: /home/adel/ros2_ws/install/stonefish_ros2/local/lib/python3.10/dist-packages/stonefish_ros2-1.3.0-py3.10.egg-info/PKG-INFO
[75.769s] -- Symlinking: /home/adel/ros2_ws/install/stonefish_ros2/local/lib/python3.10/dist-packages/stonefish_ros2-1.3.0-py3.10.egg-info/SOURCES.txt
[75.781s] -- Symlinking: /home/adel/ros2_ws/install/stonefish_ros2/local/lib/python3.10/dist-packages/stonefish_ros2-1.3.0-py3.10.egg-info/dependency_links.txt
[75.795s] -- Symlinking: /home/adel/ros2_ws/install/stonefish_ros2/local/lib/python3.10/dist-packages/stonefish_ros2-1.3.0-py3.10.egg-info/top_level.txt
[75.809s] -- Symlinking: /home/adel/ros2_ws/install/stonefish_ros2/local/lib/python3.10/dist-packages/stonefish_ros2/__init__.py
[75.821s] -- Symlinking: /home/adel/ros2_ws/install/stonefish_ros2/local/lib/python3.10/dist-packages/stonefish_ros2/_stonefish_ros2_s.ep.rosidl_typesupport_c.c
[75.830s] -- Symlinking: /home/adel/ros2_ws/install/stonefish_ros2/local/lib/python3.10/dist-packages/stonefish_ros2/_stonefish_ros2_s.ep.rosidl_typesupport_fastrtps_c.c
[75.844s] -- Symlinking: /home/adel/ros2_ws/install/stonefish_ros2/local/lib/python3.10/dist-packages/stonefish_ros2/_stonefish_ros2_s.ep.rosidl_typesupport_introspection_c.c
[75.855s] -- Symlinking: /home/adel/ros2_ws/install/stonefish_ros2/local/lib/python3.10/dist-packages/stonefish_ros2/libstonefish_ros2__rosidl_generator_py.so
[75.865s] -- Symlinking: /home/adel/ros2_ws/install/stonefish_ros2/local/lib/python3.10/dist-packages/stonefish_ros2/msg/__init__.py
[75.877s] -- Symlinking: /home/adel/ros2_ws/install/stonefish_ros2/local/lib/python3.10/dist-packages/stonefish_ros2/msg/_beacon_info.py
[75.892s] -- Symlinking: /home/adel/ros2_ws/install/stonefish_ros2/local/lib/python3.10/dist-packages/stonefish_ros2/msg/_beacon_info_s.c
[75.902s] -- Symlinking: /home/adel/ros2_ws/install/stonefish_ros2/local/lib/python3.10/dist-packages/stonefish_ros2/msg/_debug_physics.py
[75.915s] -- Symlinking: /home/adel/ros2_ws/install/stonefish_ros2/local/lib/python3.10/dist-packages/stonefish_ros2/msg/_debug_physics_s.c
[75.943s] -- Symlinking: /home/adel/ros2_ws/install/stonefish_ros2/local/lib/python3.10/dist-packages/stonefish_ros2/msg/_dvl.py
[75.971s] -- Symlinking: /home/adel/ros2_ws/install/stonefish_ros2/local/lib/python3.10/dist-packages/stonefish_ros2/msg/_dvl_beam.py
[75.986s] -- Symlinking: /home/adel/ros2_ws/install/stonefish_ros2/local/lib/python3.10/dist-packages/stonefish_ros2/msg/_dvl_beam_s.c
[75.998s] -- Symlinking: /home/adel/ros2_ws/install/stonefish_ros2/local/lib/python3.10/dist-packages/stonefish_ros2/msg/_dvl_s.c
[76.008s] -- Symlinking: /home/adel/ros2_ws/install/stonefish_ros2/local/lib/python3.10/dist-packages/stonefish_ros2/msg/_ins.py
[76.033s] -- Symlinking: /home/adel/ros2_ws/install/stonefish_ros2/local/lib/python3.10/dist-packages/stonefish_ros2/msg/_ins_s.c
[76.048s] -- Symlinking: /home/adel/ros2_ws/install/stonefish_ros2/local/lib/python3.10/dist-packages/stonefish_ros2/msg/_int32_stamped.py
[76.060s] -- Symlinking: /home/adel/ros2_ws/install/stonefish_ros2/local/lib/python3.10/dist-packages/stonefish_ros2/msg/_int32_stamped_s.c
[76.072s] -- Symlinking: /home/adel/ros2_ws/install/stonefish_ros2/local/lib/python3.10/dist-packages/stonefish_ros2/msg/_ned_pose.py
[76.084s] -- Symlinking: /home/adel/ros2_ws/install/stonefish_ros2/local/lib/python3.10/dist-packages/stonefish_ros2/msg/_ned_pose_s.c
[76.096s] -- Symlinking: /home/adel/ros2_ws/install/stonefish_ros2/local/lib/python3.10/dist-packages/stonefish_ros2/msg/_thruster_state.py
[76.108s] -- Symlinking: /home/adel/ros2_ws/install/stonefish_ros2/local/lib/python3.10/dist-packages/stonefish_ros2/msg/_thruster_state_s.c
[76.119s] -- Symlinking: /home/adel/ros2_ws/install/stonefish_ros2/local/lib/python3.10/dist-packages/stonefish_ros2/srv/__init__.py
[76.131s] -- Symlinking: /home/adel/ros2_ws/install/stonefish_ros2/local/lib/python3.10/dist-packages/stonefish_ros2/srv/_respawn.py
[76.143s] -- Symlinking: /home/adel/ros2_ws/install/stonefish_ros2/local/lib/python3.10/dist-packages/stonefish_ros2/srv/_respawn_s.c
[76.153s] -- Symlinking: /home/adel/ros2_ws/install/stonefish_ros2/local/lib/python3.10/dist-packages/stonefish_ros2/srv/_sonar_settings.py
[76.165s] -- Symlinking: /home/adel/ros2_ws/install/stonefish_ros2/local/lib/python3.10/dist-packages/stonefish_ros2/srv/_sonar_settings2.py
[76.176s] -- Symlinking: /home/adel/ros2_ws/install/stonefish_ros2/local/lib/python3.10/dist-packages/stonefish_ros2/srv/_sonar_settings2_s.c
[76.202s] -- Symlinking: /home/adel/ros2_ws/install/stonefish_ros2/local/lib/python3.10/dist-packages/stonefish_ros2/srv/_sonar_settings_s.c
[76.212s] -- Symlinking: /home/adel/ros2_ws/install/stonefish_ros2/local/lib/python3.10/dist-packages/stonefish_ros2/stonefish_ros2_s__rosidl_typesupport_c.cpython-310-x86_64-linux-gnu.so
[76.226s] -- Symlinking: /home/adel/ros2_ws/install/stonefish_ros2/local/lib/python3.10/dist-packages/stonefish_ros2/stonefish_ros2_s__rosidl_typesupport_fastrtps_c.cpython-310-x86_64-linux-gnu.so
[76.237s] -- Symlinking: /home/adel/ros2_ws/install/stonefish_ros2/local/lib/python3.10/dist-packages/stonefish_ros2/stonefish_ros2_s__rosidl_typesupport_introspection_c.cpython-310-x86_64-linux-gnu.so
[76.249s] -- Up-to-date symlink: /home/adel/ros2_ws/install/stonefish_ros2/local/lib/python3.10/dist-packages/stonefish_ros2/stonefish_ros2_s__rosidl_typesupport_fastrtps_c.cpython-310-x86_64-linux-gnu.so
[76.249s] -- Up-to-date symlink: /home/adel/ros2_ws/install/stonefish_ros2/local/lib/python3.10/dist-packages/stonefish_ros2/stonefish_ros2_s__rosidl_typesupport_introspection_c.cpython-310-x86_64-linux-gnu.so
[76.249s] -- Up-to-date symlink: /home/adel/ros2_ws/install/stonefish_ros2/local/lib/python3.10/dist-packages/stonefish_ros2/stonefish_ros2_s__rosidl_typesupport_c.cpython-310-x86_64-linux-gnu.so
[76.249s] -- Symlinking: /home/adel/ros2_ws/install/stonefish_ros2/share/stonefish_ros2/msg/Int32Stamped.idl
[76.261s] -- Symlinking: /home/adel/ros2_ws/install/stonefish_ros2/share/stonefish_ros2/msg/BeaconInfo.idl
[76.273s] -- Symlinking: /home/adel/ros2_ws/install/stonefish_ros2/share/stonefish_ros2/msg/NEDPose.idl
[76.284s] -- Symlinking: /home/adel/ros2_ws/install/stonefish_ros2/share/stonefish_ros2/msg/INS.idl
[76.296s] -- Symlinking: /home/adel/ros2_ws/install/stonefish_ros2/share/stonefish_ros2/msg/DVLBeam.idl
[76.307s] -- Symlinking: /home/adel/ros2_ws/install/stonefish_ros2/share/stonefish_ros2/msg/DVL.idl
[76.317s] -- Symlinking: /home/adel/ros2_ws/install/stonefish_ros2/share/stonefish_ros2/msg/ThrusterState.idl
[76.340s] -- Symlinking: /home/adel/ros2_ws/install/stonefish_ros2/share/stonefish_ros2/msg/DebugPhysics.idl
[76.354s] -- Symlinking: /home/adel/ros2_ws/install/stonefish_ros2/share/stonefish_ros2/srv/SonarSettings.idl
[76.366s] -- Symlinking: /home/adel/ros2_ws/install/stonefish_ros2/share/stonefish_ros2/srv/SonarSettings2.idl
[76.378s] -- Symlinking: /home/adel/ros2_ws/install/stonefish_ros2/share/stonefish_ros2/srv/Respawn.idl
[76.391s] -- Symlinking: /home/adel/ros2_ws/install/stonefish_ros2/share/stonefish_ros2/msg/Int32Stamped.msg
[76.402s] -- Symlinking: /home/adel/ros2_ws/install/stonefish_ros2/share/stonefish_ros2/msg/BeaconInfo.msg
[76.426s] -- Symlinking: /home/adel/ros2_ws/install/stonefish_ros2/share/stonefish_ros2/msg/NEDPose.msg
[76.438s] -- Symlinking: /home/adel/ros2_ws/install/stonefish_ros2/share/stonefish_ros2/msg/INS.msg
[76.447s] -- Symlinking: /home/adel/ros2_ws/install/stonefish_ros2/share/stonefish_ros2/msg/DVLBeam.msg
[76.457s] -- Symlinking: /home/adel/ros2_ws/install/stonefish_ros2/share/stonefish_ros2/msg/DVL.msg
[76.475s] -- Symlinking: /home/adel/ros2_ws/install/stonefish_ros2/share/stonefish_ros2/msg/ThrusterState.msg
[76.486s] -- Symlinking: /home/adel/ros2_ws/install/stonefish_ros2/share/stonefish_ros2/msg/DebugPhysics.msg
[76.501s] -- Symlinking: /home/adel/ros2_ws/install/stonefish_ros2/share/stonefish_ros2/srv/SonarSettings.srv
[76.513s] -- Symlinking: /home/adel/ros2_ws/install/stonefish_ros2/share/stonefish_ros2/srv/SonarSettings_Request.msg
[76.525s] -- Symlinking: /home/adel/ros2_ws/install/stonefish_ros2/share/stonefish_ros2/srv/SonarSettings_Response.msg
[76.537s] -- Symlinking: /home/adel/ros2_ws/install/stonefish_ros2/share/stonefish_ros2/srv/SonarSettings2.srv
[76.546s] -- Symlinking: /home/adel/ros2_ws/install/stonefish_ros2/share/stonefish_ros2/srv/SonarSettings2_Request.msg
[76.566s] -- Symlinking: /home/adel/ros2_ws/install/stonefish_ros2/share/stonefish_ros2/srv/SonarSettings2_Response.msg
[76.580s] -- Symlinking: /home/adel/ros2_ws/install/stonefish_ros2/share/stonefish_ros2/srv/Respawn.srv
[76.592s] -- Symlinking: /home/adel/ros2_ws/install/stonefish_ros2/share/stonefish_ros2/srv/Respawn_Request.msg
[76.604s] -- Symlinking: /home/adel/ros2_ws/install/stonefish_ros2/share/stonefish_ros2/srv/Respawn_Response.msg
[76.616s] -- Symlinking: /home/adel/ros2_ws/install/stonefish_ros2/include/include/stonefish_ros2/ROS2ConsoleSimulationApp.h
[76.628s] -- Symlinking: /home/adel/ros2_ws/install/stonefish_ros2/include/include/stonefish_ros2/ROS2GraphicalSimulationApp.h
[76.646s] -- Symlinking: /home/adel/ros2_ws/install/stonefish_ros2/include/include/stonefish_ros2/ROS2Interface.h
[76.659s] -- Symlinking: /home/adel/ros2_ws/install/stonefish_ros2/include/include/stonefish_ros2/ROS2ScenarioParser.h
[76.670s] -- Symlinking: /home/adel/ros2_ws/install/stonefish_ros2/include/include/stonefish_ros2/ROS2SimulationManager.h
[76.683s] -- Symlinking: /home/adel/ros2_ws/install/stonefish_ros2/lib/stonefish_ros2/stonefish_simulator
[76.695s] -- Symlinking: /home/adel/ros2_ws/install/stonefish_ros2/lib/stonefish_ros2/stonefish_simulator_nogpu
[76.706s] -- Symlinking: /home/adel/ros2_ws/install/stonefish_ros2/share/stonefish_ros2/launch/stonefish_simulator.launch.py
[76.718s] -- Symlinking: /home/adel/ros2_ws/install/stonefish_ros2/share/stonefish_ros2/launch/stonefish_simulator_nogpu.launch.py
[76.730s] -- Symlinking: /home/adel/ros2_ws/install/stonefish_ros2/share/ament_index/resource_index/package_run_dependencies/stonefish_ros2
[76.747s] -- Symlinking: /home/adel/ros2_ws/install/stonefish_ros2/share/ament_index/resource_index/parent_prefix_path/stonefish_ros2
[76.760s] -- Symlinking: /home/adel/ros2_ws/install/stonefish_ros2/share/stonefish_ros2/environment/ament_prefix_path.sh
[76.772s] -- Symlinking: /home/adel/ros2_ws/install/stonefish_ros2/share/stonefish_ros2/environment/ament_prefix_path.dsv
[76.787s] -- Symlinking: /home/adel/ros2_ws/install/stonefish_ros2/share/stonefish_ros2/environment/path.sh
[76.799s] -- Symlinking: /home/adel/ros2_ws/install/stonefish_ros2/share/stonefish_ros2/environment/path.dsv
[76.811s] -- Symlinking: /home/adel/ros2_ws/install/stonefish_ros2/share/stonefish_ros2/local_setup.bash
[76.822s] -- Symlinking: /home/adel/ros2_ws/install/stonefish_ros2/share/stonefish_ros2/local_setup.sh
[76.834s] -- Symlinking: /home/adel/ros2_ws/install/stonefish_ros2/share/stonefish_ros2/local_setup.zsh
[76.850s] -- Symlinking: /home/adel/ros2_ws/install/stonefish_ros2/share/stonefish_ros2/local_setup.dsv
[76.863s] -- Symlinking: /home/adel/ros2_ws/install/stonefish_ros2/share/stonefish_ros2/package.dsv
[76.875s] -- Symlinking: /home/adel/ros2_ws/install/stonefish_ros2/share/ament_index/resource_index/packages/stonefish_ros2
[76.887s] -- Symlinking: /home/adel/ros2_ws/install/stonefish_ros2/share/stonefish_ros2/cmake/rosidl_cmake-extras.cmake
[76.897s] -- Symlinking: /home/adel/ros2_ws/install/stonefish_ros2/share/stonefish_ros2/cmake/ament_cmake_export_dependencies-extras.cmake
[76.909s] -- Symlinking: /home/adel/ros2_ws/install/stonefish_ros2/share/stonefish_ros2/cmake/ament_cmake_export_include_directories-extras.cmake
[76.936s] -- Symlinking: /home/adel/ros2_ws/install/stonefish_ros2/share/stonefish_ros2/cmake/ament_cmake_export_libraries-extras.cmake
[76.950s] -- Symlinking: /home/adel/ros2_ws/install/stonefish_ros2/share/stonefish_ros2/cmake/ament_cmake_export_targets-extras.cmake
[76.963s] -- Symlinking: /home/adel/ros2_ws/install/stonefish_ros2/share/stonefish_ros2/cmake/rosidl_cmake_export_typesupport_targets-extras.cmake
[76.975s] -- Symlinking: /home/adel/ros2_ws/install/stonefish_ros2/share/stonefish_ros2/cmake/rosidl_cmake_export_typesupport_libraries-extras.cmake
[76.987s] -- Symlinking: /home/adel/ros2_ws/install/stonefish_ros2/share/stonefish_ros2/cmake/stonefish_ros2Config.cmake
[76.997s] -- Symlinking: /home/adel/ros2_ws/install/stonefish_ros2/share/stonefish_ros2/cmake/stonefish_ros2Config-version.cmake
[77.016s] -- Symlinking: /home/adel/ros2_ws/install/stonefish_ros2/share/stonefish_ros2/package.xml
[77.036s] -- Installing: /home/adel/ros2_ws/install/stonefish_ros2/lib/libstonefish_ros2__rosidl_generator_c.so
[77.036s] -- Set runtime path of "/home/adel/ros2_ws/install/stonefish_ros2/lib/libstonefish_ros2__rosidl_generator_c.so" to ""
[77.036s] -- Installing: /home/adel/ros2_ws/install/stonefish_ros2/lib/libstonefish_ros2__rosidl_typesupport_fastrtps_c.so
[77.036s] -- Set runtime path of "/home/adel/ros2_ws/install/stonefish_ros2/lib/libstonefish_ros2__rosidl_typesupport_fastrtps_c.so" to ""
[77.037s] -- Installing: /home/adel/ros2_ws/install/stonefish_ros2/lib/libstonefish_ros2__rosidl_typesupport_fastrtps_cpp.so
[77.037s] -- Set runtime path of "/home/adel/ros2_ws/install/stonefish_ros2/lib/libstonefish_ros2__rosidl_typesupport_fastrtps_cpp.so" to ""
[77.037s] -- Installing: /home/adel/ros2_ws/install/stonefish_ros2/lib/libstonefish_ros2__rosidl_typesupport_introspection_c.so
[77.037s] -- Set runtime path of "/home/adel/ros2_ws/install/stonefish_ros2/lib/libstonefish_ros2__rosidl_typesupport_introspection_c.so" to ""
[77.037s] -- Installing: /home/adel/ros2_ws/install/stonefish_ros2/lib/libstonefish_ros2__rosidl_typesupport_c.so
[77.038s] -- Set runtime path of "/home/adel/ros2_ws/install/stonefish_ros2/lib/libstonefish_ros2__rosidl_typesupport_c.so" to ""
[77.038s] -- Installing: /home/adel/ros2_ws/install/stonefish_ros2/lib/libstonefish_ros2__rosidl_typesupport_introspection_cpp.so
[77.038s] -- Set runtime path of "/home/adel/ros2_ws/install/stonefish_ros2/lib/libstonefish_ros2__rosidl_typesupport_introspection_cpp.so" to ""
[77.038s] -- Installing: /home/adel/ros2_ws/install/stonefish_ros2/lib/libstonefish_ros2__rosidl_typesupport_cpp.so
[77.038s] -- Set runtime path of "/home/adel/ros2_ws/install/stonefish_ros2/lib/libstonefish_ros2__rosidl_typesupport_cpp.so" to ""
[77.104s] Listing '/home/adel/ros2_ws/install/stonefish_ros2/local/lib/python3.10/dist-packages/stonefish_ros2'...
[77.105s] Compiling '/home/adel/ros2_ws/install/stonefish_ros2/local/lib/python3.10/dist-packages/stonefish_ros2/__init__.py'...
[77.106s] Listing '/home/adel/ros2_ws/install/stonefish_ros2/local/lib/python3.10/dist-packages/stonefish_ros2/msg'...
[77.106s] Compiling '/home/adel/ros2_ws/install/stonefish_ros2/local/lib/python3.10/dist-packages/stonefish_ros2/msg/__init__.py'...
[77.107s] Compiling '/home/adel/ros2_ws/install/stonefish_ros2/local/lib/python3.10/dist-packages/stonefish_ros2/msg/_beacon_info.py'...
[77.107s] Compiling '/home/adel/ros2_ws/install/stonefish_ros2/local/lib/python3.10/dist-packages/stonefish_ros2/msg/_debug_physics.py'...
[77.107s] Compiling '/home/adel/ros2_ws/install/stonefish_ros2/local/lib/python3.10/dist-packages/stonefish_ros2/msg/_dvl.py'...
[77.107s] Compiling '/home/adel/ros2_ws/install/stonefish_ros2/local/lib/python3.10/dist-packages/stonefish_ros2/msg/_dvl_beam.py'...
[77.108s] Compiling '/home/adel/ros2_ws/install/stonefish_ros2/local/lib/python3.10/dist-packages/stonefish_ros2/msg/_ins.py'...
[77.108s] Compiling '/home/adel/ros2_ws/install/stonefish_ros2/local/lib/python3.10/dist-packages/stonefish_ros2/msg/_int32_stamped.py'...
[77.108s] Compiling '/home/adel/ros2_ws/install/stonefish_ros2/local/lib/python3.10/dist-packages/stonefish_ros2/msg/_ned_pose.py'...
[77.108s] Compiling '/home/adel/ros2_ws/install/stonefish_ros2/local/lib/python3.10/dist-packages/stonefish_ros2/msg/_thruster_state.py'...
[77.108s] Listing '/home/adel/ros2_ws/install/stonefish_ros2/local/lib/python3.10/dist-packages/stonefish_ros2/srv'...
[77.108s] Compiling '/home/adel/ros2_ws/install/stonefish_ros2/local/lib/python3.10/dist-packages/stonefish_ros2/srv/__init__.py'...
[77.108s] Compiling '/home/adel/ros2_ws/install/stonefish_ros2/local/lib/python3.10/dist-packages/stonefish_ros2/srv/_respawn.py'...
[77.108s] Compiling '/home/adel/ros2_ws/install/stonefish_ros2/local/lib/python3.10/dist-packages/stonefish_ros2/srv/_sonar_settings.py'...
[77.108s] Compiling '/home/adel/ros2_ws/install/stonefish_ros2/local/lib/python3.10/dist-packages/stonefish_ros2/srv/_sonar_settings2.py'...
[77.110s] -- Installing: /home/adel/ros2_ws/install/stonefish_ros2/lib/libstonefish_ros2__rosidl_generator_py.so
[77.111s] -- Set runtime path of "/home/adel/ros2_ws/install/stonefish_ros2/lib/libstonefish_ros2__rosidl_generator_py.so" to ""
[77.112s] -- Installing: /home/adel/ros2_ws/install/stonefish_ros2/lib/libstonefish_ros2_interface.so
[77.139s] -- Set runtime path of "/home/adel/ros2_ws/install/stonefish_ros2/lib/libstonefish_ros2_interface.so" to ""
[77.140s] -- Installing: /home/adel/ros2_ws/install/stonefish_ros2/share/stonefish_ros2/cmake/export_stonefish_ros2__rosidl_generator_cExport.cmake
[77.140s] -- Installing: /home/adel/ros2_ws/install/stonefish_ros2/share/stonefish_ros2/cmake/export_stonefish_ros2__rosidl_generator_cExport-noconfig.cmake
[77.140s] -- Installing: /home/adel/ros2_ws/install/stonefish_ros2/share/stonefish_ros2/cmake/export_stonefish_ros2__rosidl_typesupport_fastrtps_cExport.cmake
[77.140s] -- Installing: /home/adel/ros2_ws/install/stonefish_ros2/share/stonefish_ros2/cmake/export_stonefish_ros2__rosidl_typesupport_fastrtps_cExport-noconfig.cmake
[77.140s] -- Installing: /home/adel/ros2_ws/install/stonefish_ros2/share/stonefish_ros2/cmake/export_stonefish_ros2__rosidl_generator_cppExport.cmake
[77.140s] -- Installing: /home/adel/ros2_ws/install/stonefish_ros2/share/stonefish_ros2/cmake/export_stonefish_ros2__rosidl_typesupport_fastrtps_cppExport.cmake
[77.141s] -- Installing: /home/adel/ros2_ws/install/stonefish_ros2/share/stonefish_ros2/cmake/export_stonefish_ros2__rosidl_typesupport_fastrtps_cppExport-noconfig.cmake
[77.141s] -- Installing: /home/adel/ros2_ws/install/stonefish_ros2/share/stonefish_ros2/cmake/stonefish_ros2__rosidl_typesupport_introspection_cExport.cmake
[77.141s] -- Installing: /home/adel/ros2_ws/install/stonefish_ros2/share/stonefish_ros2/cmake/stonefish_ros2__rosidl_typesupport_introspection_cExport-noconfig.cmake
[77.141s] -- Installing: /home/adel/ros2_ws/install/stonefish_ros2/share/stonefish_ros2/cmake/stonefish_ros2__rosidl_typesupport_cExport.cmake
[77.141s] -- Installing: /home/adel/ros2_ws/install/stonefish_ros2/share/stonefish_ros2/cmake/stonefish_ros2__rosidl_typesupport_cExport-noconfig.cmake
[77.141s] -- Installing: /home/adel/ros2_ws/install/stonefish_ros2/share/stonefish_ros2/cmake/stonefish_ros2__rosidl_typesupport_introspection_cppExport.cmake
[77.141s] -- Installing: /home/adel/ros2_ws/install/stonefish_ros2/share/stonefish_ros2/cmake/stonefish_ros2__rosidl_typesupport_introspection_cppExport-noconfig.cmake
[77.141s] -- Installing: /home/adel/ros2_ws/install/stonefish_ros2/share/stonefish_ros2/cmake/stonefish_ros2__rosidl_typesupport_cppExport.cmake
[77.141s] -- Installing: /home/adel/ros2_ws/install/stonefish_ros2/share/stonefish_ros2/cmake/stonefish_ros2__rosidl_typesupport_cppExport-noconfig.cmake
[77.141s] -- Installing: /home/adel/ros2_ws/install/stonefish_ros2/share/stonefish_ros2/cmake/export_stonefish_ros2__rosidl_generator_pyExport.cmake
[77.141s] -- Installing: /home/adel/ros2_ws/install/stonefish_ros2/share/stonefish_ros2/cmake/export_stonefish_ros2__rosidl_generator_pyExport-noconfig.cmake
[77.143s] Invoked command in '/home/adel/ros2_ws/build/stonefish_ros2' returned '0': CMAKE_PREFIX_PATH=${CMAKE_PREFIX_PATH}:/opt/ros/humble /usr/bin/cmake --install /home/adel/ros2_ws/build/stonefish_ros2
