[0.011s] Invoking command in '/home/adel/ros2_ws/build/cola2_lib_ros': AMENT_PREFIX_PATH=/home/adel/ros2_ws/install/cola2_lib:${AMENT_PREFIX_PATH} CMAKE_MODULE_PATH=${CMAKE_MODULE_PATH}/cmake:/home/adel/ros2_ws/install/cola2_lib/share/cola2_lib CMAKE_PREFIX_PATH=/home/adel/ros2_ws/install/cola2_msgs:/home/adel/ros2_ws/install/cola2_lib:/home/adel/ros2_ws/install/stonefish_ros2:/opt/ros/humble /usr/bin/cmake /home/adel/ros2_ws/src/cola2_lib_ros -DAMENT_CMAKE_SYMLINK_INSTALL=1 -DCMAKE_INSTALL_PREFIX=/home/adel/ros2_ws/install/cola2_lib_ros
[0.062s] -- The C compiler identification is GNU 11.4.0
[0.114s] -- The CXX compiler identification is GNU 11.4.0
[0.120s] -- Detecting C compiler ABI info
[0.188s] -- Detecting C compiler ABI info - done
[0.196s] -- Check for working C compiler: /usr/bin/cc - skipped
[0.196s] -- Detecting C compile features
[0.196s] -- Detecting C compile features - done
[0.199s] -- Detecting CXX compiler ABI info
[0.278s] -- Detecting CXX compiler ABI info - done
[0.285s] -- Check for working CXX compiler: /usr/bin/c++ - skipped
[0.285s] -- Detecting CXX compile features
[0.286s] -- Detecting CXX compile features - done
[0.288s] -- Found ament_cmake: 1.3.11 (/opt/ros/humble/share/ament_cmake/cmake)
[0.434s] -- Found Python3: /usr/bin/python3 (found version "3.10.12") found components: Interpreter 
[0.488s] -- Override CMake install command with custom implementation using symlinks instead of copying resources
[0.506s] -- Found rclcpp: 16.0.11 (/opt/ros/humble/share/rclcpp/cmake)
[0.536s] -- Found rosidl_generator_c: 3.1.6 (/opt/ros/humble/share/rosidl_generator_c/cmake)
[0.540s] -- Found rosidl_adapter: 3.1.6 (/opt/ros/humble/share/rosidl_adapter/cmake)
[0.546s] -- Found rosidl_generator_cpp: 3.1.6 (/opt/ros/humble/share/rosidl_generator_cpp/cmake)
[0.556s] -- Using all available rosidl_typesupport_c: rosidl_typesupport_fastrtps_c;rosidl_typesupport_introspection_c
[0.568s] -- Using all available rosidl_typesupport_cpp: rosidl_typesupport_fastrtps_cpp;rosidl_typesupport_introspection_cpp
[0.602s] -- Found rmw_implementation_cmake: 6.1.2 (/opt/ros/humble/share/rmw_implementation_cmake/cmake)
[0.603s] -- Found rmw_fastrtps_cpp: 6.2.7 (/opt/ros/humble/share/rmw_fastrtps_cpp/cmake)
[0.682s] -- Found OpenSSL: /usr/lib/x86_64-linux-gnu/libcrypto.so (found version "3.0.2")  
[0.703s] -- Found FastRTPS: /opt/ros/humble/include  
[0.735s] -- Using RMW implementation 'rmw_fastrtps_cpp' as default
[0.741s] -- Looking for pthread.h
[0.804s] -- Looking for pthread.h - found
[0.804s] -- Performing Test CMAKE_HAVE_LIBC_PTHREAD
[0.872s] -- Performing Test CMAKE_HAVE_LIBC_PTHREAD - Success
[0.874s] -- Found Threads: TRUE  
[0.917s] -- Found tf2: 0.25.11 (/opt/ros/humble/share/tf2/cmake)
[0.936s] -- Found tf2_ros: 0.25.11 (/opt/ros/humble/share/tf2_ros/cmake)
[1.008s] -- Found sensor_msgs: 4.2.4 (/opt/ros/humble/share/sensor_msgs/cmake)
[1.022s] -- Found diagnostic_msgs: 4.2.4 (/opt/ros/humble/share/diagnostic_msgs/cmake)
[1.032s] -- Found nav_msgs: 4.2.4 (/opt/ros/humble/share/nav_msgs/cmake)
[1.046s] -- Found cola2_msgs: 24.1.0 (/home/adel/ros2_ws/install/cola2_msgs/share/cola2_msgs/cmake)
[1.085s] -- Found OpenCV: /usr (found version "4.5.4") 
[1.086s] -- COLA2_LIB found version 24.1.1
[1.086s] -- COLA2_LIB include directories: /home/adel/ros2_ws/install/cola2_lib/share/cola2_lib/../../include/cola2_lib;/usr/include;/usr/include/eigen3
[1.086s] -- COLA2_LIB libraries: cola2_io;cola2_utils;cola2_mission;cola2_comms;cola2_wmmc;cola2_wmm
[1.086s] -- Including COLA2_LIB include directories
[1.099s] -- Found Boost: /usr/lib/x86_64-linux-gnu/cmake/Boost-1.74.0/BoostConfig.cmake (found version "1.74.0") found components: thread date_time filesystem 
[1.106s] -- Found TinyXML: /usr/lib/x86_64-linux-gnu/libtinyxml.so  
[1.106s] -- Found cola2_lib: 1.0.0 (/home/adel/ros2_ws/install/cola2_lib/share/cola2_lib/cmake)
[1.171s] -- Configuring done
[1.186s] -- Generating done
[1.191s] -- Build files have been written to: /home/adel/ros2_ws/build/cola2_lib_ros
[1.200s] Invoked command in '/home/adel/ros2_ws/build/cola2_lib_ros' returned '0': AMENT_PREFIX_PATH=/home/adel/ros2_ws/install/cola2_lib:${AMENT_PREFIX_PATH} CMAKE_MODULE_PATH=${CMAKE_MODULE_PATH}/cmake:/home/adel/ros2_ws/install/cola2_lib/share/cola2_lib CMAKE_PREFIX_PATH=/home/adel/ros2_ws/install/cola2_msgs:/home/adel/ros2_ws/install/cola2_lib:/home/adel/ros2_ws/install/stonefish_ros2:/opt/ros/humble /usr/bin/cmake /home/adel/ros2_ws/src/cola2_lib_ros -DAMENT_CMAKE_SYMLINK_INSTALL=1 -DCMAKE_INSTALL_PREFIX=/home/adel/ros2_ws/install/cola2_lib_ros
[1.201s] Invoking command in '/home/adel/ros2_ws/build/cola2_lib_ros': AMENT_PREFIX_PATH=/home/adel/ros2_ws/install/cola2_lib:${AMENT_PREFIX_PATH} CMAKE_MODULE_PATH=${CMAKE_MODULE_PATH}/cmake:/home/adel/ros2_ws/install/cola2_lib/share/cola2_lib CMAKE_PREFIX_PATH=/home/adel/ros2_ws/install/cola2_msgs:/home/adel/ros2_ws/install/cola2_lib:/home/adel/ros2_ws/install/stonefish_ros2:/opt/ros/humble /usr/bin/cmake --build /home/adel/ros2_ws/build/cola2_lib_ros -- -j12 -l12
[1.249s] [ 37%] [32mBuilding CXX object CMakeFiles/cola2_ros.dir/src/cola2_lib_ros/navigation_helper.cpp.o[0m
[1.250s] [ 37%] [32mBuilding CXX object CMakeFiles/cola2_ros.dir/src/cola2_lib_ros/diagnostic_helper.cpp.o[0m
[1.250s] [ 37%] [32mBuilding CXX object CMakeFiles/cola2_ros.dir/src/cola2_lib_ros/setpoints_selector.cpp.o[0m
[1.251s] [ 50%] [32mBuilding CXX object CMakeFiles/cola2_ros.dir/src/cola2_lib_ros/this_node.cpp.o[0m
[1.252s] [ 62%] [32mBuilding CXX object CMakeFiles/cola2_ros.dir/src/cola2_lib_ros/captain_helper.cpp.o[0m
[1.254s] [ 75%] [32mBuilding CXX object CMakeFiles/cola2_ros.dir/src/cola2_lib_ros/transform_handler.cpp.o[0m
[1.255s] [ 87%] [32mBuilding CXX object CMakeFiles/cola2_ros.dir/src/cola2_lib_ros/types.cpp.o[0m
[11.627s] [100%] [32m[1mLinking CXX shared library libcola2_ros.so[0m
[12.291s] [100%] Built target cola2_ros
[12.303s] Invoked command in '/home/adel/ros2_ws/build/cola2_lib_ros' returned '0': AMENT_PREFIX_PATH=/home/adel/ros2_ws/install/cola2_lib:${AMENT_PREFIX_PATH} CMAKE_MODULE_PATH=${CMAKE_MODULE_PATH}/cmake:/home/adel/ros2_ws/install/cola2_lib/share/cola2_lib CMAKE_PREFIX_PATH=/home/adel/ros2_ws/install/cola2_msgs:/home/adel/ros2_ws/install/cola2_lib:/home/adel/ros2_ws/install/stonefish_ros2:/opt/ros/humble /usr/bin/cmake --build /home/adel/ros2_ws/build/cola2_lib_ros -- -j12 -l12
[12.305s] Invoking command in '/home/adel/ros2_ws/build/cola2_lib_ros': AMENT_PREFIX_PATH=/home/adel/ros2_ws/install/cola2_lib:${AMENT_PREFIX_PATH} CMAKE_MODULE_PATH=${CMAKE_MODULE_PATH}/cmake:/home/adel/ros2_ws/install/cola2_lib/share/cola2_lib CMAKE_PREFIX_PATH=/home/adel/ros2_ws/install/cola2_msgs:/home/adel/ros2_ws/install/cola2_lib:/home/adel/ros2_ws/install/stonefish_ros2:/opt/ros/humble /usr/bin/cmake --install /home/adel/ros2_ws/build/cola2_lib_ros
[12.311s] -- Install configuration: ""
[12.312s] -- Execute custom install script
[12.312s] -- Symlinking: /home/adel/ros2_ws/install/cola2_lib_ros/include/cola2_lib_ros/captain_helper.h
[12.323s] -- Symlinking: /home/adel/ros2_ws/install/cola2_lib_ros/include/cola2_lib_ros/diagnostic_helper.h
[12.333s] -- Symlinking: /home/adel/ros2_ws/install/cola2_lib_ros/include/cola2_lib_ros/navigation_helper.h
[12.340s] -- Symlinking: /home/adel/ros2_ws/install/cola2_lib_ros/include/cola2_lib_ros/param_loader.h
[12.349s] -- Symlinking: /home/adel/ros2_ws/install/cola2_lib_ros/include/cola2_lib_ros/serviceclient_helper.h
[12.358s] -- Symlinking: /home/adel/ros2_ws/install/cola2_lib_ros/include/cola2_lib_ros/setpoints_selector.h
[12.368s] -- Symlinking: /home/adel/ros2_ws/install/cola2_lib_ros/include/cola2_lib_ros/this_node.h
[12.376s] -- Symlinking: /home/adel/ros2_ws/install/cola2_lib_ros/include/cola2_lib_ros/transform_handler.h
[12.386s] -- Symlinking: /home/adel/ros2_ws/install/cola2_lib_ros/include/cola2_lib_ros/types.h
[12.398s] -- Symlinking: /home/adel/ros2_ws/install/cola2_lib_ros/lib/cola2_lib_ros/python/cola2_ros/__init__.py
[12.408s] -- Symlinking: /home/adel/ros2_ws/install/cola2_lib_ros/lib/cola2_lib_ros/python/cola2_ros/captain_helper.py
[12.418s] -- Symlinking: /home/adel/ros2_ws/install/cola2_lib_ros/lib/cola2_lib_ros/python/cola2_ros/diagnostic_helper.py
[12.426s] -- Symlinking: /home/adel/ros2_ws/install/cola2_lib_ros/lib/cola2_lib_ros/python/cola2_ros/navigation_helper.py
[12.435s] -- Symlinking: /home/adel/ros2_ws/install/cola2_lib_ros/lib/cola2_lib_ros/python/cola2_ros/param_loader.py
[12.443s] -- Symlinking: /home/adel/ros2_ws/install/cola2_lib_ros/lib/cola2_lib_ros/python/cola2_ros/service_helper.py
[12.451s] -- Symlinking: /home/adel/ros2_ws/install/cola2_lib_ros/lib/cola2_lib_ros/python/cola2_ros/this_node.py
[12.461s] -- Symlinking: /home/adel/ros2_ws/install/cola2_lib_ros/lib/cola2_lib_ros/python/cola2_ros/transform_handler.py
[12.471s] -- Symlinking: /home/adel/ros2_ws/install/cola2_lib_ros/share/cola2_lib_ros/src/cola2_lib_ros/urdf_macros.xacro
[12.479s] -- Symlinking: /home/adel/ros2_ws/install/cola2_lib_ros/share/cola2_lib_ros/environment/library_path.sh
[12.491s] -- Symlinking: /home/adel/ros2_ws/install/cola2_lib_ros/share/cola2_lib_ros/environment/library_path.dsv
[12.499s] -- Symlinking: /home/adel/ros2_ws/install/cola2_lib_ros/share/ament_index/resource_index/package_run_dependencies/cola2_lib_ros
[12.509s] -- Symlinking: /home/adel/ros2_ws/install/cola2_lib_ros/share/ament_index/resource_index/parent_prefix_path/cola2_lib_ros
[12.520s] -- Symlinking: /home/adel/ros2_ws/install/cola2_lib_ros/share/cola2_lib_ros/environment/ament_prefix_path.sh
[12.531s] -- Symlinking: /home/adel/ros2_ws/install/cola2_lib_ros/share/cola2_lib_ros/environment/ament_prefix_path.dsv
[12.542s] -- Symlinking: /home/adel/ros2_ws/install/cola2_lib_ros/share/cola2_lib_ros/environment/path.sh
[12.554s] -- Symlinking: /home/adel/ros2_ws/install/cola2_lib_ros/share/cola2_lib_ros/environment/path.dsv
[12.562s] -- Symlinking: /home/adel/ros2_ws/install/cola2_lib_ros/share/cola2_lib_ros/local_setup.bash
[12.572s] -- Symlinking: /home/adel/ros2_ws/install/cola2_lib_ros/share/cola2_lib_ros/local_setup.sh
[12.582s] -- Symlinking: /home/adel/ros2_ws/install/cola2_lib_ros/share/cola2_lib_ros/local_setup.zsh
[12.593s] -- Symlinking: /home/adel/ros2_ws/install/cola2_lib_ros/share/cola2_lib_ros/local_setup.dsv
[12.603s] -- Symlinking: /home/adel/ros2_ws/install/cola2_lib_ros/share/cola2_lib_ros/package.dsv
[12.613s] -- Symlinking: /home/adel/ros2_ws/install/cola2_lib_ros/share/ament_index/resource_index/packages/cola2_lib_ros
[12.623s] -- Symlinking: /home/adel/ros2_ws/install/cola2_lib_ros/share/cola2_lib_ros/cmake/ament_cmake_export_dependencies-extras.cmake
[12.631s] -- Symlinking: /home/adel/ros2_ws/install/cola2_lib_ros/share/cola2_lib_ros/cmake/ament_cmake_export_include_directories-extras.cmake
[12.640s] -- Symlinking: /home/adel/ros2_ws/install/cola2_lib_ros/share/cola2_lib_ros/cmake/ament_cmake_export_libraries-extras.cmake
[12.651s] -- Symlinking: /home/adel/ros2_ws/install/cola2_lib_ros/share/cola2_lib_ros/cmake/cola2_lib_rosConfig.cmake
[12.662s] -- Symlinking: /home/adel/ros2_ws/install/cola2_lib_ros/share/cola2_lib_ros/cmake/cola2_lib_rosConfig-version.cmake
[12.671s] -- Symlinking: /home/adel/ros2_ws/install/cola2_lib_ros/share/cola2_lib_ros/package.xml
[12.680s] -- Installing: /home/adel/ros2_ws/install/cola2_lib_ros/lib/libcola2_ros.so
[12.685s] -- Set runtime path of "/home/adel/ros2_ws/install/cola2_lib_ros/lib/libcola2_ros.so" to ""
[12.687s] Invoked command in '/home/adel/ros2_ws/build/cola2_lib_ros' returned '0': AMENT_PREFIX_PATH=/home/adel/ros2_ws/install/cola2_lib:${AMENT_PREFIX_PATH} CMAKE_MODULE_PATH=${CMAKE_MODULE_PATH}/cmake:/home/adel/ros2_ws/install/cola2_lib/share/cola2_lib CMAKE_PREFIX_PATH=/home/adel/ros2_ws/install/cola2_msgs:/home/adel/ros2_ws/install/cola2_lib:/home/adel/ros2_ws/install/stonefish_ros2:/opt/ros/humble /usr/bin/cmake --install /home/adel/ros2_ws/build/cola2_lib_ros
